11-Nov-2018 21:53:39.124 INFO [main] org.apache.catalina.startup.VersionLoggerListener.log Server version:        Apache Tomcat/8.5.32
11-Nov-2018 21:53:39.126 INFO [main] org.apache.catalina.startup.VersionLoggerListener.log Server built:          Jun 20 2018 19:50:35 UTC
11-Nov-2018 21:53:39.127 INFO [main] org.apache.catalina.startup.VersionLoggerListener.log Server number:         8.5.32.0
11-Nov-2018 21:53:39.127 INFO [main] org.apache.catalina.startup.VersionLoggerListener.log OS Name:               Linux
11-Nov-2018 21:53:39.127 INFO [main] org.apache.catalina.startup.VersionLoggerListener.log OS Version:            4.15.0-36-generic
11-Nov-2018 21:53:39.127 INFO [main] org.apache.catalina.startup.VersionLoggerListener.log Architecture:          amd64
11-Nov-2018 21:53:39.127 INFO [main] org.apache.catalina.startup.VersionLoggerListener.log Java Home:             /usr/lib/jvm/oracle-jdk/jre
11-Nov-2018 21:53:39.127 INFO [main] org.apache.catalina.startup.VersionLoggerListener.log JVM Version:           1.8.0_161-b12
11-Nov-2018 21:53:39.127 INFO [main] org.apache.catalina.startup.VersionLoggerListener.log JVM Vendor:            Oracle Corporation
11-Nov-2018 21:53:39.127 INFO [main] org.apache.catalina.startup.VersionLoggerListener.log CATALINA_BASE:         /opt/teamcity
11-Nov-2018 21:53:39.127 INFO [main] org.apache.catalina.startup.VersionLoggerListener.log CATALINA_HOME:         /opt/teamcity
11-Nov-2018 21:53:39.128 INFO [main] org.apache.catalina.startup.VersionLoggerListener.log Command line argument: -Djava.util.logging.config.file=/opt/teamcity/conf/logging.properties
11-Nov-2018 21:53:39.128 INFO [main] org.apache.catalina.startup.VersionLoggerListener.log Command line argument: -Djava.util.logging.manager=org.apache.juli.ClassLoaderLogManager
11-Nov-2018 21:53:39.128 INFO [main] org.apache.catalina.startup.VersionLoggerListener.log Command line argument: -Djdk.tls.ephemeralDHKeySize=2048
11-Nov-2018 21:53:39.128 INFO [main] org.apache.catalina.startup.VersionLoggerListener.log Command line argument: -Djava.protocol.handler.pkgs=org.apache.catalina.webresources
11-Nov-2018 21:53:39.128 INFO [main] org.apache.catalina.startup.VersionLoggerListener.log Command line argument: -Dorg.apache.catalina.security.SecurityListener.UMASK=0027
11-Nov-2018 21:53:39.128 INFO [main] org.apache.catalina.startup.VersionLoggerListener.log Command line argument: -Xmx512m
11-Nov-2018 21:53:39.128 INFO [main] org.apache.catalina.startup.VersionLoggerListener.log Command line argument: -Dteamcity.configuration.path=../conf/teamcity-startup.properties
11-Nov-2018 21:53:39.129 INFO [main] org.apache.catalina.startup.VersionLoggerListener.log Command line argument: -Dlog4j.configuration=file:/opt/teamcity/bin/../conf/teamcity-server-log4j.xml
11-Nov-2018 21:53:39.129 INFO [main] org.apache.catalina.startup.VersionLoggerListener.log Command line argument: -Dteamcity_logs=/opt/teamcity/bin/../logs
11-Nov-2018 21:53:39.129 INFO [main] org.apache.catalina.startup.VersionLoggerListener.log Command line argument: -Djava.awt.headless=true
11-Nov-2018 21:53:39.129 INFO [main] org.apache.catalina.startup.VersionLoggerListener.log Command line argument: -Dignore.endorsed.dirs=
11-Nov-2018 21:53:39.129 INFO [main] org.apache.catalina.startup.VersionLoggerListener.log Command line argument: -Dcatalina.base=/opt/teamcity
11-Nov-2018 21:53:39.129 INFO [main] org.apache.catalina.startup.VersionLoggerListener.log Command line argument: -Dcatalina.home=/opt/teamcity
11-Nov-2018 21:53:39.129 INFO [main] org.apache.catalina.startup.VersionLoggerListener.log Command line argument: -Djava.io.tmpdir=/opt/teamcity/temp
11-Nov-2018 21:53:39.129 INFO [main] org.apache.catalina.core.AprLifecycleListener.lifecycleEvent The APR based Apache Tomcat Native library which allows optimal performance in production environments was not found on the java.library.path: [/usr/java/packages/lib/amd64:/usr/lib64:/lib64:/lib:/usr/lib]
11-Nov-2018 21:53:39.253 INFO [main] org.apache.coyote.AbstractProtocol.init Initializing ProtocolHandler ["http-nio-8111"]
11-Nov-2018 21:53:39.264 INFO [main] org.apache.tomcat.util.net.NioSelectorPool.getSharedSelector Using a shared selector for servlet write/read
11-Nov-2018 21:53:39.272 INFO [main] org.apache.catalina.startup.Catalina.load Initialization processed in 504 ms
11-Nov-2018 21:53:39.294 INFO [main] org.apache.catalina.core.StandardService.startInternal Starting service [Catalina]
11-Nov-2018 21:53:39.295 INFO [main] org.apache.catalina.core.StandardEngine.startInternal Starting Servlet Engine: Apache Tomcat/8.5.32
11-Nov-2018 21:53:39.302 INFO [localhost-startStop-1] org.apache.catalina.startup.HostConfig.deployDirectory Deploying web application directory [/opt/teamcity/webapps/ROOT]
11-Nov-2018 21:53:42.757 INFO [localhost-startStop-1] org.apache.catalina.startup.HostConfig.deployDirectory Deployment of web application directory [/opt/teamcity/webapps/ROOT] has finished in [3,455] ms
11-Nov-2018 21:53:42.760 INFO [main] org.apache.coyote.AbstractProtocol.start Starting ProtocolHandler ["http-nio-8111"]
11-Nov-2018 21:53:42.781 INFO [main] org.apache.catalina.startup.Catalina.start Server startup in 3508 ms
11-Nov-2018 21:56:08.147 INFO [main] org.apache.catalina.core.StandardServer.await A valid shutdown command was received via the shutdown port. Stopping the Server instance.
11-Nov-2018 21:56:08.147 INFO [main] org.apache.coyote.AbstractProtocol.pause Pausing ProtocolHandler ["http-nio-8111"]
11-Nov-2018 21:56:08.199 INFO [main] org.apache.catalina.core.StandardService.stopInternal Stopping service [Catalina]
11-Nov-2018 21:56:08.215 WARNING [localhost-startStop-2] org.apache.catalina.loader.WebappClassLoaderBase.clearReferencesThreads The web application [ROOT] appears to have started a thread named [Change Observer 1] but has failed to stop it. This is very likely to create a memory leak. Stack trace of thread:
 sun.misc.Unsafe.park(Native Method)
 java.util.concurrent.locks.LockSupport.parkNanos(LockSupport.java:215)
 java.util.concurrent.locks.AbstractQueuedSynchronizer$ConditionObject.awaitNanos(AbstractQueuedSynchronizer.java:2078)
 java.util.concurrent.ScheduledThreadPoolExecutor$DelayedWorkQueue.take(ScheduledThreadPoolExecutor.java:1093)
 java.util.concurrent.ScheduledThreadPoolExecutor$DelayedWorkQueue.take(ScheduledThreadPoolExecutor.java:809)
 java.util.concurrent.ThreadPoolExecutor.getTask(ThreadPoolExecutor.java:1074)
 java.util.concurrent.ThreadPoolExecutor.runWorker(ThreadPoolExecutor.java:1134)
 java.util.concurrent.ThreadPoolExecutor$Worker.run(ThreadPoolExecutor.java:624)
 java.lang.Thread.run(Thread.java:748)
11-Nov-2018 21:56:08.216 SEVERE [localhost-startStop-2] org.apache.catalina.loader.WebappClassLoaderBase.checkThreadLocalMapForLeaks The web application [ROOT] created a ThreadLocal with key of type [jetbrains.buildServer.util.ThreadStat$1] (value [jetbrains.buildServer.util.ThreadStat$1@32d2d29f]) and a value of type [jetbrains.buildServer.util.ThreadStatNoOp] (value [jetbrains.buildServer.util.ThreadStatNoOp@72c44450]) but failed to remove it when the web application was stopped. Threads are going to be renewed over time to try and avoid a probable memory leak.
11-Nov-2018 21:56:08.216 SEVERE [localhost-startStop-2] org.apache.catalina.loader.WebappClassLoaderBase.checkThreadLocalMapForLeaks The web application [ROOT] created a ThreadLocal with key of type [java.lang.ThreadLocal] (value [java.lang.ThreadLocal@acc605]) and a value of type [jetbrains.buildServer.util.NamedThreadFactory$1] (value [jetbrains.buildServer.util.NamedThreadFactory$1@6bef39d7]) but failed to remove it when the web application was stopped. Threads are going to be renewed over time to try and avoid a probable memory leak.
11-Nov-2018 21:56:08.221 INFO [main] org.apache.coyote.AbstractProtocol.stop Stopping ProtocolHandler ["http-nio-8111"]
11-Nov-2018 21:56:08.223 INFO [main] org.apache.coyote.AbstractProtocol.destroy Destroying ProtocolHandler ["http-nio-8111"]
11-Nov-2018 21:56:13.026 INFO [main] org.apache.catalina.startup.VersionLoggerListener.log Server version:        Apache Tomcat/8.5.32
11-Nov-2018 21:56:13.028 INFO [main] org.apache.catalina.startup.VersionLoggerListener.log Server built:          Jun 20 2018 19:50:35 UTC
11-Nov-2018 21:56:13.028 INFO [main] org.apache.catalina.startup.VersionLoggerListener.log Server number:         8.5.32.0
11-Nov-2018 21:56:13.028 INFO [main] org.apache.catalina.startup.VersionLoggerListener.log OS Name:               Linux
11-Nov-2018 21:56:13.028 INFO [main] org.apache.catalina.startup.VersionLoggerListener.log OS Version:            4.15.0-36-generic
11-Nov-2018 21:56:13.028 INFO [main] org.apache.catalina.startup.VersionLoggerListener.log Architecture:          amd64
11-Nov-2018 21:56:13.028 INFO [main] org.apache.catalina.startup.VersionLoggerListener.log Java Home:             /usr/lib/jvm/oracle-jdk/jre
11-Nov-2018 21:56:13.028 INFO [main] org.apache.catalina.startup.VersionLoggerListener.log JVM Version:           1.8.0_161-b12
11-Nov-2018 21:56:13.028 INFO [main] org.apache.catalina.startup.VersionLoggerListener.log JVM Vendor:            Oracle Corporation
11-Nov-2018 21:56:13.029 INFO [main] org.apache.catalina.startup.VersionLoggerListener.log CATALINA_BASE:         /opt/teamcity
11-Nov-2018 21:56:13.029 INFO [main] org.apache.catalina.startup.VersionLoggerListener.log CATALINA_HOME:         /opt/teamcity
11-Nov-2018 21:56:13.029 INFO [main] org.apache.catalina.startup.VersionLoggerListener.log Command line argument: -Djava.util.logging.config.file=/opt/teamcity/conf/logging.properties
11-Nov-2018 21:56:13.029 INFO [main] org.apache.catalina.startup.VersionLoggerListener.log Command line argument: -Djava.util.logging.manager=org.apache.juli.ClassLoaderLogManager
11-Nov-2018 21:56:13.029 INFO [main] org.apache.catalina.startup.VersionLoggerListener.log Command line argument: -Djdk.tls.ephemeralDHKeySize=2048
11-Nov-2018 21:56:13.029 INFO [main] org.apache.catalina.startup.VersionLoggerListener.log Command line argument: -Djava.protocol.handler.pkgs=org.apache.catalina.webresources
11-Nov-2018 21:56:13.029 INFO [main] org.apache.catalina.startup.VersionLoggerListener.log Command line argument: -Dorg.apache.catalina.security.SecurityListener.UMASK=0027
11-Nov-2018 21:56:13.029 INFO [main] org.apache.catalina.startup.VersionLoggerListener.log Command line argument: -Xmx512m
11-Nov-2018 21:56:13.029 INFO [main] org.apache.catalina.startup.VersionLoggerListener.log Command line argument: -Dteamcity.configuration.path=../conf/teamcity-startup.properties
11-Nov-2018 21:56:13.030 INFO [main] org.apache.catalina.startup.VersionLoggerListener.log Command line argument: -Dlog4j.configuration=file:/opt/teamcity/bin/../conf/teamcity-server-log4j.xml
11-Nov-2018 21:56:13.030 INFO [main] org.apache.catalina.startup.VersionLoggerListener.log Command line argument: -Dteamcity_logs=/opt/teamcity/bin/../logs
11-Nov-2018 21:56:13.030 INFO [main] org.apache.catalina.startup.VersionLoggerListener.log Command line argument: -Djava.awt.headless=true
11-Nov-2018 21:56:13.030 INFO [main] org.apache.catalina.startup.VersionLoggerListener.log Command line argument: -Dignore.endorsed.dirs=
11-Nov-2018 21:56:13.030 INFO [main] org.apache.catalina.startup.VersionLoggerListener.log Command line argument: -Dcatalina.base=/opt/teamcity
11-Nov-2018 21:56:13.030 INFO [main] org.apache.catalina.startup.VersionLoggerListener.log Command line argument: -Dcatalina.home=/opt/teamcity
11-Nov-2018 21:56:13.030 INFO [main] org.apache.catalina.startup.VersionLoggerListener.log Command line argument: -Djava.io.tmpdir=/opt/teamcity/temp
11-Nov-2018 21:56:13.030 INFO [main] org.apache.catalina.core.AprLifecycleListener.lifecycleEvent The APR based Apache Tomcat Native library which allows optimal performance in production environments was not found on the java.library.path: [/usr/java/packages/lib/amd64:/usr/lib64:/lib64:/lib:/usr/lib]
11-Nov-2018 21:56:13.138 INFO [main] org.apache.coyote.AbstractProtocol.init Initializing ProtocolHandler ["http-nio-8111"]
11-Nov-2018 21:56:13.149 INFO [main] org.apache.tomcat.util.net.NioSelectorPool.getSharedSelector Using a shared selector for servlet write/read
11-Nov-2018 21:56:13.154 INFO [main] org.apache.catalina.startup.Catalina.load Initialization processed in 409 ms
11-Nov-2018 21:56:13.176 INFO [main] org.apache.catalina.core.StandardService.startInternal Starting service [Catalina]
11-Nov-2018 21:56:13.176 INFO [main] org.apache.catalina.core.StandardEngine.startInternal Starting Servlet Engine: Apache Tomcat/8.5.32
11-Nov-2018 21:56:13.182 INFO [localhost-startStop-1] org.apache.catalina.startup.HostConfig.deployDirectory Deploying web application directory [/opt/teamcity/webapps/ROOT]
11-Nov-2018 21:56:17.181 INFO [localhost-startStop-1] org.apache.catalina.startup.HostConfig.deployDirectory Deployment of web application directory [/opt/teamcity/webapps/ROOT] has finished in [3,999] ms
11-Nov-2018 21:56:17.184 INFO [main] org.apache.coyote.AbstractProtocol.start Starting ProtocolHandler ["http-nio-8111"]
11-Nov-2018 21:56:17.200 INFO [main] org.apache.catalina.startup.Catalina.start Server startup in 4046 ms
11-Nov-2018 21:57:02.627 INFO [main] org.apache.catalina.startup.VersionLoggerListener.log Server version:        Apache Tomcat/8.5.32
11-Nov-2018 21:57:02.628 INFO [main] org.apache.catalina.startup.VersionLoggerListener.log Server built:          Jun 20 2018 19:50:35 UTC
11-Nov-2018 21:57:02.628 INFO [main] org.apache.catalina.startup.VersionLoggerListener.log Server number:         8.5.32.0
11-Nov-2018 21:57:02.629 INFO [main] org.apache.catalina.startup.VersionLoggerListener.log OS Name:               Linux
11-Nov-2018 21:57:02.629 INFO [main] org.apache.catalina.startup.VersionLoggerListener.log OS Version:            4.15.0-36-generic
11-Nov-2018 21:57:02.629 INFO [main] org.apache.catalina.startup.VersionLoggerListener.log Architecture:          amd64
11-Nov-2018 21:57:02.629 INFO [main] org.apache.catalina.startup.VersionLoggerListener.log Java Home:             /usr/lib/jvm/oracle-jdk/jre
11-Nov-2018 21:57:02.629 INFO [main] org.apache.catalina.startup.VersionLoggerListener.log JVM Version:           1.8.0_161-b12
11-Nov-2018 21:57:02.629 INFO [main] org.apache.catalina.startup.VersionLoggerListener.log JVM Vendor:            Oracle Corporation
11-Nov-2018 21:57:02.629 INFO [main] org.apache.catalina.startup.VersionLoggerListener.log CATALINA_BASE:         /opt/teamcity
11-Nov-2018 21:57:02.629 INFO [main] org.apache.catalina.startup.VersionLoggerListener.log CATALINA_HOME:         /opt/teamcity
11-Nov-2018 21:57:02.629 INFO [main] org.apache.catalina.startup.VersionLoggerListener.log Command line argument: -Djava.util.logging.config.file=/opt/teamcity/conf/logging.properties
11-Nov-2018 21:57:02.629 INFO [main] org.apache.catalina.startup.VersionLoggerListener.log Command line argument: -Djava.util.logging.manager=org.apache.juli.ClassLoaderLogManager
11-Nov-2018 21:57:02.630 INFO [main] org.apache.catalina.startup.VersionLoggerListener.log Command line argument: -Djdk.tls.ephemeralDHKeySize=2048
11-Nov-2018 21:57:02.630 INFO [main] org.apache.catalina.startup.VersionLoggerListener.log Command line argument: -Djava.protocol.handler.pkgs=org.apache.catalina.webresources
11-Nov-2018 21:57:02.630 INFO [main] org.apache.catalina.startup.VersionLoggerListener.log Command line argument: -Dorg.apache.catalina.security.SecurityListener.UMASK=0027
11-Nov-2018 21:57:02.630 INFO [main] org.apache.catalina.startup.VersionLoggerListener.log Command line argument: -Xmx512m
11-Nov-2018 21:57:02.630 INFO [main] org.apache.catalina.startup.VersionLoggerListener.log Command line argument: -Dteamcity.configuration.path=../conf/teamcity-startup.properties
11-Nov-2018 21:57:02.630 INFO [main] org.apache.catalina.startup.VersionLoggerListener.log Command line argument: -Dlog4j.configuration=file:/opt/teamcity/bin/../conf/teamcity-server-log4j.xml
11-Nov-2018 21:57:02.630 INFO [main] org.apache.catalina.startup.VersionLoggerListener.log Command line argument: -Dteamcity_logs=/opt/teamcity/bin/../logs
11-Nov-2018 21:57:02.630 INFO [main] org.apache.catalina.startup.VersionLoggerListener.log Command line argument: -Djava.awt.headless=true
11-Nov-2018 21:57:02.630 INFO [main] org.apache.catalina.startup.VersionLoggerListener.log Command line argument: -Dignore.endorsed.dirs=
11-Nov-2018 21:57:02.630 INFO [main] org.apache.catalina.startup.VersionLoggerListener.log Command line argument: -Dcatalina.base=/opt/teamcity
11-Nov-2018 21:57:02.630 INFO [main] org.apache.catalina.startup.VersionLoggerListener.log Command line argument: -Dcatalina.home=/opt/teamcity
11-Nov-2018 21:57:02.631 INFO [main] org.apache.catalina.startup.VersionLoggerListener.log Command line argument: -Djava.io.tmpdir=/opt/teamcity/temp
11-Nov-2018 21:57:02.631 INFO [main] org.apache.catalina.core.AprLifecycleListener.lifecycleEvent The APR based Apache Tomcat Native library which allows optimal performance in production environments was not found on the java.library.path: [/usr/java/packages/lib/amd64:/usr/lib64:/lib64:/lib:/usr/lib]
11-Nov-2018 21:57:02.733 INFO [main] org.apache.coyote.AbstractProtocol.init Initializing ProtocolHandler ["http-nio-8111"]
11-Nov-2018 21:57:02.741 INFO [main] org.apache.tomcat.util.net.NioSelectorPool.getSharedSelector Using a shared selector for servlet write/read
11-Nov-2018 21:57:02.747 INFO [main] org.apache.catalina.startup.Catalina.load Initialization processed in 420 ms
11-Nov-2018 21:57:02.769 INFO [main] org.apache.catalina.core.StandardService.startInternal Starting service [Catalina]
11-Nov-2018 21:57:02.769 INFO [main] org.apache.catalina.core.StandardEngine.startInternal Starting Servlet Engine: Apache Tomcat/8.5.32
11-Nov-2018 21:57:02.775 INFO [localhost-startStop-1] org.apache.catalina.startup.HostConfig.deployDirectory Deploying web application directory [/opt/teamcity/webapps/ROOT]
11-Nov-2018 21:57:06.534 INFO [localhost-startStop-1] org.apache.catalina.startup.HostConfig.deployDirectory Deployment of web application directory [/opt/teamcity/webapps/ROOT] has finished in [3,759] ms
11-Nov-2018 21:57:06.536 INFO [main] org.apache.coyote.AbstractProtocol.start Starting ProtocolHandler ["http-nio-8111"]
11-Nov-2018 21:57:06.557 INFO [main] org.apache.catalina.startup.Catalina.start Server startup in 3809 ms
11-Nov-2018 21:58:08.836 INFO [main] org.apache.catalina.startup.VersionLoggerListener.log Server version:        Apache Tomcat/8.5.32
11-Nov-2018 21:58:08.838 INFO [main] org.apache.catalina.startup.VersionLoggerListener.log Server built:          Jun 20 2018 19:50:35 UTC
11-Nov-2018 21:58:08.838 INFO [main] org.apache.catalina.startup.VersionLoggerListener.log Server number:         8.5.32.0
11-Nov-2018 21:58:08.838 INFO [main] org.apache.catalina.startup.VersionLoggerListener.log OS Name:               Linux
11-Nov-2018 21:58:08.838 INFO [main] org.apache.catalina.startup.VersionLoggerListener.log OS Version:            4.15.0-36-generic
11-Nov-2018 21:58:08.838 INFO [main] org.apache.catalina.startup.VersionLoggerListener.log Architecture:          amd64
11-Nov-2018 21:58:08.838 INFO [main] org.apache.catalina.startup.VersionLoggerListener.log Java Home:             /usr/lib/jvm/oracle-jdk/jre
11-Nov-2018 21:58:08.838 INFO [main] org.apache.catalina.startup.VersionLoggerListener.log JVM Version:           1.8.0_161-b12
11-Nov-2018 21:58:08.838 INFO [main] org.apache.catalina.startup.VersionLoggerListener.log JVM Vendor:            Oracle Corporation
11-Nov-2018 21:58:08.839 INFO [main] org.apache.catalina.startup.VersionLoggerListener.log CATALINA_BASE:         /opt/teamcity
11-Nov-2018 21:58:08.839 INFO [main] org.apache.catalina.startup.VersionLoggerListener.log CATALINA_HOME:         /opt/teamcity
11-Nov-2018 21:58:08.839 INFO [main] org.apache.catalina.startup.VersionLoggerListener.log Command line argument: -Djava.util.logging.config.file=/opt/teamcity/conf/logging.properties
11-Nov-2018 21:58:08.839 INFO [main] org.apache.catalina.startup.VersionLoggerListener.log Command line argument: -Djava.util.logging.manager=org.apache.juli.ClassLoaderLogManager
11-Nov-2018 21:58:08.839 INFO [main] org.apache.catalina.startup.VersionLoggerListener.log Command line argument: -Djdk.tls.ephemeralDHKeySize=2048
11-Nov-2018 21:58:08.839 INFO [main] org.apache.catalina.startup.VersionLoggerListener.log Command line argument: -Djava.protocol.handler.pkgs=org.apache.catalina.webresources
11-Nov-2018 21:58:08.839 INFO [main] org.apache.catalina.startup.VersionLoggerListener.log Command line argument: -Dorg.apache.catalina.security.SecurityListener.UMASK=0027
11-Nov-2018 21:58:08.839 INFO [main] org.apache.catalina.startup.VersionLoggerListener.log Command line argument: -Xmx512m
11-Nov-2018 21:58:08.839 INFO [main] org.apache.catalina.startup.VersionLoggerListener.log Command line argument: -Dteamcity.configuration.path=../conf/teamcity-startup.properties
11-Nov-2018 21:58:08.839 INFO [main] org.apache.catalina.startup.VersionLoggerListener.log Command line argument: -Dlog4j.configuration=file:/opt/teamcity/bin/../conf/teamcity-server-log4j.xml
11-Nov-2018 21:58:08.839 INFO [main] org.apache.catalina.startup.VersionLoggerListener.log Command line argument: -Dteamcity_logs=/opt/teamcity/bin/../logs
11-Nov-2018 21:58:08.840 INFO [main] org.apache.catalina.startup.VersionLoggerListener.log Command line argument: -Djava.awt.headless=true
11-Nov-2018 21:58:08.840 INFO [main] org.apache.catalina.startup.VersionLoggerListener.log Command line argument: -Dignore.endorsed.dirs=
11-Nov-2018 21:58:08.840 INFO [main] org.apache.catalina.startup.VersionLoggerListener.log Command line argument: -Dcatalina.base=/opt/teamcity
11-Nov-2018 21:58:08.840 INFO [main] org.apache.catalina.startup.VersionLoggerListener.log Command line argument: -Dcatalina.home=/opt/teamcity
11-Nov-2018 21:58:08.840 INFO [main] org.apache.catalina.startup.VersionLoggerListener.log Command line argument: -Djava.io.tmpdir=/opt/teamcity/temp
11-Nov-2018 21:58:08.840 INFO [main] org.apache.catalina.core.AprLifecycleListener.lifecycleEvent The APR based Apache Tomcat Native library which allows optimal performance in production environments was not found on the java.library.path: [/usr/java/packages/lib/amd64:/usr/lib64:/lib64:/lib:/usr/lib]
11-Nov-2018 21:58:08.939 INFO [main] org.apache.coyote.AbstractProtocol.init Initializing ProtocolHandler ["http-nio-8111"]
11-Nov-2018 21:58:08.948 INFO [main] org.apache.tomcat.util.net.NioSelectorPool.getSharedSelector Using a shared selector for servlet write/read
11-Nov-2018 21:58:08.953 INFO [main] org.apache.catalina.startup.Catalina.load Initialization processed in 387 ms
11-Nov-2018 21:58:08.975 INFO [main] org.apache.catalina.core.StandardService.startInternal Starting service [Catalina]
11-Nov-2018 21:58:08.975 INFO [main] org.apache.catalina.core.StandardEngine.startInternal Starting Servlet Engine: Apache Tomcat/8.5.32
11-Nov-2018 21:58:08.981 INFO [localhost-startStop-1] org.apache.catalina.startup.HostConfig.deployDirectory Deploying web application directory [/opt/teamcity/webapps/ROOT]
11-Nov-2018 21:58:12.664 INFO [localhost-startStop-1] org.apache.catalina.startup.HostConfig.deployDirectory Deployment of web application directory [/opt/teamcity/webapps/ROOT] has finished in [3,684] ms
11-Nov-2018 21:58:12.666 INFO [main] org.apache.coyote.AbstractProtocol.start Starting ProtocolHandler ["http-nio-8111"]
11-Nov-2018 21:58:12.681 INFO [main] org.apache.catalina.startup.Catalina.start Server startup in 3727 ms
11-Nov-2018 22:05:23.387 INFO [main] org.apache.catalina.core.StandardServer.await A valid shutdown command was received via the shutdown port. Stopping the Server instance.
11-Nov-2018 22:05:23.388 INFO [main] org.apache.coyote.AbstractProtocol.pause Pausing ProtocolHandler ["http-nio-8111"]
11-Nov-2018 22:05:23.439 INFO [main] org.apache.catalina.core.StandardService.stopInternal Stopping service [Catalina]
11-Nov-2018 22:05:25.090 WARNING [localhost-startStop-2] org.apache.catalina.loader.WebappClassLoaderBase.clearReferencesJdbc The web application [ROOT] registered the JDBC driver [org.hsqldb.jdbc.JDBCDriver] but failed to unregister it when the web application was stopped. To prevent a memory leak, the JDBC Driver has been forcibly unregistered.
11-Nov-2018 22:05:25.090 WARNING [localhost-startStop-2] org.apache.catalina.loader.WebappClassLoaderBase.clearReferencesJdbc The web application [ROOT] registered the JDBC driver [org.hsqldb1.jdbcDriver] but failed to unregister it when the web application was stopped. To prevent a memory leak, the JDBC Driver has been forcibly unregistered.
11-Nov-2018 22:05:25.091 WARNING [localhost-startStop-2] org.apache.catalina.loader.WebappClassLoaderBase.clearReferencesThreads The web application [ROOT] appears to have started a thread named [Agent Long-Polling Timeout 1] but has failed to stop it. This is very likely to create a memory leak. Stack trace of thread:
 java.lang.Thread.sleep(Native Method)
 jetbrains.buildServer.controllers.agentServer.LongPollingCommandsRequestsProcessor.lambda$new$1(LongPollingCommandsRequestsProcessor.java:25)
 jetbrains.buildServer.controllers.agentServer.LongPollingCommandsRequestsProcessor$$Lambda$108/1978792109.run(Unknown Source)
 java.lang.Thread.run(Thread.java:748)
11-Nov-2018 22:05:25.095 INFO [main] org.apache.coyote.AbstractProtocol.stop Stopping ProtocolHandler ["http-nio-8111"]
11-Nov-2018 22:05:25.097 INFO [main] org.apache.coyote.AbstractProtocol.destroy Destroying ProtocolHandler ["http-nio-8111"]
11-Nov-2018 22:07:46.493 INFO [main] org.apache.catalina.startup.VersionLoggerListener.log Server version:        Apache Tomcat/8.5.32
11-Nov-2018 22:07:46.495 INFO [main] org.apache.catalina.startup.VersionLoggerListener.log Server built:          Jun 20 2018 19:50:35 UTC
11-Nov-2018 22:07:46.495 INFO [main] org.apache.catalina.startup.VersionLoggerListener.log Server number:         8.5.32.0
11-Nov-2018 22:07:46.495 INFO [main] org.apache.catalina.startup.VersionLoggerListener.log OS Name:               Linux
11-Nov-2018 22:07:46.495 INFO [main] org.apache.catalina.startup.VersionLoggerListener.log OS Version:            4.15.0-36-generic
11-Nov-2018 22:07:46.496 INFO [main] org.apache.catalina.startup.VersionLoggerListener.log Architecture:          amd64
11-Nov-2018 22:07:46.496 INFO [main] org.apache.catalina.startup.VersionLoggerListener.log Java Home:             /usr/lib/jvm/oracle-jdk/jre
11-Nov-2018 22:07:46.496 INFO [main] org.apache.catalina.startup.VersionLoggerListener.log JVM Version:           1.8.0_161-b12
11-Nov-2018 22:07:46.496 INFO [main] org.apache.catalina.startup.VersionLoggerListener.log JVM Vendor:            Oracle Corporation
11-Nov-2018 22:07:46.496 INFO [main] org.apache.catalina.startup.VersionLoggerListener.log CATALINA_BASE:         /opt/teamcity
11-Nov-2018 22:07:46.496 INFO [main] org.apache.catalina.startup.VersionLoggerListener.log CATALINA_HOME:         /opt/teamcity
11-Nov-2018 22:07:46.496 INFO [main] org.apache.catalina.startup.VersionLoggerListener.log Command line argument: -Djava.util.logging.config.file=/opt/teamcity/conf/logging.properties
11-Nov-2018 22:07:46.496 INFO [main] org.apache.catalina.startup.VersionLoggerListener.log Command line argument: -Djava.util.logging.manager=org.apache.juli.ClassLoaderLogManager
11-Nov-2018 22:07:46.497 INFO [main] org.apache.catalina.startup.VersionLoggerListener.log Command line argument: -Djdk.tls.ephemeralDHKeySize=2048
11-Nov-2018 22:07:46.497 INFO [main] org.apache.catalina.startup.VersionLoggerListener.log Command line argument: -Djava.protocol.handler.pkgs=org.apache.catalina.webresources
11-Nov-2018 22:07:46.497 INFO [main] org.apache.catalina.startup.VersionLoggerListener.log Command line argument: -Dorg.apache.catalina.security.SecurityListener.UMASK=0027
11-Nov-2018 22:07:46.497 INFO [main] org.apache.catalina.startup.VersionLoggerListener.log Command line argument: -Xmx512m
11-Nov-2018 22:07:46.497 INFO [main] org.apache.catalina.startup.VersionLoggerListener.log Command line argument: -Dteamcity.configuration.path=../conf/teamcity-startup.properties
11-Nov-2018 22:07:46.497 INFO [main] org.apache.catalina.startup.VersionLoggerListener.log Command line argument: -Dlog4j.configuration=file:/opt/teamcity/bin/../conf/teamcity-server-log4j.xml
11-Nov-2018 22:07:46.497 INFO [main] org.apache.catalina.startup.VersionLoggerListener.log Command line argument: -Dteamcity_logs=/opt/teamcity/bin/../logs
11-Nov-2018 22:07:46.497 INFO [main] org.apache.catalina.startup.VersionLoggerListener.log Command line argument: -Djava.awt.headless=true
11-Nov-2018 22:07:46.497 INFO [main] org.apache.catalina.startup.VersionLoggerListener.log Command line argument: -Dignore.endorsed.dirs=
11-Nov-2018 22:07:46.497 INFO [main] org.apache.catalina.startup.VersionLoggerListener.log Command line argument: -Dcatalina.base=/opt/teamcity
11-Nov-2018 22:07:46.498 INFO [main] org.apache.catalina.startup.VersionLoggerListener.log Command line argument: -Dcatalina.home=/opt/teamcity
11-Nov-2018 22:07:46.498 INFO [main] org.apache.catalina.startup.VersionLoggerListener.log Command line argument: -Djava.io.tmpdir=/opt/teamcity/temp
11-Nov-2018 22:07:46.498 INFO [main] org.apache.catalina.core.AprLifecycleListener.lifecycleEvent The APR based Apache Tomcat Native library which allows optimal performance in production environments was not found on the java.library.path: [/usr/java/packages/lib/amd64:/usr/lib64:/lib64:/lib:/usr/lib]
11-Nov-2018 22:07:46.602 INFO [main] org.apache.coyote.AbstractProtocol.init Initializing ProtocolHandler ["http-nio-8111"]
11-Nov-2018 22:07:46.614 INFO [main] org.apache.tomcat.util.net.NioSelectorPool.getSharedSelector Using a shared selector for servlet write/read
11-Nov-2018 22:07:46.621 INFO [main] org.apache.catalina.startup.Catalina.load Initialization processed in 451 ms
11-Nov-2018 22:07:46.644 INFO [main] org.apache.catalina.core.StandardService.startInternal Starting service [Catalina]
11-Nov-2018 22:07:46.645 INFO [main] org.apache.catalina.core.StandardEngine.startInternal Starting Servlet Engine: Apache Tomcat/8.5.32
11-Nov-2018 22:07:46.652 INFO [localhost-startStop-1] org.apache.catalina.startup.HostConfig.deployDirectory Deploying web application directory [/opt/teamcity/webapps/ROOT]
11-Nov-2018 22:07:50.445 INFO [localhost-startStop-1] org.apache.catalina.startup.HostConfig.deployDirectory Deployment of web application directory [/opt/teamcity/webapps/ROOT] has finished in [3,793] ms
11-Nov-2018 22:07:50.448 INFO [main] org.apache.coyote.AbstractProtocol.start Starting ProtocolHandler ["http-nio-8111"]
11-Nov-2018 22:07:50.480 INFO [main] org.apache.catalina.startup.Catalina.start Server startup in 3858 ms
11-Nov-2018 22:09:20.297 INFO [main] org.apache.catalina.core.StandardServer.await A valid shutdown command was received via the shutdown port. Stopping the Server instance.
11-Nov-2018 22:09:20.298 INFO [main] org.apache.coyote.AbstractProtocol.pause Pausing ProtocolHandler ["http-nio-8111"]
11-Nov-2018 22:09:20.349 INFO [main] org.apache.catalina.core.StandardService.stopInternal Stopping service [Catalina]
11-Nov-2018 22:09:21.914 WARNING [localhost-startStop-2] org.apache.catalina.loader.WebappClassLoaderBase.clearReferencesJdbc The web application [ROOT] registered the JDBC driver [org.hsqldb.jdbc.JDBCDriver] but failed to unregister it when the web application was stopped. To prevent a memory leak, the JDBC Driver has been forcibly unregistered.
11-Nov-2018 22:09:21.915 WARNING [localhost-startStop-2] org.apache.catalina.loader.WebappClassLoaderBase.clearReferencesJdbc The web application [ROOT] registered the JDBC driver [org.hsqldb1.jdbcDriver] but failed to unregister it when the web application was stopped. To prevent a memory leak, the JDBC Driver has been forcibly unregistered.
11-Nov-2018 22:09:21.928 INFO [main] org.apache.coyote.AbstractProtocol.stop Stopping ProtocolHandler ["http-nio-8111"]
11-Nov-2018 22:09:21.931 INFO [main] org.apache.coyote.AbstractProtocol.destroy Destroying ProtocolHandler ["http-nio-8111"]
11-Nov-2018 22:11:26.206 INFO [main] org.apache.catalina.startup.VersionLoggerListener.log Server version:        Apache Tomcat/8.5.32
11-Nov-2018 22:11:26.208 INFO [main] org.apache.catalina.startup.VersionLoggerListener.log Server built:          Jun 20 2018 19:50:35 UTC
11-Nov-2018 22:11:26.208 INFO [main] org.apache.catalina.startup.VersionLoggerListener.log Server number:         8.5.32.0
11-Nov-2018 22:11:26.208 INFO [main] org.apache.catalina.startup.VersionLoggerListener.log OS Name:               Linux
11-Nov-2018 22:11:26.208 INFO [main] org.apache.catalina.startup.VersionLoggerListener.log OS Version:            4.15.0-36-generic
11-Nov-2018 22:11:26.208 INFO [main] org.apache.catalina.startup.VersionLoggerListener.log Architecture:          amd64
11-Nov-2018 22:11:26.209 INFO [main] org.apache.catalina.startup.VersionLoggerListener.log Java Home:             /usr/lib/jvm/oracle-jdk/jre
11-Nov-2018 22:11:26.209 INFO [main] org.apache.catalina.startup.VersionLoggerListener.log JVM Version:           1.8.0_161-b12
11-Nov-2018 22:11:26.209 INFO [main] org.apache.catalina.startup.VersionLoggerListener.log JVM Vendor:            Oracle Corporation
11-Nov-2018 22:11:26.209 INFO [main] org.apache.catalina.startup.VersionLoggerListener.log CATALINA_BASE:         /opt/teamcity
11-Nov-2018 22:11:26.209 INFO [main] org.apache.catalina.startup.VersionLoggerListener.log CATALINA_HOME:         /opt/teamcity
11-Nov-2018 22:11:26.209 INFO [main] org.apache.catalina.startup.VersionLoggerListener.log Command line argument: -Djava.util.logging.config.file=/opt/teamcity/conf/logging.properties
11-Nov-2018 22:11:26.209 INFO [main] org.apache.catalina.startup.VersionLoggerListener.log Command line argument: -Djava.util.logging.manager=org.apache.juli.ClassLoaderLogManager
11-Nov-2018 22:11:26.210 INFO [main] org.apache.catalina.startup.VersionLoggerListener.log Command line argument: -Djdk.tls.ephemeralDHKeySize=2048
11-Nov-2018 22:11:26.210 INFO [main] org.apache.catalina.startup.VersionLoggerListener.log Command line argument: -Djava.protocol.handler.pkgs=org.apache.catalina.webresources
11-Nov-2018 22:11:26.210 INFO [main] org.apache.catalina.startup.VersionLoggerListener.log Command line argument: -Dorg.apache.catalina.security.SecurityListener.UMASK=0027
11-Nov-2018 22:11:26.210 INFO [main] org.apache.catalina.startup.VersionLoggerListener.log Command line argument: -Xmx512m
11-Nov-2018 22:11:26.210 INFO [main] org.apache.catalina.startup.VersionLoggerListener.log Command line argument: -Dteamcity.configuration.path=../conf/teamcity-startup.properties
11-Nov-2018 22:11:26.210 INFO [main] org.apache.catalina.startup.VersionLoggerListener.log Command line argument: -Dlog4j.configuration=file:/opt/teamcity/bin/../conf/teamcity-server-log4j.xml
11-Nov-2018 22:11:26.210 INFO [main] org.apache.catalina.startup.VersionLoggerListener.log Command line argument: -Dteamcity_logs=/opt/teamcity/bin/../logs
11-Nov-2018 22:11:26.210 INFO [main] org.apache.catalina.startup.VersionLoggerListener.log Command line argument: -Djava.awt.headless=true
11-Nov-2018 22:11:26.210 INFO [main] org.apache.catalina.startup.VersionLoggerListener.log Command line argument: -Dignore.endorsed.dirs=
11-Nov-2018 22:11:26.210 INFO [main] org.apache.catalina.startup.VersionLoggerListener.log Command line argument: -Dcatalina.base=/opt/teamcity
11-Nov-2018 22:11:26.211 INFO [main] org.apache.catalina.startup.VersionLoggerListener.log Command line argument: -Dcatalina.home=/opt/teamcity
11-Nov-2018 22:11:26.211 INFO [main] org.apache.catalina.startup.VersionLoggerListener.log Command line argument: -Djava.io.tmpdir=/opt/teamcity/temp
11-Nov-2018 22:11:26.211 INFO [main] org.apache.catalina.core.AprLifecycleListener.lifecycleEvent The APR based Apache Tomcat Native library which allows optimal performance in production environments was not found on the java.library.path: [/usr/java/packages/lib/amd64:/usr/lib64:/lib64:/lib:/usr/lib]
11-Nov-2018 22:11:26.324 INFO [main] org.apache.coyote.AbstractProtocol.init Initializing ProtocolHandler ["http-nio-8111"]
11-Nov-2018 22:11:26.332 INFO [main] org.apache.tomcat.util.net.NioSelectorPool.getSharedSelector Using a shared selector for servlet write/read
11-Nov-2018 22:11:26.339 INFO [main] org.apache.catalina.startup.Catalina.load Initialization processed in 468 ms
11-Nov-2018 22:11:26.364 INFO [main] org.apache.catalina.core.StandardService.startInternal Starting service [Catalina]
11-Nov-2018 22:11:26.364 INFO [main] org.apache.catalina.core.StandardEngine.startInternal Starting Servlet Engine: Apache Tomcat/8.5.32
11-Nov-2018 22:11:26.371 INFO [localhost-startStop-1] org.apache.catalina.startup.HostConfig.deployDirectory Deploying web application directory [/opt/teamcity/webapps/ROOT]
11-Nov-2018 22:11:30.078 INFO [localhost-startStop-1] org.apache.catalina.startup.HostConfig.deployDirectory Deployment of web application directory [/opt/teamcity/webapps/ROOT] has finished in [3,707] ms
11-Nov-2018 22:11:30.081 INFO [main] org.apache.coyote.AbstractProtocol.start Starting ProtocolHandler ["http-nio-8111"]
11-Nov-2018 22:11:30.101 INFO [main] org.apache.catalina.startup.Catalina.start Server startup in 3761 ms
11-Nov-2018 22:14:47.196 INFO [main] org.apache.catalina.core.StandardServer.await A valid shutdown command was received via the shutdown port. Stopping the Server instance.
11-Nov-2018 22:14:47.197 INFO [main] org.apache.coyote.AbstractProtocol.pause Pausing ProtocolHandler ["http-nio-8111"]
11-Nov-2018 22:14:47.248 INFO [main] org.apache.catalina.core.StandardService.stopInternal Stopping service [Catalina]
11-Nov-2018 22:14:49.480 WARNING [localhost-startStop-2] org.apache.catalina.loader.WebappClassLoaderBase.clearReferencesJdbc The web application [ROOT] registered the JDBC driver [org.hsqldb.jdbc.JDBCDriver] but failed to unregister it when the web application was stopped. To prevent a memory leak, the JDBC Driver has been forcibly unregistered.
11-Nov-2018 22:14:49.480 WARNING [localhost-startStop-2] org.apache.catalina.loader.WebappClassLoaderBase.clearReferencesJdbc The web application [ROOT] registered the JDBC driver [org.hsqldb1.jdbcDriver] but failed to unregister it when the web application was stopped. To prevent a memory leak, the JDBC Driver has been forcibly unregistered.
11-Nov-2018 22:14:49.487 INFO [main] org.apache.coyote.AbstractProtocol.stop Stopping ProtocolHandler ["http-nio-8111"]
11-Nov-2018 22:14:49.490 INFO [main] org.apache.coyote.AbstractProtocol.destroy Destroying ProtocolHandler ["http-nio-8111"]
11-Nov-2018 22:14:53.492 INFO [main] org.apache.catalina.startup.VersionLoggerListener.log Server version:        Apache Tomcat/8.5.32
11-Nov-2018 22:14:53.494 INFO [main] org.apache.catalina.startup.VersionLoggerListener.log Server built:          Jun 20 2018 19:50:35 UTC
11-Nov-2018 22:14:53.494 INFO [main] org.apache.catalina.startup.VersionLoggerListener.log Server number:         8.5.32.0
11-Nov-2018 22:14:53.495 INFO [main] org.apache.catalina.startup.VersionLoggerListener.log OS Name:               Linux
11-Nov-2018 22:14:53.495 INFO [main] org.apache.catalina.startup.VersionLoggerListener.log OS Version:            4.15.0-36-generic
11-Nov-2018 22:14:53.495 INFO [main] org.apache.catalina.startup.VersionLoggerListener.log Architecture:          amd64
11-Nov-2018 22:14:53.495 INFO [main] org.apache.catalina.startup.VersionLoggerListener.log Java Home:             /usr/lib/jvm/oracle-jdk/jre
11-Nov-2018 22:14:53.495 INFO [main] org.apache.catalina.startup.VersionLoggerListener.log JVM Version:           1.8.0_161-b12
11-Nov-2018 22:14:53.495 INFO [main] org.apache.catalina.startup.VersionLoggerListener.log JVM Vendor:            Oracle Corporation
11-Nov-2018 22:14:53.495 INFO [main] org.apache.catalina.startup.VersionLoggerListener.log CATALINA_BASE:         /opt/teamcity
11-Nov-2018 22:14:53.495 INFO [main] org.apache.catalina.startup.VersionLoggerListener.log CATALINA_HOME:         /opt/teamcity
11-Nov-2018 22:14:53.496 INFO [main] org.apache.catalina.startup.VersionLoggerListener.log Command line argument: -Djava.util.logging.config.file=/opt/teamcity/conf/logging.properties
11-Nov-2018 22:14:53.496 INFO [main] org.apache.catalina.startup.VersionLoggerListener.log Command line argument: -Djava.util.logging.manager=org.apache.juli.ClassLoaderLogManager
11-Nov-2018 22:14:53.497 INFO [main] org.apache.catalina.startup.VersionLoggerListener.log Command line argument: -Djdk.tls.ephemeralDHKeySize=2048
11-Nov-2018 22:14:53.497 INFO [main] org.apache.catalina.startup.VersionLoggerListener.log Command line argument: -Djava.protocol.handler.pkgs=org.apache.catalina.webresources
11-Nov-2018 22:14:53.497 INFO [main] org.apache.catalina.startup.VersionLoggerListener.log Command line argument: -Dorg.apache.catalina.security.SecurityListener.UMASK=0027
11-Nov-2018 22:14:53.497 INFO [main] org.apache.catalina.startup.VersionLoggerListener.log Command line argument: -Xmx512m
11-Nov-2018 22:14:53.497 INFO [main] org.apache.catalina.startup.VersionLoggerListener.log Command line argument: -Dteamcity.configuration.path=../conf/teamcity-startup.properties
11-Nov-2018 22:14:53.497 INFO [main] org.apache.catalina.startup.VersionLoggerListener.log Command line argument: -Dlog4j.configuration=file:/opt/teamcity/bin/../conf/teamcity-server-log4j.xml
11-Nov-2018 22:14:53.497 INFO [main] org.apache.catalina.startup.VersionLoggerListener.log Command line argument: -Dteamcity_logs=/opt/teamcity/bin/../logs
11-Nov-2018 22:14:53.497 INFO [main] org.apache.catalina.startup.VersionLoggerListener.log Command line argument: -Djava.awt.headless=true
11-Nov-2018 22:14:53.497 INFO [main] org.apache.catalina.startup.VersionLoggerListener.log Command line argument: -Dignore.endorsed.dirs=
11-Nov-2018 22:14:53.498 INFO [main] org.apache.catalina.startup.VersionLoggerListener.log Command line argument: -Dcatalina.base=/opt/teamcity
11-Nov-2018 22:14:53.498 INFO [main] org.apache.catalina.startup.VersionLoggerListener.log Command line argument: -Dcatalina.home=/opt/teamcity
11-Nov-2018 22:14:53.498 INFO [main] org.apache.catalina.startup.VersionLoggerListener.log Command line argument: -Djava.io.tmpdir=/opt/teamcity/temp
11-Nov-2018 22:14:53.498 INFO [main] org.apache.catalina.core.AprLifecycleListener.lifecycleEvent The APR based Apache Tomcat Native library which allows optimal performance in production environments was not found on the java.library.path: [/usr/java/packages/lib/amd64:/usr/lib64:/lib64:/lib:/usr/lib]
11-Nov-2018 22:14:53.600 INFO [main] org.apache.coyote.AbstractProtocol.init Initializing ProtocolHandler ["http-nio-8111"]
11-Nov-2018 22:14:53.608 INFO [main] org.apache.tomcat.util.net.NioSelectorPool.getSharedSelector Using a shared selector for servlet write/read
11-Nov-2018 22:14:53.614 INFO [main] org.apache.catalina.startup.Catalina.load Initialization processed in 416 ms
11-Nov-2018 22:14:53.636 INFO [main] org.apache.catalina.core.StandardService.startInternal Starting service [Catalina]
11-Nov-2018 22:14:53.636 INFO [main] org.apache.catalina.core.StandardEngine.startInternal Starting Servlet Engine: Apache Tomcat/8.5.32
11-Nov-2018 22:14:53.642 INFO [localhost-startStop-1] org.apache.catalina.startup.HostConfig.deployDirectory Deploying web application directory [/opt/teamcity/webapps/ROOT]
11-Nov-2018 22:14:57.613 INFO [localhost-startStop-1] org.apache.catalina.startup.HostConfig.deployDirectory Deployment of web application directory [/opt/teamcity/webapps/ROOT] has finished in [3,970] ms
11-Nov-2018 22:14:57.615 INFO [main] org.apache.coyote.AbstractProtocol.start Starting ProtocolHandler ["http-nio-8111"]
11-Nov-2018 22:14:57.636 INFO [main] org.apache.catalina.startup.Catalina.start Server startup in 4021 ms
11-Nov-2018 22:19:08.443 INFO [main] org.apache.catalina.core.StandardServer.await A valid shutdown command was received via the shutdown port. Stopping the Server instance.
11-Nov-2018 22:19:08.443 INFO [main] org.apache.coyote.AbstractProtocol.pause Pausing ProtocolHandler ["http-nio-8111"]
11-Nov-2018 22:19:08.494 INFO [main] org.apache.catalina.core.StandardService.stopInternal Stopping service [Catalina]
11-Nov-2018 22:19:10.005 WARNING [localhost-startStop-2] org.apache.catalina.loader.WebappClassLoaderBase.clearReferencesJdbc The web application [ROOT] registered the JDBC driver [org.hsqldb.jdbc.JDBCDriver] but failed to unregister it when the web application was stopped. To prevent a memory leak, the JDBC Driver has been forcibly unregistered.
11-Nov-2018 22:19:10.005 WARNING [localhost-startStop-2] org.apache.catalina.loader.WebappClassLoaderBase.clearReferencesJdbc The web application [ROOT] registered the JDBC driver [org.hsqldb1.jdbcDriver] but failed to unregister it when the web application was stopped. To prevent a memory leak, the JDBC Driver has been forcibly unregistered.
11-Nov-2018 22:19:10.007 WARNING [localhost-startStop-2] org.apache.catalina.loader.WebappClassLoaderBase.clearReferencesThreads The web application [ROOT] appears to have started a thread named [Agent Long-Polling Timeout 1] but has failed to stop it. This is very likely to create a memory leak. Stack trace of thread:
 java.lang.Thread.sleep(Native Method)
 jetbrains.buildServer.controllers.agentServer.LongPollingCommandsRequestsProcessor.lambda$new$1(LongPollingCommandsRequestsProcessor.java:25)
 jetbrains.buildServer.controllers.agentServer.LongPollingCommandsRequestsProcessor$$Lambda$104/1968724348.run(Unknown Source)
 java.lang.Thread.run(Thread.java:748)
11-Nov-2018 22:19:10.014 INFO [main] org.apache.coyote.AbstractProtocol.stop Stopping ProtocolHandler ["http-nio-8111"]
11-Nov-2018 22:19:10.016 INFO [main] org.apache.coyote.AbstractProtocol.destroy Destroying ProtocolHandler ["http-nio-8111"]
11-Nov-2018 22:19:14.618 INFO [main] org.apache.catalina.startup.VersionLoggerListener.log Server version:        Apache Tomcat/8.5.32
11-Nov-2018 22:19:14.620 INFO [main] org.apache.catalina.startup.VersionLoggerListener.log Server built:          Jun 20 2018 19:50:35 UTC
11-Nov-2018 22:19:14.620 INFO [main] org.apache.catalina.startup.VersionLoggerListener.log Server number:         8.5.32.0
11-Nov-2018 22:19:14.620 INFO [main] org.apache.catalina.startup.VersionLoggerListener.log OS Name:               Linux
11-Nov-2018 22:19:14.620 INFO [main] org.apache.catalina.startup.VersionLoggerListener.log OS Version:            4.15.0-36-generic
11-Nov-2018 22:19:14.620 INFO [main] org.apache.catalina.startup.VersionLoggerListener.log Architecture:          amd64
11-Nov-2018 22:19:14.620 INFO [main] org.apache.catalina.startup.VersionLoggerListener.log Java Home:             /usr/lib/jvm/oracle-jdk/jre
11-Nov-2018 22:19:14.620 INFO [main] org.apache.catalina.startup.VersionLoggerListener.log JVM Version:           1.8.0_161-b12
11-Nov-2018 22:19:14.620 INFO [main] org.apache.catalina.startup.VersionLoggerListener.log JVM Vendor:            Oracle Corporation
11-Nov-2018 22:19:14.620 INFO [main] org.apache.catalina.startup.VersionLoggerListener.log CATALINA_BASE:         /opt/teamcity
11-Nov-2018 22:19:14.621 INFO [main] org.apache.catalina.startup.VersionLoggerListener.log CATALINA_HOME:         /opt/teamcity
11-Nov-2018 22:19:14.621 INFO [main] org.apache.catalina.startup.VersionLoggerListener.log Command line argument: -Djava.util.logging.config.file=/opt/teamcity/conf/logging.properties
11-Nov-2018 22:19:14.621 INFO [main] org.apache.catalina.startup.VersionLoggerListener.log Command line argument: -Djava.util.logging.manager=org.apache.juli.ClassLoaderLogManager
11-Nov-2018 22:19:14.621 INFO [main] org.apache.catalina.startup.VersionLoggerListener.log Command line argument: -Djdk.tls.ephemeralDHKeySize=2048
11-Nov-2018 22:19:14.621 INFO [main] org.apache.catalina.startup.VersionLoggerListener.log Command line argument: -Djava.protocol.handler.pkgs=org.apache.catalina.webresources
11-Nov-2018 22:19:14.621 INFO [main] org.apache.catalina.startup.VersionLoggerListener.log Command line argument: -Dorg.apache.catalina.security.SecurityListener.UMASK=0027
11-Nov-2018 22:19:14.621 INFO [main] org.apache.catalina.startup.VersionLoggerListener.log Command line argument: -Xmx512m
11-Nov-2018 22:19:14.621 INFO [main] org.apache.catalina.startup.VersionLoggerListener.log Command line argument: -Dteamcity.configuration.path=../conf/teamcity-startup.properties
11-Nov-2018 22:19:14.621 INFO [main] org.apache.catalina.startup.VersionLoggerListener.log Command line argument: -Dlog4j.configuration=file:/opt/teamcity/bin/../conf/teamcity-server-log4j.xml
11-Nov-2018 22:19:14.622 INFO [main] org.apache.catalina.startup.VersionLoggerListener.log Command line argument: -Dteamcity_logs=/opt/teamcity/bin/../logs
11-Nov-2018 22:19:14.622 INFO [main] org.apache.catalina.startup.VersionLoggerListener.log Command line argument: -Djava.awt.headless=true
11-Nov-2018 22:19:14.622 INFO [main] org.apache.catalina.startup.VersionLoggerListener.log Command line argument: -Dignore.endorsed.dirs=
11-Nov-2018 22:19:14.622 INFO [main] org.apache.catalina.startup.VersionLoggerListener.log Command line argument: -Dcatalina.base=/opt/teamcity
11-Nov-2018 22:19:14.622 INFO [main] org.apache.catalina.startup.VersionLoggerListener.log Command line argument: -Dcatalina.home=/opt/teamcity
11-Nov-2018 22:19:14.622 INFO [main] org.apache.catalina.startup.VersionLoggerListener.log Command line argument: -Djava.io.tmpdir=/opt/teamcity/temp
11-Nov-2018 22:19:14.622 INFO [main] org.apache.catalina.core.AprLifecycleListener.lifecycleEvent The APR based Apache Tomcat Native library which allows optimal performance in production environments was not found on the java.library.path: [/usr/java/packages/lib/amd64:/usr/lib64:/lib64:/lib:/usr/lib]
11-Nov-2018 22:19:14.730 INFO [main] org.apache.coyote.AbstractProtocol.init Initializing ProtocolHandler ["http-nio-8111"]
11-Nov-2018 22:19:14.741 INFO [main] org.apache.tomcat.util.net.NioSelectorPool.getSharedSelector Using a shared selector for servlet write/read
11-Nov-2018 22:19:14.748 INFO [main] org.apache.catalina.startup.Catalina.load Initialization processed in 411 ms
11-Nov-2018 22:19:14.772 INFO [main] org.apache.catalina.core.StandardService.startInternal Starting service [Catalina]
11-Nov-2018 22:19:14.772 INFO [main] org.apache.catalina.core.StandardEngine.startInternal Starting Servlet Engine: Apache Tomcat/8.5.32
11-Nov-2018 22:19:14.778 INFO [localhost-startStop-1] org.apache.catalina.startup.HostConfig.deployDirectory Deploying web application directory [/opt/teamcity/webapps/ROOT]
11-Nov-2018 22:19:18.789 INFO [localhost-startStop-1] org.apache.catalina.startup.HostConfig.deployDirectory Deployment of web application directory [/opt/teamcity/webapps/ROOT] has finished in [4,010] ms
11-Nov-2018 22:19:18.793 INFO [main] org.apache.coyote.AbstractProtocol.start Starting ProtocolHandler ["http-nio-8111"]
11-Nov-2018 22:19:18.817 INFO [main] org.apache.catalina.startup.Catalina.start Server startup in 4068 ms
11-Nov-2018 22:25:20.204 INFO [main] org.apache.catalina.core.StandardServer.await A valid shutdown command was received via the shutdown port. Stopping the Server instance.
11-Nov-2018 22:25:20.205 INFO [main] org.apache.coyote.AbstractProtocol.pause Pausing ProtocolHandler ["http-nio-8111"]
11-Nov-2018 22:25:20.256 INFO [main] org.apache.catalina.core.StandardService.stopInternal Stopping service [Catalina]
11-Nov-2018 22:25:22.159 WARNING [localhost-startStop-2] org.apache.catalina.loader.WebappClassLoaderBase.clearReferencesJdbc The web application [ROOT] registered the JDBC driver [org.hsqldb.jdbc.JDBCDriver] but failed to unregister it when the web application was stopped. To prevent a memory leak, the JDBC Driver has been forcibly unregistered.
11-Nov-2018 22:25:22.159 WARNING [localhost-startStop-2] org.apache.catalina.loader.WebappClassLoaderBase.clearReferencesJdbc The web application [ROOT] registered the JDBC driver [org.hsqldb1.jdbcDriver] but failed to unregister it when the web application was stopped. To prevent a memory leak, the JDBC Driver has been forcibly unregistered.
11-Nov-2018 22:25:22.160 WARNING [localhost-startStop-2] org.apache.catalina.loader.WebappClassLoaderBase.clearReferencesThreads The web application [ROOT] appears to have started a thread named [Agent Long-Polling Timeout 1] but has failed to stop it. This is very likely to create a memory leak. Stack trace of thread:
 java.lang.Thread.sleep(Native Method)
 jetbrains.buildServer.controllers.agentServer.LongPollingCommandsRequestsProcessor.lambda$new$1(LongPollingCommandsRequestsProcessor.java:25)
 jetbrains.buildServer.controllers.agentServer.LongPollingCommandsRequestsProcessor$$Lambda$104/58155885.run(Unknown Source)
 java.lang.Thread.run(Thread.java:748)
11-Nov-2018 22:25:22.164 INFO [main] org.apache.coyote.AbstractProtocol.stop Stopping ProtocolHandler ["http-nio-8111"]
11-Nov-2018 22:25:22.166 INFO [main] org.apache.coyote.AbstractProtocol.destroy Destroying ProtocolHandler ["http-nio-8111"]
11-Nov-2018 22:25:26.646 INFO [main] org.apache.catalina.startup.VersionLoggerListener.log Server version:        Apache Tomcat/8.5.32
11-Nov-2018 22:25:26.647 INFO [main] org.apache.catalina.startup.VersionLoggerListener.log Server built:          Jun 20 2018 19:50:35 UTC
11-Nov-2018 22:25:26.648 INFO [main] org.apache.catalina.startup.VersionLoggerListener.log Server number:         8.5.32.0
11-Nov-2018 22:25:26.648 INFO [main] org.apache.catalina.startup.VersionLoggerListener.log OS Name:               Linux
11-Nov-2018 22:25:26.648 INFO [main] org.apache.catalina.startup.VersionLoggerListener.log OS Version:            4.15.0-36-generic
11-Nov-2018 22:25:26.648 INFO [main] org.apache.catalina.startup.VersionLoggerListener.log Architecture:          amd64
11-Nov-2018 22:25:26.648 INFO [main] org.apache.catalina.startup.VersionLoggerListener.log Java Home:             /usr/lib/jvm/oracle-jdk/jre
11-Nov-2018 22:25:26.648 INFO [main] org.apache.catalina.startup.VersionLoggerListener.log JVM Version:           1.8.0_161-b12
11-Nov-2018 22:25:26.648 INFO [main] org.apache.catalina.startup.VersionLoggerListener.log JVM Vendor:            Oracle Corporation
11-Nov-2018 22:25:26.648 INFO [main] org.apache.catalina.startup.VersionLoggerListener.log CATALINA_BASE:         /opt/teamcity
11-Nov-2018 22:25:26.648 INFO [main] org.apache.catalina.startup.VersionLoggerListener.log CATALINA_HOME:         /opt/teamcity
11-Nov-2018 22:25:26.648 INFO [main] org.apache.catalina.startup.VersionLoggerListener.log Command line argument: -Djava.util.logging.config.file=/opt/teamcity/conf/logging.properties
11-Nov-2018 22:25:26.649 INFO [main] org.apache.catalina.startup.VersionLoggerListener.log Command line argument: -Djava.util.logging.manager=org.apache.juli.ClassLoaderLogManager
11-Nov-2018 22:25:26.649 INFO [main] org.apache.catalina.startup.VersionLoggerListener.log Command line argument: -Djdk.tls.ephemeralDHKeySize=2048
11-Nov-2018 22:25:26.649 INFO [main] org.apache.catalina.startup.VersionLoggerListener.log Command line argument: -Djava.protocol.handler.pkgs=org.apache.catalina.webresources
11-Nov-2018 22:25:26.649 INFO [main] org.apache.catalina.startup.VersionLoggerListener.log Command line argument: -Dorg.apache.catalina.security.SecurityListener.UMASK=0027
11-Nov-2018 22:25:26.649 INFO [main] org.apache.catalina.startup.VersionLoggerListener.log Command line argument: -Xmx512m
11-Nov-2018 22:25:26.649 INFO [main] org.apache.catalina.startup.VersionLoggerListener.log Command line argument: -Dteamcity.configuration.path=../conf/teamcity-startup.properties
11-Nov-2018 22:25:26.649 INFO [main] org.apache.catalina.startup.VersionLoggerListener.log Command line argument: -Dlog4j.configuration=file:/opt/teamcity/bin/../conf/teamcity-server-log4j.xml
11-Nov-2018 22:25:26.649 INFO [main] org.apache.catalina.startup.VersionLoggerListener.log Command line argument: -Dteamcity_logs=/opt/teamcity/bin/../logs
11-Nov-2018 22:25:26.649 INFO [main] org.apache.catalina.startup.VersionLoggerListener.log Command line argument: -Djava.awt.headless=true
11-Nov-2018 22:25:26.649 INFO [main] org.apache.catalina.startup.VersionLoggerListener.log Command line argument: -Dignore.endorsed.dirs=
11-Nov-2018 22:25:26.649 INFO [main] org.apache.catalina.startup.VersionLoggerListener.log Command line argument: -Dcatalina.base=/opt/teamcity
11-Nov-2018 22:25:26.650 INFO [main] org.apache.catalina.startup.VersionLoggerListener.log Command line argument: -Dcatalina.home=/opt/teamcity
11-Nov-2018 22:25:26.650 INFO [main] org.apache.catalina.startup.VersionLoggerListener.log Command line argument: -Djava.io.tmpdir=/opt/teamcity/temp
11-Nov-2018 22:25:26.650 INFO [main] org.apache.catalina.core.AprLifecycleListener.lifecycleEvent The APR based Apache Tomcat Native library which allows optimal performance in production environments was not found on the java.library.path: [/usr/java/packages/lib/amd64:/usr/lib64:/lib64:/lib:/usr/lib]
11-Nov-2018 22:25:26.755 INFO [main] org.apache.coyote.AbstractProtocol.init Initializing ProtocolHandler ["http-nio-8111"]
11-Nov-2018 22:25:26.763 INFO [main] org.apache.tomcat.util.net.NioSelectorPool.getSharedSelector Using a shared selector for servlet write/read
11-Nov-2018 22:25:26.769 INFO [main] org.apache.catalina.startup.Catalina.load Initialization processed in 431 ms
11-Nov-2018 22:25:26.789 INFO [main] org.apache.catalina.core.StandardService.startInternal Starting service [Catalina]
11-Nov-2018 22:25:26.790 INFO [main] org.apache.catalina.core.StandardEngine.startInternal Starting Servlet Engine: Apache Tomcat/8.5.32
11-Nov-2018 22:25:26.797 INFO [localhost-startStop-1] org.apache.catalina.startup.HostConfig.deployDirectory Deploying web application directory [/opt/teamcity/webapps/ROOT]
11-Nov-2018 22:25:30.696 INFO [localhost-startStop-1] org.apache.catalina.startup.HostConfig.deployDirectory Deployment of web application directory [/opt/teamcity/webapps/ROOT] has finished in [3,899] ms
11-Nov-2018 22:25:30.703 INFO [main] org.apache.coyote.AbstractProtocol.start Starting ProtocolHandler ["http-nio-8111"]
11-Nov-2018 22:25:30.730 INFO [main] org.apache.catalina.startup.Catalina.start Server startup in 3961 ms
11-Nov-2018 22:41:00.890 INFO [main] org.apache.catalina.core.StandardServer.await A valid shutdown command was received via the shutdown port. Stopping the Server instance.
11-Nov-2018 22:41:00.891 INFO [main] org.apache.coyote.AbstractProtocol.pause Pausing ProtocolHandler ["http-nio-8111"]
11-Nov-2018 22:41:00.941 INFO [main] org.apache.catalina.core.StandardService.stopInternal Stopping service [Catalina]
11-Nov-2018 22:41:02.647 WARNING [localhost-startStop-2] org.apache.catalina.loader.WebappClassLoaderBase.clearReferencesJdbc The web application [ROOT] registered the JDBC driver [org.hsqldb.jdbc.JDBCDriver] but failed to unregister it when the web application was stopped. To prevent a memory leak, the JDBC Driver has been forcibly unregistered.
11-Nov-2018 22:41:02.647 WARNING [localhost-startStop-2] org.apache.catalina.loader.WebappClassLoaderBase.clearReferencesJdbc The web application [ROOT] registered the JDBC driver [org.hsqldb1.jdbcDriver] but failed to unregister it when the web application was stopped. To prevent a memory leak, the JDBC Driver has been forcibly unregistered.
11-Nov-2018 22:41:02.648 WARNING [localhost-startStop-2] org.apache.catalina.loader.WebappClassLoaderBase.clearReferencesThreads The web application [ROOT] appears to have started a thread named [Agent Long-Polling Timeout 1] but has failed to stop it. This is very likely to create a memory leak. Stack trace of thread:
 java.lang.Thread.sleep(Native Method)
 jetbrains.buildServer.controllers.agentServer.LongPollingCommandsRequestsProcessor.lambda$new$1(LongPollingCommandsRequestsProcessor.java:25)
 jetbrains.buildServer.controllers.agentServer.LongPollingCommandsRequestsProcessor$$Lambda$104/252554884.run(Unknown Source)
 java.lang.Thread.run(Thread.java:748)
11-Nov-2018 22:41:02.649 SEVERE [localhost-startStop-2] org.apache.catalina.loader.WebappClassLoaderBase.checkThreadLocalMapForLeaks The web application [ROOT] created a ThreadLocal with key of type [jetbrains.buildServer.util.ThreadStat$1] (value [jetbrains.buildServer.util.ThreadStat$1@79e702c7]) and a value of type [jetbrains.buildServer.util.ThreadStatNoOp] (value [jetbrains.buildServer.util.ThreadStatNoOp@2eee0023]) but failed to remove it when the web application was stopped. Threads are going to be renewed over time to try and avoid a probable memory leak.
11-Nov-2018 22:41:02.650 SEVERE [localhost-startStop-2] org.apache.catalina.loader.WebappClassLoaderBase.checkThreadLocalMapForLeaks The web application [ROOT] created a ThreadLocal with key of type [jetbrains.buildServer.serverSide.RequestStat$1] (value [jetbrains.buildServer.serverSide.RequestStat$1@3d309bcf]) and a value of type [jetbrains.buildServer.serverSide.RequestStat.NoOpRequestStat] (value [jetbrains.buildServer.serverSide.RequestStat$NoOpRequestStat@d0b3a68]) but failed to remove it when the web application was stopped. Threads are going to be renewed over time to try and avoid a probable memory leak.
11-Nov-2018 22:41:02.654 INFO [main] org.apache.coyote.AbstractProtocol.stop Stopping ProtocolHandler ["http-nio-8111"]
11-Nov-2018 22:41:02.655 INFO [main] org.apache.coyote.AbstractProtocol.destroy Destroying ProtocolHandler ["http-nio-8111"]
11-Nov-2018 22:41:07.179 INFO [main] org.apache.catalina.startup.VersionLoggerListener.log Server version:        Apache Tomcat/8.5.32
11-Nov-2018 22:41:07.182 INFO [main] org.apache.catalina.startup.VersionLoggerListener.log Server built:          Jun 20 2018 19:50:35 UTC
11-Nov-2018 22:41:07.182 INFO [main] org.apache.catalina.startup.VersionLoggerListener.log Server number:         8.5.32.0
11-Nov-2018 22:41:07.182 INFO [main] org.apache.catalina.startup.VersionLoggerListener.log OS Name:               Linux
11-Nov-2018 22:41:07.183 INFO [main] org.apache.catalina.startup.VersionLoggerListener.log OS Version:            4.15.0-36-generic
11-Nov-2018 22:41:07.183 INFO [main] org.apache.catalina.startup.VersionLoggerListener.log Architecture:          amd64
11-Nov-2018 22:41:07.183 INFO [main] org.apache.catalina.startup.VersionLoggerListener.log Java Home:             /usr/lib/jvm/oracle-jdk/jre
11-Nov-2018 22:41:07.183 INFO [main] org.apache.catalina.startup.VersionLoggerListener.log JVM Version:           1.8.0_161-b12
11-Nov-2018 22:41:07.183 INFO [main] org.apache.catalina.startup.VersionLoggerListener.log JVM Vendor:            Oracle Corporation
11-Nov-2018 22:41:07.183 INFO [main] org.apache.catalina.startup.VersionLoggerListener.log CATALINA_BASE:         /opt/teamcity
11-Nov-2018 22:41:07.183 INFO [main] org.apache.catalina.startup.VersionLoggerListener.log CATALINA_HOME:         /opt/teamcity
11-Nov-2018 22:41:07.184 INFO [main] org.apache.catalina.startup.VersionLoggerListener.log Command line argument: -Djava.util.logging.config.file=/opt/teamcity/conf/logging.properties
11-Nov-2018 22:41:07.184 INFO [main] org.apache.catalina.startup.VersionLoggerListener.log Command line argument: -Djava.util.logging.manager=org.apache.juli.ClassLoaderLogManager
11-Nov-2018 22:41:07.184 INFO [main] org.apache.catalina.startup.VersionLoggerListener.log Command line argument: -Djdk.tls.ephemeralDHKeySize=2048
11-Nov-2018 22:41:07.184 INFO [main] org.apache.catalina.startup.VersionLoggerListener.log Command line argument: -Djava.protocol.handler.pkgs=org.apache.catalina.webresources
11-Nov-2018 22:41:07.184 INFO [main] org.apache.catalina.startup.VersionLoggerListener.log Command line argument: -Dorg.apache.catalina.security.SecurityListener.UMASK=0027
11-Nov-2018 22:41:07.184 INFO [main] org.apache.catalina.startup.VersionLoggerListener.log Command line argument: -Xmx512m
11-Nov-2018 22:41:07.184 INFO [main] org.apache.catalina.startup.VersionLoggerListener.log Command line argument: -Dteamcity.configuration.path=../conf/teamcity-startup.properties
11-Nov-2018 22:41:07.184 INFO [main] org.apache.catalina.startup.VersionLoggerListener.log Command line argument: -Dlog4j.configuration=file:/opt/teamcity/bin/../conf/teamcity-server-log4j.xml
11-Nov-2018 22:41:07.185 INFO [main] org.apache.catalina.startup.VersionLoggerListener.log Command line argument: -Dteamcity_logs=/opt/teamcity/bin/../logs
11-Nov-2018 22:41:07.185 INFO [main] org.apache.catalina.startup.VersionLoggerListener.log Command line argument: -Djava.awt.headless=true
11-Nov-2018 22:41:07.185 INFO [main] org.apache.catalina.startup.VersionLoggerListener.log Command line argument: -Dignore.endorsed.dirs=
11-Nov-2018 22:41:07.185 INFO [main] org.apache.catalina.startup.VersionLoggerListener.log Command line argument: -Dcatalina.base=/opt/teamcity
11-Nov-2018 22:41:07.185 INFO [main] org.apache.catalina.startup.VersionLoggerListener.log Command line argument: -Dcatalina.home=/opt/teamcity
11-Nov-2018 22:41:07.185 INFO [main] org.apache.catalina.startup.VersionLoggerListener.log Command line argument: -Djava.io.tmpdir=/opt/teamcity/temp
11-Nov-2018 22:41:07.185 INFO [main] org.apache.catalina.core.AprLifecycleListener.lifecycleEvent The APR based Apache Tomcat Native library which allows optimal performance in production environments was not found on the java.library.path: [/usr/java/packages/lib/amd64:/usr/lib64:/lib64:/lib:/usr/lib]
11-Nov-2018 22:41:07.292 INFO [main] org.apache.coyote.AbstractProtocol.init Initializing ProtocolHandler ["http-nio-8111"]
11-Nov-2018 22:41:07.301 INFO [main] org.apache.tomcat.util.net.NioSelectorPool.getSharedSelector Using a shared selector for servlet write/read
11-Nov-2018 22:41:07.307 INFO [main] org.apache.catalina.startup.Catalina.load Initialization processed in 446 ms
11-Nov-2018 22:41:07.328 INFO [main] org.apache.catalina.core.StandardService.startInternal Starting service [Catalina]
11-Nov-2018 22:41:07.328 INFO [main] org.apache.catalina.core.StandardEngine.startInternal Starting Servlet Engine: Apache Tomcat/8.5.32
11-Nov-2018 22:41:07.334 INFO [localhost-startStop-1] org.apache.catalina.startup.HostConfig.deployDirectory Deploying web application directory [/opt/teamcity/webapps/ROOT]
11-Nov-2018 22:41:11.358 INFO [localhost-startStop-1] org.apache.catalina.startup.HostConfig.deployDirectory Deployment of web application directory [/opt/teamcity/webapps/ROOT] has finished in [4,024] ms
11-Nov-2018 22:41:11.360 INFO [main] org.apache.coyote.AbstractProtocol.start Starting ProtocolHandler ["http-nio-8111"]
11-Nov-2018 22:41:11.377 INFO [main] org.apache.catalina.startup.Catalina.start Server startup in 4070 ms
11-Nov-2018 22:46:09.077 INFO [main] org.apache.catalina.core.StandardServer.await A valid shutdown command was received via the shutdown port. Stopping the Server instance.
11-Nov-2018 22:46:09.077 INFO [main] org.apache.coyote.AbstractProtocol.pause Pausing ProtocolHandler ["http-nio-8111"]
11-Nov-2018 22:46:09.128 INFO [main] org.apache.catalina.core.StandardService.stopInternal Stopping service [Catalina]
11-Nov-2018 22:46:11.259 WARNING [localhost-startStop-2] org.apache.catalina.loader.WebappClassLoaderBase.clearReferencesJdbc The web application [ROOT] registered the JDBC driver [org.hsqldb.jdbc.JDBCDriver] but failed to unregister it when the web application was stopped. To prevent a memory leak, the JDBC Driver has been forcibly unregistered.
11-Nov-2018 22:46:11.259 WARNING [localhost-startStop-2] org.apache.catalina.loader.WebappClassLoaderBase.clearReferencesJdbc The web application [ROOT] registered the JDBC driver [org.hsqldb1.jdbcDriver] but failed to unregister it when the web application was stopped. To prevent a memory leak, the JDBC Driver has been forcibly unregistered.
11-Nov-2018 22:46:11.267 INFO [main] org.apache.coyote.AbstractProtocol.stop Stopping ProtocolHandler ["http-nio-8111"]
11-Nov-2018 22:46:11.268 INFO [main] org.apache.coyote.AbstractProtocol.destroy Destroying ProtocolHandler ["http-nio-8111"]
11-Nov-2018 22:46:18.383 INFO [main] org.apache.catalina.startup.VersionLoggerListener.log Server version:        Apache Tomcat/8.5.32
11-Nov-2018 22:46:18.385 INFO [main] org.apache.catalina.startup.VersionLoggerListener.log Server built:          Jun 20 2018 19:50:35 UTC
11-Nov-2018 22:46:18.385 INFO [main] org.apache.catalina.startup.VersionLoggerListener.log Server number:         8.5.32.0
11-Nov-2018 22:46:18.385 INFO [main] org.apache.catalina.startup.VersionLoggerListener.log OS Name:               Linux
11-Nov-2018 22:46:18.385 INFO [main] org.apache.catalina.startup.VersionLoggerListener.log OS Version:            4.15.0-36-generic
11-Nov-2018 22:46:18.385 INFO [main] org.apache.catalina.startup.VersionLoggerListener.log Architecture:          amd64
11-Nov-2018 22:46:18.385 INFO [main] org.apache.catalina.startup.VersionLoggerListener.log Java Home:             /usr/lib/jvm/oracle-jdk/jre
11-Nov-2018 22:46:18.385 INFO [main] org.apache.catalina.startup.VersionLoggerListener.log JVM Version:           1.8.0_161-b12
11-Nov-2018 22:46:18.386 INFO [main] org.apache.catalina.startup.VersionLoggerListener.log JVM Vendor:            Oracle Corporation
11-Nov-2018 22:46:18.386 INFO [main] org.apache.catalina.startup.VersionLoggerListener.log CATALINA_BASE:         /opt/teamcity
11-Nov-2018 22:46:18.386 INFO [main] org.apache.catalina.startup.VersionLoggerListener.log CATALINA_HOME:         /opt/teamcity
11-Nov-2018 22:46:18.386 INFO [main] org.apache.catalina.startup.VersionLoggerListener.log Command line argument: -Djava.util.logging.config.file=/opt/teamcity/conf/logging.properties
11-Nov-2018 22:46:18.386 INFO [main] org.apache.catalina.startup.VersionLoggerListener.log Command line argument: -Djava.util.logging.manager=org.apache.juli.ClassLoaderLogManager
11-Nov-2018 22:46:18.386 INFO [main] org.apache.catalina.startup.VersionLoggerListener.log Command line argument: -Djdk.tls.ephemeralDHKeySize=2048
11-Nov-2018 22:46:18.386 INFO [main] org.apache.catalina.startup.VersionLoggerListener.log Command line argument: -Djava.protocol.handler.pkgs=org.apache.catalina.webresources
11-Nov-2018 22:46:18.386 INFO [main] org.apache.catalina.startup.VersionLoggerListener.log Command line argument: -Dorg.apache.catalina.security.SecurityListener.UMASK=0027
11-Nov-2018 22:46:18.387 INFO [main] org.apache.catalina.startup.VersionLoggerListener.log Command line argument: -Xmx512m
11-Nov-2018 22:46:18.387 INFO [main] org.apache.catalina.startup.VersionLoggerListener.log Command line argument: -Dteamcity.configuration.path=../conf/teamcity-startup.properties
11-Nov-2018 22:46:18.387 INFO [main] org.apache.catalina.startup.VersionLoggerListener.log Command line argument: -Dlog4j.configuration=file:/opt/teamcity/bin/../conf/teamcity-server-log4j.xml
11-Nov-2018 22:46:18.387 INFO [main] org.apache.catalina.startup.VersionLoggerListener.log Command line argument: -Dteamcity_logs=/opt/teamcity/bin/../logs
11-Nov-2018 22:46:18.387 INFO [main] org.apache.catalina.startup.VersionLoggerListener.log Command line argument: -Djava.awt.headless=true
11-Nov-2018 22:46:18.387 INFO [main] org.apache.catalina.startup.VersionLoggerListener.log Command line argument: -Dignore.endorsed.dirs=
11-Nov-2018 22:46:18.387 INFO [main] org.apache.catalina.startup.VersionLoggerListener.log Command line argument: -Dcatalina.base=/opt/teamcity
11-Nov-2018 22:46:18.387 INFO [main] org.apache.catalina.startup.VersionLoggerListener.log Command line argument: -Dcatalina.home=/opt/teamcity
11-Nov-2018 22:46:18.387 INFO [main] org.apache.catalina.startup.VersionLoggerListener.log Command line argument: -Djava.io.tmpdir=/opt/teamcity/temp
11-Nov-2018 22:46:18.387 INFO [main] org.apache.catalina.core.AprLifecycleListener.lifecycleEvent The APR based Apache Tomcat Native library which allows optimal performance in production environments was not found on the java.library.path: [/usr/java/packages/lib/amd64:/usr/lib64:/lib64:/lib:/usr/lib]
11-Nov-2018 22:46:18.482 INFO [main] org.apache.coyote.AbstractProtocol.init Initializing ProtocolHandler ["http-nio-8111"]
11-Nov-2018 22:46:18.490 INFO [main] org.apache.tomcat.util.net.NioSelectorPool.getSharedSelector Using a shared selector for servlet write/read
11-Nov-2018 22:46:18.495 INFO [main] org.apache.catalina.startup.Catalina.load Initialization processed in 398 ms
11-Nov-2018 22:46:18.512 INFO [main] org.apache.catalina.core.StandardService.startInternal Starting service [Catalina]
11-Nov-2018 22:46:18.512 INFO [main] org.apache.catalina.core.StandardEngine.startInternal Starting Servlet Engine: Apache Tomcat/8.5.32
11-Nov-2018 22:46:18.519 INFO [localhost-startStop-1] org.apache.catalina.startup.HostConfig.deployDirectory Deploying web application directory [/opt/teamcity/webapps/ROOT]
11-Nov-2018 22:46:22.508 INFO [localhost-startStop-1] org.apache.catalina.startup.HostConfig.deployDirectory Deployment of web application directory [/opt/teamcity/webapps/ROOT] has finished in [3,989] ms
11-Nov-2018 22:46:22.512 INFO [main] org.apache.coyote.AbstractProtocol.start Starting ProtocolHandler ["http-nio-8111"]
11-Nov-2018 22:46:22.533 INFO [main] org.apache.catalina.startup.Catalina.start Server startup in 4038 ms
