12-Nov-2018 00:03:38.081 INFO [main] org.apache.catalina.core.StandardServer.await A valid shutdown command was received via the shutdown port. Stopping the Server instance.
12-Nov-2018 00:03:38.082 INFO [main] org.apache.coyote.AbstractProtocol.pause Pausing ProtocolHandler ["http-nio-8111"]
12-Nov-2018 00:03:38.133 INFO [main] org.apache.catalina.core.StandardService.stopInternal Stopping service [Catalina]
12-Nov-2018 00:03:40.207 WARNING [localhost-startStop-2] org.apache.catalina.loader.WebappClassLoaderBase.clearReferencesJdbc The web application [ROOT] registered the JDBC driver [org.hsqldb.jdbc.JDBCDriver] but failed to unregister it when the web application was stopped. To prevent a memory leak, the JDBC Driver has been forcibly unregistered.
12-Nov-2018 00:03:40.207 WARNING [localhost-startStop-2] org.apache.catalina.loader.WebappClassLoaderBase.clearReferencesJdbc The web application [ROOT] registered the JDBC driver [org.hsqldb1.jdbcDriver] but failed to unregister it when the web application was stopped. To prevent a memory leak, the JDBC Driver has been forcibly unregistered.
12-Nov-2018 00:03:40.208 WARNING [localhost-startStop-2] org.apache.catalina.loader.WebappClassLoaderBase.clearReferencesThreads The web application [ROOT] appears to have started a thread named [Agent Long-Polling Timeout 1] but has failed to stop it. This is very likely to create a memory leak. Stack trace of thread:
 java.lang.Thread.sleep(Native Method)
 jetbrains.buildServer.controllers.agentServer.LongPollingCommandsRequestsProcessor.lambda$new$1(LongPollingCommandsRequestsProcessor.java:25)
 jetbrains.buildServer.controllers.agentServer.LongPollingCommandsRequestsProcessor$$Lambda$104/96548145.run(Unknown Source)
 java.lang.Thread.run(Thread.java:748)
12-Nov-2018 00:03:40.215 INFO [main] org.apache.coyote.AbstractProtocol.stop Stopping ProtocolHandler ["http-nio-8111"]
12-Nov-2018 00:03:40.216 INFO [main] org.apache.coyote.AbstractProtocol.destroy Destroying ProtocolHandler ["http-nio-8111"]
12-Nov-2018 00:04:20.914 INFO [main] org.apache.catalina.startup.VersionLoggerListener.log Server version:        Apache Tomcat/8.5.32
12-Nov-2018 00:04:20.918 INFO [main] org.apache.catalina.startup.VersionLoggerListener.log Server built:          Jun 20 2018 19:50:35 UTC
12-Nov-2018 00:04:20.918 INFO [main] org.apache.catalina.startup.VersionLoggerListener.log Server number:         8.5.32.0
12-Nov-2018 00:04:20.919 INFO [main] org.apache.catalina.startup.VersionLoggerListener.log OS Name:               Linux
12-Nov-2018 00:04:20.919 INFO [main] org.apache.catalina.startup.VersionLoggerListener.log OS Version:            4.15.0-36-generic
12-Nov-2018 00:04:20.919 INFO [main] org.apache.catalina.startup.VersionLoggerListener.log Architecture:          amd64
12-Nov-2018 00:04:20.920 INFO [main] org.apache.catalina.startup.VersionLoggerListener.log Java Home:             /usr/lib/jvm/oracle-jdk/jre
12-Nov-2018 00:04:20.920 INFO [main] org.apache.catalina.startup.VersionLoggerListener.log JVM Version:           1.8.0_161-b12
12-Nov-2018 00:04:20.921 INFO [main] org.apache.catalina.startup.VersionLoggerListener.log JVM Vendor:            Oracle Corporation
12-Nov-2018 00:04:20.921 INFO [main] org.apache.catalina.startup.VersionLoggerListener.log CATALINA_BASE:         /opt/teamcity
12-Nov-2018 00:04:20.921 INFO [main] org.apache.catalina.startup.VersionLoggerListener.log CATALINA_HOME:         /opt/teamcity
12-Nov-2018 00:04:20.922 INFO [main] org.apache.catalina.startup.VersionLoggerListener.log Command line argument: -Djava.util.logging.config.file=/opt/teamcity/conf/logging.properties
12-Nov-2018 00:04:20.922 INFO [main] org.apache.catalina.startup.VersionLoggerListener.log Command line argument: -Djava.util.logging.manager=org.apache.juli.ClassLoaderLogManager
12-Nov-2018 00:04:20.923 INFO [main] org.apache.catalina.startup.VersionLoggerListener.log Command line argument: -Djdk.tls.ephemeralDHKeySize=2048
12-Nov-2018 00:04:20.923 INFO [main] org.apache.catalina.startup.VersionLoggerListener.log Command line argument: -Djava.protocol.handler.pkgs=org.apache.catalina.webresources
12-Nov-2018 00:04:20.923 INFO [main] org.apache.catalina.startup.VersionLoggerListener.log Command line argument: -Dorg.apache.catalina.security.SecurityListener.UMASK=0027
12-Nov-2018 00:04:20.923 INFO [main] org.apache.catalina.startup.VersionLoggerListener.log Command line argument: -Xmx512m
12-Nov-2018 00:04:20.924 INFO [main] org.apache.catalina.startup.VersionLoggerListener.log Command line argument: -Dteamcity.configuration.path=../conf/teamcity-startup.properties
12-Nov-2018 00:04:20.924 INFO [main] org.apache.catalina.startup.VersionLoggerListener.log Command line argument: -Dlog4j.configuration=file:/opt/teamcity/bin/../conf/teamcity-server-log4j.xml
12-Nov-2018 00:04:20.924 INFO [main] org.apache.catalina.startup.VersionLoggerListener.log Command line argument: -Dteamcity_logs=/opt/teamcity/bin/../logs
12-Nov-2018 00:04:20.925 INFO [main] org.apache.catalina.startup.VersionLoggerListener.log Command line argument: -Djava.awt.headless=true
12-Nov-2018 00:04:20.925 INFO [main] org.apache.catalina.startup.VersionLoggerListener.log Command line argument: -Dignore.endorsed.dirs=
12-Nov-2018 00:04:20.925 INFO [main] org.apache.catalina.startup.VersionLoggerListener.log Command line argument: -Dcatalina.base=/opt/teamcity
12-Nov-2018 00:04:20.925 INFO [main] org.apache.catalina.startup.VersionLoggerListener.log Command line argument: -Dcatalina.home=/opt/teamcity
12-Nov-2018 00:04:20.926 INFO [main] org.apache.catalina.startup.VersionLoggerListener.log Command line argument: -Djava.io.tmpdir=/opt/teamcity/temp
12-Nov-2018 00:04:20.926 INFO [main] org.apache.catalina.core.AprLifecycleListener.lifecycleEvent The APR based Apache Tomcat Native library which allows optimal performance in production environments was not found on the java.library.path: [/usr/java/packages/lib/amd64:/usr/lib64:/lib64:/lib:/usr/lib]
12-Nov-2018 00:04:21.099 INFO [main] org.apache.coyote.AbstractProtocol.init Initializing ProtocolHandler ["http-nio-8111"]
12-Nov-2018 00:04:21.122 INFO [main] org.apache.tomcat.util.net.NioSelectorPool.getSharedSelector Using a shared selector for servlet write/read
12-Nov-2018 00:04:21.149 INFO [main] org.apache.catalina.startup.Catalina.load Initialization processed in 821 ms
12-Nov-2018 00:04:21.210 INFO [main] org.apache.catalina.core.StandardService.startInternal Starting service [Catalina]
12-Nov-2018 00:04:21.211 INFO [main] org.apache.catalina.core.StandardEngine.startInternal Starting Servlet Engine: Apache Tomcat/8.5.32
12-Nov-2018 00:04:21.233 INFO [localhost-startStop-1] org.apache.catalina.startup.HostConfig.deployDirectory Deploying web application directory [/opt/teamcity/webapps/ROOT]
12-Nov-2018 00:04:26.298 INFO [localhost-startStop-1] org.apache.catalina.startup.HostConfig.deployDirectory Deployment of web application directory [/opt/teamcity/webapps/ROOT] has finished in [5,065] ms
12-Nov-2018 00:04:26.301 INFO [main] org.apache.coyote.AbstractProtocol.start Starting ProtocolHandler ["http-nio-8111"]
12-Nov-2018 00:04:26.313 INFO [main] org.apache.catalina.startup.Catalina.start Server startup in 5163 ms
12-Nov-2018 00:10:18.641 INFO [main] org.apache.catalina.startup.VersionLoggerListener.log Server version:        Apache Tomcat/8.5.32
12-Nov-2018 00:10:18.645 INFO [main] org.apache.catalina.startup.VersionLoggerListener.log Server built:          Jun 20 2018 19:50:35 UTC
12-Nov-2018 00:10:18.646 INFO [main] org.apache.catalina.startup.VersionLoggerListener.log Server number:         8.5.32.0
12-Nov-2018 00:10:18.655 INFO [main] org.apache.catalina.startup.VersionLoggerListener.log OS Name:               Linux
12-Nov-2018 00:10:18.656 INFO [main] org.apache.catalina.startup.VersionLoggerListener.log OS Version:            4.15.0-36-generic
12-Nov-2018 00:10:18.656 INFO [main] org.apache.catalina.startup.VersionLoggerListener.log Architecture:          amd64
12-Nov-2018 00:10:18.657 INFO [main] org.apache.catalina.startup.VersionLoggerListener.log Java Home:             /usr/lib/jvm/oracle-jdk/jre
12-Nov-2018 00:10:18.657 INFO [main] org.apache.catalina.startup.VersionLoggerListener.log JVM Version:           1.8.0_161-b12
12-Nov-2018 00:10:18.658 INFO [main] org.apache.catalina.startup.VersionLoggerListener.log JVM Vendor:            Oracle Corporation
12-Nov-2018 00:10:18.658 INFO [main] org.apache.catalina.startup.VersionLoggerListener.log CATALINA_BASE:         /opt/teamcity
12-Nov-2018 00:10:18.659 INFO [main] org.apache.catalina.startup.VersionLoggerListener.log CATALINA_HOME:         /opt/teamcity
12-Nov-2018 00:10:18.660 INFO [main] org.apache.catalina.startup.VersionLoggerListener.log Command line argument: -Djava.util.logging.config.file=/opt/teamcity/conf/logging.properties
12-Nov-2018 00:10:18.660 INFO [main] org.apache.catalina.startup.VersionLoggerListener.log Command line argument: -Djava.util.logging.manager=org.apache.juli.ClassLoaderLogManager
12-Nov-2018 00:10:18.661 INFO [main] org.apache.catalina.startup.VersionLoggerListener.log Command line argument: -Djdk.tls.ephemeralDHKeySize=2048
12-Nov-2018 00:10:18.661 INFO [main] org.apache.catalina.startup.VersionLoggerListener.log Command line argument: -Djava.protocol.handler.pkgs=org.apache.catalina.webresources
12-Nov-2018 00:10:18.662 INFO [main] org.apache.catalina.startup.VersionLoggerListener.log Command line argument: -Dorg.apache.catalina.security.SecurityListener.UMASK=0027
12-Nov-2018 00:10:18.662 INFO [main] org.apache.catalina.startup.VersionLoggerListener.log Command line argument: -Xmx512m
12-Nov-2018 00:10:18.662 INFO [main] org.apache.catalina.startup.VersionLoggerListener.log Command line argument: -Dteamcity.configuration.path=../conf/teamcity-startup.properties
12-Nov-2018 00:10:18.662 INFO [main] org.apache.catalina.startup.VersionLoggerListener.log Command line argument: -Dlog4j.configuration=file:/opt/teamcity/bin/../conf/teamcity-server-log4j.xml
12-Nov-2018 00:10:18.662 INFO [main] org.apache.catalina.startup.VersionLoggerListener.log Command line argument: -Dteamcity_logs=/opt/teamcity/bin/../logs
12-Nov-2018 00:10:18.663 INFO [main] org.apache.catalina.startup.VersionLoggerListener.log Command line argument: -Djava.awt.headless=true
12-Nov-2018 00:10:18.663 INFO [main] org.apache.catalina.startup.VersionLoggerListener.log Command line argument: -Dignore.endorsed.dirs=
12-Nov-2018 00:10:18.663 INFO [main] org.apache.catalina.startup.VersionLoggerListener.log Command line argument: -Dcatalina.base=/opt/teamcity
12-Nov-2018 00:10:18.663 INFO [main] org.apache.catalina.startup.VersionLoggerListener.log Command line argument: -Dcatalina.home=/opt/teamcity
12-Nov-2018 00:10:18.663 INFO [main] org.apache.catalina.startup.VersionLoggerListener.log Command line argument: -Djava.io.tmpdir=/opt/teamcity/temp
12-Nov-2018 00:10:18.664 INFO [main] org.apache.catalina.core.AprLifecycleListener.lifecycleEvent The APR based Apache Tomcat Native library which allows optimal performance in production environments was not found on the java.library.path: [/usr/java/packages/lib/amd64:/usr/lib64:/lib64:/lib:/usr/lib]
12-Nov-2018 00:10:18.935 INFO [main] org.apache.coyote.AbstractProtocol.init Initializing ProtocolHandler ["http-nio-8111"]
12-Nov-2018 00:10:18.950 INFO [main] org.apache.tomcat.util.net.NioSelectorPool.getSharedSelector Using a shared selector for servlet write/read
12-Nov-2018 00:10:18.966 INFO [main] org.apache.catalina.startup.Catalina.load Initialization processed in 916 ms
12-Nov-2018 00:10:19.026 INFO [main] org.apache.catalina.core.StandardService.startInternal Starting service [Catalina]
12-Nov-2018 00:10:19.030 INFO [main] org.apache.catalina.core.StandardEngine.startInternal Starting Servlet Engine: Apache Tomcat/8.5.32
12-Nov-2018 00:10:19.069 INFO [localhost-startStop-1] org.apache.catalina.startup.HostConfig.deployDirectory Deploying web application directory [/opt/teamcity/webapps/ROOT]
12-Nov-2018 00:10:25.221 INFO [localhost-startStop-1] org.apache.catalina.startup.HostConfig.deployDirectory Deployment of web application directory [/opt/teamcity/webapps/ROOT] has finished in [6,152] ms
12-Nov-2018 00:10:25.243 INFO [main] org.apache.coyote.AbstractProtocol.start Starting ProtocolHandler ["http-nio-8111"]
12-Nov-2018 00:10:25.335 INFO [main] org.apache.catalina.startup.Catalina.start Server startup in 6368 ms
12-Nov-2018 00:15:43.049 INFO [main] org.apache.catalina.core.StandardServer.await A valid shutdown command was received via the shutdown port. Stopping the Server instance.
12-Nov-2018 00:15:43.049 INFO [main] org.apache.coyote.AbstractProtocol.pause Pausing ProtocolHandler ["http-nio-8111"]
12-Nov-2018 00:15:43.100 INFO [main] org.apache.catalina.core.StandardService.stopInternal Stopping service [Catalina]
12-Nov-2018 00:15:44.953 WARNING [localhost-startStop-2] org.apache.catalina.loader.WebappClassLoaderBase.clearReferencesJdbc The web application [ROOT] registered the JDBC driver [org.hsqldb.jdbc.JDBCDriver] but failed to unregister it when the web application was stopped. To prevent a memory leak, the JDBC Driver has been forcibly unregistered.
12-Nov-2018 00:15:44.954 WARNING [localhost-startStop-2] org.apache.catalina.loader.WebappClassLoaderBase.clearReferencesJdbc The web application [ROOT] registered the JDBC driver [org.hsqldb1.jdbcDriver] but failed to unregister it when the web application was stopped. To prevent a memory leak, the JDBC Driver has been forcibly unregistered.
12-Nov-2018 00:15:44.955 WARNING [localhost-startStop-2] org.apache.catalina.loader.WebappClassLoaderBase.clearReferencesThreads The web application [ROOT] appears to have started a thread named [Agent Long-Polling Timeout 1] but has failed to stop it. This is very likely to create a memory leak. Stack trace of thread:
 java.lang.Thread.sleep(Native Method)
 jetbrains.buildServer.controllers.agentServer.LongPollingCommandsRequestsProcessor.lambda$new$1(LongPollingCommandsRequestsProcessor.java:25)
 jetbrains.buildServer.controllers.agentServer.LongPollingCommandsRequestsProcessor$$Lambda$107/910767145.run(Unknown Source)
 java.lang.Thread.run(Thread.java:748)
12-Nov-2018 00:15:44.960 INFO [main] org.apache.coyote.AbstractProtocol.stop Stopping ProtocolHandler ["http-nio-8111"]
12-Nov-2018 00:15:44.961 INFO [main] org.apache.coyote.AbstractProtocol.destroy Destroying ProtocolHandler ["http-nio-8111"]
12-Nov-2018 00:40:11.345 INFO [main] org.apache.catalina.startup.VersionLoggerListener.log Server version:        Apache Tomcat/8.5.32
12-Nov-2018 00:40:11.351 INFO [main] org.apache.catalina.startup.VersionLoggerListener.log Server built:          Jun 20 2018 19:50:35 UTC
12-Nov-2018 00:40:11.351 INFO [main] org.apache.catalina.startup.VersionLoggerListener.log Server number:         8.5.32.0
12-Nov-2018 00:40:11.351 INFO [main] org.apache.catalina.startup.VersionLoggerListener.log OS Name:               Linux
12-Nov-2018 00:40:11.352 INFO [main] org.apache.catalina.startup.VersionLoggerListener.log OS Version:            4.15.0-36-generic
12-Nov-2018 00:40:11.352 INFO [main] org.apache.catalina.startup.VersionLoggerListener.log Architecture:          amd64
12-Nov-2018 00:40:11.352 INFO [main] org.apache.catalina.startup.VersionLoggerListener.log Java Home:             /usr/lib/jvm/oracle-jdk/jre
12-Nov-2018 00:40:11.352 INFO [main] org.apache.catalina.startup.VersionLoggerListener.log JVM Version:           1.8.0_161-b12
12-Nov-2018 00:40:11.353 INFO [main] org.apache.catalina.startup.VersionLoggerListener.log JVM Vendor:            Oracle Corporation
12-Nov-2018 00:40:11.353 INFO [main] org.apache.catalina.startup.VersionLoggerListener.log CATALINA_BASE:         /opt/teamcity
12-Nov-2018 00:40:11.353 INFO [main] org.apache.catalina.startup.VersionLoggerListener.log CATALINA_HOME:         /opt/teamcity
12-Nov-2018 00:40:11.355 INFO [main] org.apache.catalina.startup.VersionLoggerListener.log Command line argument: -Djava.util.logging.config.file=/opt/teamcity/conf/logging.properties
12-Nov-2018 00:40:11.355 INFO [main] org.apache.catalina.startup.VersionLoggerListener.log Command line argument: -Djava.util.logging.manager=org.apache.juli.ClassLoaderLogManager
12-Nov-2018 00:40:11.355 INFO [main] org.apache.catalina.startup.VersionLoggerListener.log Command line argument: -Djdk.tls.ephemeralDHKeySize=2048
12-Nov-2018 00:40:11.356 INFO [main] org.apache.catalina.startup.VersionLoggerListener.log Command line argument: -Djava.protocol.handler.pkgs=org.apache.catalina.webresources
12-Nov-2018 00:40:11.356 INFO [main] org.apache.catalina.startup.VersionLoggerListener.log Command line argument: -Dorg.apache.catalina.security.SecurityListener.UMASK=0027
12-Nov-2018 00:40:11.356 INFO [main] org.apache.catalina.startup.VersionLoggerListener.log Command line argument: -Xmx512m
12-Nov-2018 00:40:11.356 INFO [main] org.apache.catalina.startup.VersionLoggerListener.log Command line argument: -Dteamcity.configuration.path=../conf/teamcity-startup.properties
12-Nov-2018 00:40:11.357 INFO [main] org.apache.catalina.startup.VersionLoggerListener.log Command line argument: -Dlog4j.configuration=file:/opt/teamcity/bin/../conf/teamcity-server-log4j.xml
12-Nov-2018 00:40:11.357 INFO [main] org.apache.catalina.startup.VersionLoggerListener.log Command line argument: -Dteamcity_logs=/opt/teamcity/bin/../logs
12-Nov-2018 00:40:11.358 INFO [main] org.apache.catalina.startup.VersionLoggerListener.log Command line argument: -Djava.awt.headless=true
12-Nov-2018 00:40:11.359 INFO [main] org.apache.catalina.startup.VersionLoggerListener.log Command line argument: -Dignore.endorsed.dirs=
12-Nov-2018 00:40:11.359 INFO [main] org.apache.catalina.startup.VersionLoggerListener.log Command line argument: -Dcatalina.base=/opt/teamcity
12-Nov-2018 00:40:11.359 INFO [main] org.apache.catalina.startup.VersionLoggerListener.log Command line argument: -Dcatalina.home=/opt/teamcity
12-Nov-2018 00:40:11.359 INFO [main] org.apache.catalina.startup.VersionLoggerListener.log Command line argument: -Djava.io.tmpdir=/opt/teamcity/temp
12-Nov-2018 00:40:11.359 INFO [main] org.apache.catalina.core.AprLifecycleListener.lifecycleEvent The APR based Apache Tomcat Native library which allows optimal performance in production environments was not found on the java.library.path: [/usr/java/packages/lib/amd64:/usr/lib64:/lib64:/lib:/usr/lib]
12-Nov-2018 00:40:11.650 INFO [main] org.apache.coyote.AbstractProtocol.init Initializing ProtocolHandler ["http-nio-8111"]
12-Nov-2018 00:40:11.690 INFO [main] org.apache.tomcat.util.net.NioSelectorPool.getSharedSelector Using a shared selector for servlet write/read
12-Nov-2018 00:40:11.713 INFO [main] org.apache.catalina.startup.Catalina.load Initialization processed in 979 ms
12-Nov-2018 00:40:11.775 INFO [main] org.apache.catalina.core.StandardService.startInternal Starting service [Catalina]
12-Nov-2018 00:40:11.775 INFO [main] org.apache.catalina.core.StandardEngine.startInternal Starting Servlet Engine: Apache Tomcat/8.5.32
12-Nov-2018 00:40:11.789 INFO [localhost-startStop-1] org.apache.catalina.startup.HostConfig.deployDirectory Deploying web application directory [/opt/teamcity/webapps/ROOT]
12-Nov-2018 00:40:18.343 INFO [localhost-startStop-1] org.apache.catalina.startup.HostConfig.deployDirectory Deployment of web application directory [/opt/teamcity/webapps/ROOT] has finished in [6,547] ms
12-Nov-2018 00:40:18.354 INFO [main] org.apache.coyote.AbstractProtocol.start Starting ProtocolHandler ["http-nio-8111"]
12-Nov-2018 00:40:18.473 INFO [main] org.apache.catalina.startup.Catalina.start Server startup in 6760 ms
12-Nov-2018 04:19:45.309 INFO [main] org.apache.catalina.core.StandardServer.await A valid shutdown command was received via the shutdown port. Stopping the Server instance.
12-Nov-2018 04:19:45.309 INFO [main] org.apache.coyote.AbstractProtocol.pause Pausing ProtocolHandler ["http-nio-8111"]
12-Nov-2018 04:19:45.360 INFO [main] org.apache.catalina.core.StandardService.stopInternal Stopping service [Catalina]
12-Nov-2018 04:19:46.956 WARNING [localhost-startStop-2] org.apache.catalina.loader.WebappClassLoaderBase.clearReferencesJdbc The web application [ROOT] registered the JDBC driver [org.hsqldb.jdbc.JDBCDriver] but failed to unregister it when the web application was stopped. To prevent a memory leak, the JDBC Driver has been forcibly unregistered.
12-Nov-2018 04:19:46.956 WARNING [localhost-startStop-2] org.apache.catalina.loader.WebappClassLoaderBase.clearReferencesJdbc The web application [ROOT] registered the JDBC driver [org.hsqldb1.jdbcDriver] but failed to unregister it when the web application was stopped. To prevent a memory leak, the JDBC Driver has been forcibly unregistered.
12-Nov-2018 04:19:46.958 WARNING [localhost-startStop-2] org.apache.catalina.loader.WebappClassLoaderBase.clearReferencesThreads The web application [ROOT] appears to have started a thread named [Agent Long-Polling Timeout 1] but has failed to stop it. This is very likely to create a memory leak. Stack trace of thread:
 java.lang.Thread.sleep(Native Method)
 jetbrains.buildServer.controllers.agentServer.LongPollingCommandsRequestsProcessor.lambda$new$1(LongPollingCommandsRequestsProcessor.java:25)
 jetbrains.buildServer.controllers.agentServer.LongPollingCommandsRequestsProcessor$$Lambda$107/1164589003.run(Unknown Source)
 java.lang.Thread.run(Thread.java:748)
12-Nov-2018 04:19:46.961 SEVERE [localhost-startStop-2] org.apache.catalina.loader.WebappClassLoaderBase.checkThreadLocalMapForLeaks The web application [ROOT] created a ThreadLocal with key of type [jetbrains.buildServer.util.ThreadStat$1] (value [jetbrains.buildServer.util.ThreadStat$1@6fe3fdd9]) and a value of type [jetbrains.buildServer.util.ThreadStatNoOp] (value [jetbrains.buildServer.util.ThreadStatNoOp@2c9447f1]) but failed to remove it when the web application was stopped. Threads are going to be renewed over time to try and avoid a probable memory leak.
12-Nov-2018 04:19:46.962 SEVERE [localhost-startStop-2] org.apache.catalina.loader.WebappClassLoaderBase.checkThreadLocalMapForLeaks The web application [ROOT] created a ThreadLocal with key of type [jetbrains.buildServer.serverSide.RequestStat$1] (value [jetbrains.buildServer.serverSide.RequestStat$1@72e5314a]) and a value of type [jetbrains.buildServer.serverSide.RequestStat.NoOpRequestStat] (value [jetbrains.buildServer.serverSide.RequestStat$NoOpRequestStat@5d480cf9]) but failed to remove it when the web application was stopped. Threads are going to be renewed over time to try and avoid a probable memory leak.
12-Nov-2018 04:19:46.965 INFO [main] org.apache.coyote.AbstractProtocol.stop Stopping ProtocolHandler ["http-nio-8111"]
12-Nov-2018 04:19:46.967 INFO [main] org.apache.coyote.AbstractProtocol.destroy Destroying ProtocolHandler ["http-nio-8111"]
12-Nov-2018 04:23:04.087 INFO [main] org.apache.catalina.startup.VersionLoggerListener.log Server version:        Apache Tomcat/8.5.32
12-Nov-2018 04:23:04.089 INFO [main] org.apache.catalina.startup.VersionLoggerListener.log Server built:          Jun 20 2018 19:50:35 UTC
12-Nov-2018 04:23:04.089 INFO [main] org.apache.catalina.startup.VersionLoggerListener.log Server number:         8.5.32.0
12-Nov-2018 04:23:04.090 INFO [main] org.apache.catalina.startup.VersionLoggerListener.log OS Name:               Linux
12-Nov-2018 04:23:04.090 INFO [main] org.apache.catalina.startup.VersionLoggerListener.log OS Version:            4.15.0-36-generic
12-Nov-2018 04:23:04.090 INFO [main] org.apache.catalina.startup.VersionLoggerListener.log Architecture:          amd64
12-Nov-2018 04:23:04.090 INFO [main] org.apache.catalina.startup.VersionLoggerListener.log Java Home:             /usr/lib/jvm/oracle-jdk/jre
12-Nov-2018 04:23:04.090 INFO [main] org.apache.catalina.startup.VersionLoggerListener.log JVM Version:           1.8.0_161-b12
12-Nov-2018 04:23:04.090 INFO [main] org.apache.catalina.startup.VersionLoggerListener.log JVM Vendor:            Oracle Corporation
12-Nov-2018 04:23:04.090 INFO [main] org.apache.catalina.startup.VersionLoggerListener.log CATALINA_BASE:         /opt/teamcity
12-Nov-2018 04:23:04.090 INFO [main] org.apache.catalina.startup.VersionLoggerListener.log CATALINA_HOME:         /opt/teamcity
12-Nov-2018 04:23:04.091 INFO [main] org.apache.catalina.startup.VersionLoggerListener.log Command line argument: -Djava.util.logging.config.file=/opt/teamcity/conf/logging.properties
12-Nov-2018 04:23:04.091 INFO [main] org.apache.catalina.startup.VersionLoggerListener.log Command line argument: -Djava.util.logging.manager=org.apache.juli.ClassLoaderLogManager
12-Nov-2018 04:23:04.091 INFO [main] org.apache.catalina.startup.VersionLoggerListener.log Command line argument: -Djdk.tls.ephemeralDHKeySize=2048
12-Nov-2018 04:23:04.091 INFO [main] org.apache.catalina.startup.VersionLoggerListener.log Command line argument: -Djava.protocol.handler.pkgs=org.apache.catalina.webresources
12-Nov-2018 04:23:04.091 INFO [main] org.apache.catalina.startup.VersionLoggerListener.log Command line argument: -Dorg.apache.catalina.security.SecurityListener.UMASK=0027
12-Nov-2018 04:23:04.091 INFO [main] org.apache.catalina.startup.VersionLoggerListener.log Command line argument: -Xmx512m
12-Nov-2018 04:23:04.091 INFO [main] org.apache.catalina.startup.VersionLoggerListener.log Command line argument: -Dteamcity.configuration.path=../conf/teamcity-startup.properties
12-Nov-2018 04:23:04.091 INFO [main] org.apache.catalina.startup.VersionLoggerListener.log Command line argument: -Dlog4j.configuration=file:/opt/teamcity/bin/../conf/teamcity-server-log4j.xml
12-Nov-2018 04:23:04.091 INFO [main] org.apache.catalina.startup.VersionLoggerListener.log Command line argument: -Dteamcity_logs=/opt/teamcity/bin/../logs
12-Nov-2018 04:23:04.091 INFO [main] org.apache.catalina.startup.VersionLoggerListener.log Command line argument: -Djava.awt.headless=true
12-Nov-2018 04:23:04.091 INFO [main] org.apache.catalina.startup.VersionLoggerListener.log Command line argument: -Dignore.endorsed.dirs=
12-Nov-2018 04:23:04.092 INFO [main] org.apache.catalina.startup.VersionLoggerListener.log Command line argument: -Dcatalina.base=/opt/teamcity
12-Nov-2018 04:23:04.092 INFO [main] org.apache.catalina.startup.VersionLoggerListener.log Command line argument: -Dcatalina.home=/opt/teamcity
12-Nov-2018 04:23:04.092 INFO [main] org.apache.catalina.startup.VersionLoggerListener.log Command line argument: -Djava.io.tmpdir=/opt/teamcity/temp
12-Nov-2018 04:23:04.092 INFO [main] org.apache.catalina.core.AprLifecycleListener.lifecycleEvent The APR based Apache Tomcat Native library which allows optimal performance in production environments was not found on the java.library.path: [/usr/java/packages/lib/amd64:/usr/lib64:/lib64:/lib:/usr/lib]
12-Nov-2018 04:23:04.200 INFO [main] org.apache.coyote.AbstractProtocol.init Initializing ProtocolHandler ["http-nio-8111"]
12-Nov-2018 04:23:04.210 INFO [main] org.apache.tomcat.util.net.NioSelectorPool.getSharedSelector Using a shared selector for servlet write/read
12-Nov-2018 04:23:04.217 INFO [main] org.apache.catalina.startup.Catalina.load Initialization processed in 493 ms
12-Nov-2018 04:23:04.245 INFO [main] org.apache.catalina.core.StandardService.startInternal Starting service [Catalina]
12-Nov-2018 04:23:04.245 INFO [main] org.apache.catalina.core.StandardEngine.startInternal Starting Servlet Engine: Apache Tomcat/8.5.32
12-Nov-2018 04:23:04.253 INFO [localhost-startStop-1] org.apache.catalina.startup.HostConfig.deployDirectory Deploying web application directory [/opt/teamcity/webapps/ROOT]
12-Nov-2018 04:23:12.858 INFO [localhost-startStop-1] org.apache.catalina.startup.HostConfig.deployDirectory Deployment of web application directory [/opt/teamcity/webapps/ROOT] has finished in [8,604] ms
12-Nov-2018 04:23:12.946 INFO [main] org.apache.coyote.AbstractProtocol.start Starting ProtocolHandler ["http-nio-8111"]
12-Nov-2018 04:23:13.082 INFO [main] org.apache.catalina.startup.Catalina.start Server startup in 8864 ms
12-Nov-2018 16:23:40.331 INFO [main] org.apache.catalina.core.StandardServer.await A valid shutdown command was received via the shutdown port. Stopping the Server instance.
12-Nov-2018 16:23:40.332 INFO [main] org.apache.coyote.AbstractProtocol.pause Pausing ProtocolHandler ["http-nio-8111"]
12-Nov-2018 16:23:40.383 INFO [main] org.apache.catalina.core.StandardService.stopInternal Stopping service [Catalina]
12-Nov-2018 16:23:42.218 WARNING [localhost-startStop-2] org.apache.catalina.loader.WebappClassLoaderBase.clearReferencesJdbc The web application [ROOT] registered the JDBC driver [org.hsqldb.jdbc.JDBCDriver] but failed to unregister it when the web application was stopped. To prevent a memory leak, the JDBC Driver has been forcibly unregistered.
12-Nov-2018 16:23:42.219 WARNING [localhost-startStop-2] org.apache.catalina.loader.WebappClassLoaderBase.clearReferencesJdbc The web application [ROOT] registered the JDBC driver [org.hsqldb1.jdbcDriver] but failed to unregister it when the web application was stopped. To prevent a memory leak, the JDBC Driver has been forcibly unregistered.
12-Nov-2018 16:23:42.220 WARNING [localhost-startStop-2] org.apache.catalina.loader.WebappClassLoaderBase.clearReferencesThreads The web application [ROOT] appears to have started a thread named [Agent Long-Polling Timeout 1] but has failed to stop it. This is very likely to create a memory leak. Stack trace of thread:
 java.lang.Thread.sleep(Native Method)
 jetbrains.buildServer.controllers.agentServer.LongPollingCommandsRequestsProcessor.lambda$new$1(LongPollingCommandsRequestsProcessor.java:25)
 jetbrains.buildServer.controllers.agentServer.LongPollingCommandsRequestsProcessor$$Lambda$107/943486434.run(Unknown Source)
 java.lang.Thread.run(Thread.java:748)
12-Nov-2018 16:23:42.221 SEVERE [localhost-startStop-2] org.apache.catalina.loader.WebappClassLoaderBase.checkThreadLocalMapForLeaks The web application [ROOT] created a ThreadLocal with key of type [jetbrains.buildServer.util.ThreadStat$1] (value [jetbrains.buildServer.util.ThreadStat$1@6088f32d]) and a value of type [jetbrains.buildServer.util.ThreadStatNoOp] (value [jetbrains.buildServer.util.ThreadStatNoOp@65b1313b]) but failed to remove it when the web application was stopped. Threads are going to be renewed over time to try and avoid a probable memory leak.
12-Nov-2018 16:23:42.222 SEVERE [localhost-startStop-2] org.apache.catalina.loader.WebappClassLoaderBase.checkThreadLocalMapForLeaks The web application [ROOT] created a ThreadLocal with key of type [jetbrains.buildServer.serverSide.RequestStat$1] (value [jetbrains.buildServer.serverSide.RequestStat$1@d01b7f5]) and a value of type [jetbrains.buildServer.serverSide.RequestStat.NoOpRequestStat] (value [jetbrains.buildServer.serverSide.RequestStat$NoOpRequestStat@10963781]) but failed to remove it when the web application was stopped. Threads are going to be renewed over time to try and avoid a probable memory leak.
12-Nov-2018 16:23:42.225 INFO [main] org.apache.coyote.AbstractProtocol.stop Stopping ProtocolHandler ["http-nio-8111"]
12-Nov-2018 16:23:42.226 INFO [main] org.apache.coyote.AbstractProtocol.destroy Destroying ProtocolHandler ["http-nio-8111"]
12-Nov-2018 16:26:30.834 INFO [main] org.apache.catalina.startup.VersionLoggerListener.log Server version:        Apache Tomcat/8.5.32
12-Nov-2018 16:26:30.836 INFO [main] org.apache.catalina.startup.VersionLoggerListener.log Server built:          Jun 20 2018 19:50:35 UTC
12-Nov-2018 16:26:30.836 INFO [main] org.apache.catalina.startup.VersionLoggerListener.log Server number:         8.5.32.0
12-Nov-2018 16:26:30.836 INFO [main] org.apache.catalina.startup.VersionLoggerListener.log OS Name:               Linux
12-Nov-2018 16:26:30.836 INFO [main] org.apache.catalina.startup.VersionLoggerListener.log OS Version:            4.15.0-36-generic
12-Nov-2018 16:26:30.837 INFO [main] org.apache.catalina.startup.VersionLoggerListener.log Architecture:          amd64
12-Nov-2018 16:26:30.837 INFO [main] org.apache.catalina.startup.VersionLoggerListener.log Java Home:             /usr/lib/jvm/oracle-jdk/jre
12-Nov-2018 16:26:30.837 INFO [main] org.apache.catalina.startup.VersionLoggerListener.log JVM Version:           1.8.0_161-b12
12-Nov-2018 16:26:30.837 INFO [main] org.apache.catalina.startup.VersionLoggerListener.log JVM Vendor:            Oracle Corporation
12-Nov-2018 16:26:30.837 INFO [main] org.apache.catalina.startup.VersionLoggerListener.log CATALINA_BASE:         /opt/teamcity
12-Nov-2018 16:26:30.837 INFO [main] org.apache.catalina.startup.VersionLoggerListener.log CATALINA_HOME:         /opt/teamcity
12-Nov-2018 16:26:30.837 INFO [main] org.apache.catalina.startup.VersionLoggerListener.log Command line argument: -Djava.util.logging.config.file=/opt/teamcity/conf/logging.properties
12-Nov-2018 16:26:30.837 INFO [main] org.apache.catalina.startup.VersionLoggerListener.log Command line argument: -Djava.util.logging.manager=org.apache.juli.ClassLoaderLogManager
12-Nov-2018 16:26:30.838 INFO [main] org.apache.catalina.startup.VersionLoggerListener.log Command line argument: -Djdk.tls.ephemeralDHKeySize=2048
12-Nov-2018 16:26:30.838 INFO [main] org.apache.catalina.startup.VersionLoggerListener.log Command line argument: -Djava.protocol.handler.pkgs=org.apache.catalina.webresources
12-Nov-2018 16:26:30.838 INFO [main] org.apache.catalina.startup.VersionLoggerListener.log Command line argument: -Dorg.apache.catalina.security.SecurityListener.UMASK=0027
12-Nov-2018 16:26:30.838 INFO [main] org.apache.catalina.startup.VersionLoggerListener.log Command line argument: -Xmx512m
12-Nov-2018 16:26:30.838 INFO [main] org.apache.catalina.startup.VersionLoggerListener.log Command line argument: -Dteamcity.configuration.path=../conf/teamcity-startup.properties
12-Nov-2018 16:26:30.838 INFO [main] org.apache.catalina.startup.VersionLoggerListener.log Command line argument: -Dlog4j.configuration=file:/opt/teamcity/bin/../conf/teamcity-server-log4j.xml
12-Nov-2018 16:26:30.838 INFO [main] org.apache.catalina.startup.VersionLoggerListener.log Command line argument: -Dteamcity_logs=/opt/teamcity/bin/../logs
12-Nov-2018 16:26:30.838 INFO [main] org.apache.catalina.startup.VersionLoggerListener.log Command line argument: -Djava.awt.headless=true
12-Nov-2018 16:26:30.838 INFO [main] org.apache.catalina.startup.VersionLoggerListener.log Command line argument: -Dignore.endorsed.dirs=
12-Nov-2018 16:26:30.839 INFO [main] org.apache.catalina.startup.VersionLoggerListener.log Command line argument: -Dcatalina.base=/opt/teamcity
12-Nov-2018 16:26:30.839 INFO [main] org.apache.catalina.startup.VersionLoggerListener.log Command line argument: -Dcatalina.home=/opt/teamcity
12-Nov-2018 16:26:30.839 INFO [main] org.apache.catalina.startup.VersionLoggerListener.log Command line argument: -Djava.io.tmpdir=/opt/teamcity/temp
12-Nov-2018 16:26:30.839 INFO [main] org.apache.catalina.core.AprLifecycleListener.lifecycleEvent The APR based Apache Tomcat Native library which allows optimal performance in production environments was not found on the java.library.path: [/usr/java/packages/lib/amd64:/usr/lib64:/lib64:/lib:/usr/lib]
12-Nov-2018 16:26:30.961 INFO [main] org.apache.coyote.AbstractProtocol.init Initializing ProtocolHandler ["http-nio-8111"]
12-Nov-2018 16:26:30.972 INFO [main] org.apache.tomcat.util.net.NioSelectorPool.getSharedSelector Using a shared selector for servlet write/read
12-Nov-2018 16:26:30.978 INFO [main] org.apache.catalina.startup.Catalina.load Initialization processed in 467 ms
12-Nov-2018 16:26:30.999 INFO [main] org.apache.catalina.core.StandardService.startInternal Starting service [Catalina]
12-Nov-2018 16:26:30.999 INFO [main] org.apache.catalina.core.StandardEngine.startInternal Starting Servlet Engine: Apache Tomcat/8.5.32
12-Nov-2018 16:26:31.008 INFO [localhost-startStop-1] org.apache.catalina.startup.HostConfig.deployDirectory Deploying web application directory [/opt/teamcity/webapps/ROOT]
12-Nov-2018 16:26:38.422 INFO [localhost-startStop-1] org.apache.catalina.startup.HostConfig.deployDirectory Deployment of web application directory [/opt/teamcity/webapps/ROOT] has finished in [7,407] ms
12-Nov-2018 16:26:38.447 INFO [main] org.apache.coyote.AbstractProtocol.start Starting ProtocolHandler ["http-nio-8111"]
12-Nov-2018 16:26:38.594 INFO [main] org.apache.catalina.startup.Catalina.start Server startup in 7616 ms
12-Nov-2018 16:28:37.909 INFO [main] org.apache.catalina.startup.VersionLoggerListener.log Server version:        Apache Tomcat/8.5.32
12-Nov-2018 16:28:37.913 INFO [main] org.apache.catalina.startup.VersionLoggerListener.log Server built:          Jun 20 2018 19:50:35 UTC
12-Nov-2018 16:28:37.913 INFO [main] org.apache.catalina.startup.VersionLoggerListener.log Server number:         8.5.32.0
12-Nov-2018 16:28:37.913 INFO [main] org.apache.catalina.startup.VersionLoggerListener.log OS Name:               Linux
12-Nov-2018 16:28:37.913 INFO [main] org.apache.catalina.startup.VersionLoggerListener.log OS Version:            4.15.0-36-generic
12-Nov-2018 16:28:37.913 INFO [main] org.apache.catalina.startup.VersionLoggerListener.log Architecture:          amd64
12-Nov-2018 16:28:37.913 INFO [main] org.apache.catalina.startup.VersionLoggerListener.log Java Home:             /usr/lib/jvm/oracle-jdk/jre
12-Nov-2018 16:28:37.913 INFO [main] org.apache.catalina.startup.VersionLoggerListener.log JVM Version:           1.8.0_161-b12
12-Nov-2018 16:28:37.913 INFO [main] org.apache.catalina.startup.VersionLoggerListener.log JVM Vendor:            Oracle Corporation
12-Nov-2018 16:28:37.914 INFO [main] org.apache.catalina.startup.VersionLoggerListener.log CATALINA_BASE:         /opt/teamcity
12-Nov-2018 16:28:37.914 INFO [main] org.apache.catalina.startup.VersionLoggerListener.log CATALINA_HOME:         /opt/teamcity
12-Nov-2018 16:28:37.914 INFO [main] org.apache.catalina.startup.VersionLoggerListener.log Command line argument: -Djava.util.logging.config.file=/opt/teamcity/conf/logging.properties
12-Nov-2018 16:28:37.914 INFO [main] org.apache.catalina.startup.VersionLoggerListener.log Command line argument: -Djava.util.logging.manager=org.apache.juli.ClassLoaderLogManager
12-Nov-2018 16:28:37.914 INFO [main] org.apache.catalina.startup.VersionLoggerListener.log Command line argument: -Djdk.tls.ephemeralDHKeySize=2048
12-Nov-2018 16:28:37.914 INFO [main] org.apache.catalina.startup.VersionLoggerListener.log Command line argument: -Djava.protocol.handler.pkgs=org.apache.catalina.webresources
12-Nov-2018 16:28:37.914 INFO [main] org.apache.catalina.startup.VersionLoggerListener.log Command line argument: -Dorg.apache.catalina.security.SecurityListener.UMASK=0027
12-Nov-2018 16:28:37.914 INFO [main] org.apache.catalina.startup.VersionLoggerListener.log Command line argument: -Xmx512m
12-Nov-2018 16:28:37.915 INFO [main] org.apache.catalina.startup.VersionLoggerListener.log Command line argument: -Dteamcity.configuration.path=../conf/teamcity-startup.properties
12-Nov-2018 16:28:37.915 INFO [main] org.apache.catalina.startup.VersionLoggerListener.log Command line argument: -Dlog4j.configuration=file:/opt/teamcity/bin/../conf/teamcity-server-log4j.xml
12-Nov-2018 16:28:37.915 INFO [main] org.apache.catalina.startup.VersionLoggerListener.log Command line argument: -Dteamcity_logs=/opt/teamcity/bin/../logs
12-Nov-2018 16:28:37.915 INFO [main] org.apache.catalina.startup.VersionLoggerListener.log Command line argument: -Djava.awt.headless=true
12-Nov-2018 16:28:37.915 INFO [main] org.apache.catalina.startup.VersionLoggerListener.log Command line argument: -Dignore.endorsed.dirs=
12-Nov-2018 16:28:37.915 INFO [main] org.apache.catalina.startup.VersionLoggerListener.log Command line argument: -Dcatalina.base=/opt/teamcity
12-Nov-2018 16:28:37.915 INFO [main] org.apache.catalina.startup.VersionLoggerListener.log Command line argument: -Dcatalina.home=/opt/teamcity
12-Nov-2018 16:28:37.915 INFO [main] org.apache.catalina.startup.VersionLoggerListener.log Command line argument: -Djava.io.tmpdir=/opt/teamcity/temp
12-Nov-2018 16:28:37.915 INFO [main] org.apache.catalina.core.AprLifecycleListener.lifecycleEvent The APR based Apache Tomcat Native library which allows optimal performance in production environments was not found on the java.library.path: [/usr/java/packages/lib/amd64:/usr/lib64:/lib64:/lib:/usr/lib]
12-Nov-2018 16:28:38.123 INFO [main] org.apache.coyote.AbstractProtocol.init Initializing ProtocolHandler ["http-nio-8111"]
12-Nov-2018 16:28:38.138 INFO [main] org.apache.tomcat.util.net.NioSelectorPool.getSharedSelector Using a shared selector for servlet write/read
12-Nov-2018 16:28:38.147 INFO [main] org.apache.catalina.startup.Catalina.load Initialization processed in 936 ms
12-Nov-2018 16:28:38.179 INFO [main] org.apache.catalina.core.StandardService.startInternal Starting service [Catalina]
12-Nov-2018 16:28:38.179 INFO [main] org.apache.catalina.core.StandardEngine.startInternal Starting Servlet Engine: Apache Tomcat/8.5.32
12-Nov-2018 16:28:38.189 INFO [localhost-startStop-1] org.apache.catalina.startup.HostConfig.deployDirectory Deploying web application directory [/opt/teamcity/webapps/ROOT]
12-Nov-2018 16:28:45.654 INFO [localhost-startStop-1] org.apache.catalina.startup.HostConfig.deployDirectory Deployment of web application directory [/opt/teamcity/webapps/ROOT] has finished in [7,459] ms
12-Nov-2018 16:28:45.678 INFO [main] org.apache.coyote.AbstractProtocol.start Starting ProtocolHandler ["http-nio-8111"]
12-Nov-2018 16:28:45.781 INFO [main] org.apache.catalina.startup.Catalina.start Server startup in 7633 ms
12-Nov-2018 16:38:37.811 INFO [main] org.apache.catalina.core.StandardServer.await A valid shutdown command was received via the shutdown port. Stopping the Server instance.
12-Nov-2018 16:38:37.811 INFO [main] org.apache.coyote.AbstractProtocol.pause Pausing ProtocolHandler ["http-nio-8111"]
12-Nov-2018 16:38:37.862 INFO [main] org.apache.catalina.core.StandardService.stopInternal Stopping service [Catalina]
12-Nov-2018 16:38:39.366 WARNING [localhost-startStop-2] org.apache.catalina.loader.WebappClassLoaderBase.clearReferencesJdbc The web application [ROOT] registered the JDBC driver [org.hsqldb.jdbc.JDBCDriver] but failed to unregister it when the web application was stopped. To prevent a memory leak, the JDBC Driver has been forcibly unregistered.
12-Nov-2018 16:38:39.366 WARNING [localhost-startStop-2] org.apache.catalina.loader.WebappClassLoaderBase.clearReferencesJdbc The web application [ROOT] registered the JDBC driver [org.hsqldb1.jdbcDriver] but failed to unregister it when the web application was stopped. To prevent a memory leak, the JDBC Driver has been forcibly unregistered.
12-Nov-2018 16:38:39.367 WARNING [localhost-startStop-2] org.apache.catalina.loader.WebappClassLoaderBase.clearReferencesThreads The web application [ROOT] appears to have started a thread named [Agent Long-Polling Timeout 1] but has failed to stop it. This is very likely to create a memory leak. Stack trace of thread:
 java.lang.Thread.sleep(Native Method)
 jetbrains.buildServer.controllers.agentServer.LongPollingCommandsRequestsProcessor.lambda$new$1(LongPollingCommandsRequestsProcessor.java:25)
 jetbrains.buildServer.controllers.agentServer.LongPollingCommandsRequestsProcessor$$Lambda$107/743182883.run(Unknown Source)
 java.lang.Thread.run(Thread.java:748)
12-Nov-2018 16:38:39.369 SEVERE [localhost-startStop-2] org.apache.catalina.loader.WebappClassLoaderBase.checkThreadLocalMapForLeaks The web application [ROOT] created a ThreadLocal with key of type [jetbrains.buildServer.util.ThreadStat$1] (value [jetbrains.buildServer.util.ThreadStat$1@7e3c087f]) and a value of type [jetbrains.buildServer.util.ThreadStatNoOp] (value [jetbrains.buildServer.util.ThreadStatNoOp@77f4dadc]) but failed to remove it when the web application was stopped. Threads are going to be renewed over time to try and avoid a probable memory leak.
12-Nov-2018 16:38:39.370 SEVERE [localhost-startStop-2] org.apache.catalina.loader.WebappClassLoaderBase.checkThreadLocalMapForLeaks The web application [ROOT] created a ThreadLocal with key of type [jetbrains.buildServer.serverSide.RequestStat$1] (value [jetbrains.buildServer.serverSide.RequestStat$1@28e2eb87]) and a value of type [jetbrains.buildServer.serverSide.RequestStat.NoOpRequestStat] (value [jetbrains.buildServer.serverSide.RequestStat$NoOpRequestStat@4e5a9639]) but failed to remove it when the web application was stopped. Threads are going to be renewed over time to try and avoid a probable memory leak.
12-Nov-2018 16:38:39.375 INFO [main] org.apache.coyote.AbstractProtocol.stop Stopping ProtocolHandler ["http-nio-8111"]
12-Nov-2018 16:38:39.378 INFO [main] org.apache.coyote.AbstractProtocol.destroy Destroying ProtocolHandler ["http-nio-8111"]
12-Nov-2018 16:39:23.775 INFO [main] org.apache.catalina.startup.VersionLoggerListener.log Server version:        Apache Tomcat/8.5.32
12-Nov-2018 16:39:23.779 INFO [main] org.apache.catalina.startup.VersionLoggerListener.log Server built:          Jun 20 2018 19:50:35 UTC
12-Nov-2018 16:39:23.780 INFO [main] org.apache.catalina.startup.VersionLoggerListener.log Server number:         8.5.32.0
12-Nov-2018 16:39:23.780 INFO [main] org.apache.catalina.startup.VersionLoggerListener.log OS Name:               Linux
12-Nov-2018 16:39:23.780 INFO [main] org.apache.catalina.startup.VersionLoggerListener.log OS Version:            4.15.0-36-generic
12-Nov-2018 16:39:23.780 INFO [main] org.apache.catalina.startup.VersionLoggerListener.log Architecture:          amd64
12-Nov-2018 16:39:23.780 INFO [main] org.apache.catalina.startup.VersionLoggerListener.log Java Home:             /usr/lib/jvm/oracle-jdk/jre
12-Nov-2018 16:39:23.780 INFO [main] org.apache.catalina.startup.VersionLoggerListener.log JVM Version:           1.8.0_161-b12
12-Nov-2018 16:39:23.780 INFO [main] org.apache.catalina.startup.VersionLoggerListener.log JVM Vendor:            Oracle Corporation
12-Nov-2018 16:39:23.780 INFO [main] org.apache.catalina.startup.VersionLoggerListener.log CATALINA_BASE:         /opt/teamcity
12-Nov-2018 16:39:23.780 INFO [main] org.apache.catalina.startup.VersionLoggerListener.log CATALINA_HOME:         /opt/teamcity
12-Nov-2018 16:39:23.781 INFO [main] org.apache.catalina.startup.VersionLoggerListener.log Command line argument: -Djava.util.logging.config.file=/opt/teamcity/conf/logging.properties
12-Nov-2018 16:39:23.781 INFO [main] org.apache.catalina.startup.VersionLoggerListener.log Command line argument: -Djava.util.logging.manager=org.apache.juli.ClassLoaderLogManager
12-Nov-2018 16:39:23.781 INFO [main] org.apache.catalina.startup.VersionLoggerListener.log Command line argument: -Djdk.tls.ephemeralDHKeySize=2048
12-Nov-2018 16:39:23.781 INFO [main] org.apache.catalina.startup.VersionLoggerListener.log Command line argument: -Djava.protocol.handler.pkgs=org.apache.catalina.webresources
12-Nov-2018 16:39:23.781 INFO [main] org.apache.catalina.startup.VersionLoggerListener.log Command line argument: -Dorg.apache.catalina.security.SecurityListener.UMASK=0027
12-Nov-2018 16:39:23.781 INFO [main] org.apache.catalina.startup.VersionLoggerListener.log Command line argument: -Xmx512m
12-Nov-2018 16:39:23.781 INFO [main] org.apache.catalina.startup.VersionLoggerListener.log Command line argument: -Dteamcity.configuration.path=../conf/teamcity-startup.properties
12-Nov-2018 16:39:23.781 INFO [main] org.apache.catalina.startup.VersionLoggerListener.log Command line argument: -Dlog4j.configuration=file:/opt/teamcity/bin/../conf/teamcity-server-log4j.xml
12-Nov-2018 16:39:23.782 INFO [main] org.apache.catalina.startup.VersionLoggerListener.log Command line argument: -Dteamcity_logs=/opt/teamcity/bin/../logs
12-Nov-2018 16:39:23.782 INFO [main] org.apache.catalina.startup.VersionLoggerListener.log Command line argument: -Djava.awt.headless=true
12-Nov-2018 16:39:23.782 INFO [main] org.apache.catalina.startup.VersionLoggerListener.log Command line argument: -Dignore.endorsed.dirs=
12-Nov-2018 16:39:23.782 INFO [main] org.apache.catalina.startup.VersionLoggerListener.log Command line argument: -Dcatalina.base=/opt/teamcity
12-Nov-2018 16:39:23.782 INFO [main] org.apache.catalina.startup.VersionLoggerListener.log Command line argument: -Dcatalina.home=/opt/teamcity
12-Nov-2018 16:39:23.782 INFO [main] org.apache.catalina.startup.VersionLoggerListener.log Command line argument: -Djava.io.tmpdir=/opt/teamcity/temp
12-Nov-2018 16:39:23.782 INFO [main] org.apache.catalina.core.AprLifecycleListener.lifecycleEvent The APR based Apache Tomcat Native library which allows optimal performance in production environments was not found on the java.library.path: [/usr/java/packages/lib/amd64:/usr/lib64:/lib64:/lib:/usr/lib]
12-Nov-2018 16:39:23.928 INFO [main] org.apache.coyote.AbstractProtocol.init Initializing ProtocolHandler ["http-nio-8111"]
12-Nov-2018 16:39:23.943 INFO [main] org.apache.tomcat.util.net.NioSelectorPool.getSharedSelector Using a shared selector for servlet write/read
12-Nov-2018 16:39:23.951 INFO [main] org.apache.catalina.startup.Catalina.load Initialization processed in 561 ms
12-Nov-2018 16:39:23.979 INFO [main] org.apache.catalina.core.StandardService.startInternal Starting service [Catalina]
12-Nov-2018 16:39:23.979 INFO [main] org.apache.catalina.core.StandardEngine.startInternal Starting Servlet Engine: Apache Tomcat/8.5.32
12-Nov-2018 16:39:23.988 INFO [localhost-startStop-1] org.apache.catalina.startup.HostConfig.deployDirectory Deploying web application directory [/opt/teamcity/webapps/ROOT]
12-Nov-2018 16:39:27.938 INFO [localhost-startStop-1] org.apache.catalina.startup.HostConfig.deployDirectory Deployment of web application directory [/opt/teamcity/webapps/ROOT] has finished in [3,950] ms
12-Nov-2018 16:39:27.942 INFO [main] org.apache.coyote.AbstractProtocol.start Starting ProtocolHandler ["http-nio-8111"]
12-Nov-2018 16:39:27.962 INFO [main] org.apache.catalina.startup.Catalina.start Server startup in 4010 ms
