[2018-11-11 21:59:31,015]   INFO -  jetbrains.buildServer.CLEANUP - Max cleanup duration is set to 0 seconds
[2018-11-11 21:59:31,016]   INFO -  jetbrains.buildServer.CLEANUP - Cleanup time has been set to 03:00:00 daily
[2018-11-11 21:59:31,027]   INFO -  jetbrains.buildServer.CLEANUP - Cleanup is enabled
[2018-11-11 22:08:19,515]   INFO -  jetbrains.buildServer.CLEANUP - Max cleanup duration is set to 0 seconds
[2018-11-11 22:08:19,519]   INFO -  jetbrains.buildServer.CLEANUP - Cleanup time has been set to 03:00:00 daily
[2018-11-11 22:08:19,533]   INFO -  jetbrains.buildServer.CLEANUP - Cleanup is enabled
[2018-11-11 22:11:59,918]   INFO -  jetbrains.buildServer.CLEANUP - Max cleanup duration is set to 0 seconds
[2018-11-11 22:11:59,920]   INFO -  jetbrains.buildServer.CLEANUP - Cleanup time has been set to 03:00:00 daily
[2018-11-11 22:11:59,921]   INFO -  jetbrains.buildServer.CLEANUP - Cleanup is enabled
[2018-11-11 22:15:24,499]   INFO -  jetbrains.buildServer.CLEANUP - Max cleanup duration is set to 0 seconds
[2018-11-11 22:15:24,507]   INFO -  jetbrains.buildServer.CLEANUP - Cleanup time has been set to 03:00:00 daily
[2018-11-11 22:15:24,522]   INFO -  jetbrains.buildServer.CLEANUP - Cleanup is enabled
[2018-11-11 22:19:46,011]   INFO -  jetbrains.buildServer.CLEANUP - Max cleanup duration is set to 0 seconds
[2018-11-11 22:19:46,014]   INFO -  jetbrains.buildServer.CLEANUP - Cleanup time has been set to 03:00:00 daily
[2018-11-11 22:19:46,030]   INFO -  jetbrains.buildServer.CLEANUP - Cleanup is enabled
[2018-11-11 22:25:57,940]   INFO -  jetbrains.buildServer.CLEANUP - Max cleanup duration is set to 0 seconds
[2018-11-11 22:25:57,943]   INFO -  jetbrains.buildServer.CLEANUP - Cleanup time has been set to 03:00:00 daily
[2018-11-11 22:25:57,946]   INFO -  jetbrains.buildServer.CLEANUP - Cleanup is enabled
[2018-11-11 22:41:39,959]   INFO -  jetbrains.buildServer.CLEANUP - Max cleanup duration is set to 0 seconds
[2018-11-11 22:41:39,967]   INFO -  jetbrains.buildServer.CLEANUP - Cleanup time has been set to 03:00:00 daily
[2018-11-11 22:41:39,968]   INFO -  jetbrains.buildServer.CLEANUP - Cleanup is enabled
[2018-11-11 22:46:50,031]   INFO -  jetbrains.buildServer.CLEANUP - Max cleanup duration is set to 0 seconds
[2018-11-11 22:46:50,032]   INFO -  jetbrains.buildServer.CLEANUP - Cleanup time has been set to 03:00:00 daily
[2018-11-11 22:46:50,049]   INFO -  jetbrains.buildServer.CLEANUP - Cleanup is enabled
[2018-11-11 23:10:29,617]   INFO -  jetbrains.buildServer.CLEANUP - Fixed location of build artifacts directory: moved "/data/teamcity_server/datadir/system/artifacts/ServerSocial/Build/2" under "/data/teamcity_server/datadir/system/artifacts/ServerSocial/Server Social"
[2018-11-11 23:10:29,620]   INFO -  jetbrains.buildServer.CLEANUP - Fixed location of build artifacts directory: moved "/data/teamcity_server/datadir/system/artifacts/ServerSocial/Build/1" under "/data/teamcity_server/datadir/system/artifacts/ServerSocial/Server Social"
[2018-11-11 23:10:29,622]   INFO -  jetbrains.buildServer.CLEANUP - Fixed location of build artifacts directory: moved "/data/teamcity_server/datadir/system/artifacts/ServerSocial/Build/3" under "/data/teamcity_server/datadir/system/artifacts/ServerSocial/Server Social"
[2018-11-11 23:10:29,624]   INFO -  jetbrains.buildServer.CLEANUP - Fixed location of build artifacts directory: moved "/data/teamcity_server/datadir/system/artifacts/ServerSocial/Build/4" under "/data/teamcity_server/datadir/system/artifacts/ServerSocial/Server Social"
[2018-11-12 00:05:13,051]   INFO -  jetbrains.buildServer.CLEANUP - Max cleanup duration is set to 0 seconds
[2018-11-12 00:05:13,055]   INFO -  jetbrains.buildServer.CLEANUP - Cleanup time has been set to 03:00:00 daily
[2018-11-12 00:05:13,055]   INFO -  jetbrains.buildServer.CLEANUP - Cleanup is enabled
[2018-11-12 00:11:06,822]   INFO -  jetbrains.buildServer.CLEANUP - Max cleanup duration is set to 0 seconds
[2018-11-12 00:11:06,825]   INFO -  jetbrains.buildServer.CLEANUP - Cleanup time has been set to 03:00:00 daily
[2018-11-12 00:11:06,825]   INFO -  jetbrains.buildServer.CLEANUP - Cleanup is enabled
[2018-11-12 00:41:04,020]   INFO -  jetbrains.buildServer.CLEANUP - Max cleanup duration is set to 0 seconds
[2018-11-12 00:41:04,021]   INFO -  jetbrains.buildServer.CLEANUP - Cleanup time has been set to 03:00:00 daily
[2018-11-12 00:41:04,022]   INFO -  jetbrains.buildServer.CLEANUP - Cleanup is enabled
[2018-11-12 01:04:54,627]   INFO -  jetbrains.buildServer.CLEANUP - Fixed location of build artifacts directory: moved "/data/teamcity_server/datadir/system/artifacts/ServerSocial/Server Social/2" under "/data/teamcity_server/datadir/system/artifacts/Sharifyr/Server Social"
[2018-11-12 01:04:54,630]   INFO -  jetbrains.buildServer.CLEANUP - Fixed location of build artifacts directory: moved "/data/teamcity_server/datadir/system/artifacts/ServerSocial/Server Social/17" under "/data/teamcity_server/datadir/system/artifacts/Sharifyr/Server Social"
[2018-11-12 01:04:54,631]   INFO -  jetbrains.buildServer.CLEANUP - Fixed location of build artifacts directory: moved "/data/teamcity_server/datadir/system/artifacts/ServerSocial/Server Social/14" under "/data/teamcity_server/datadir/system/artifacts/Sharifyr/Server Social"
[2018-11-12 01:04:54,632]   INFO -  jetbrains.buildServer.CLEANUP - Fixed location of build artifacts directory: moved "/data/teamcity_server/datadir/system/artifacts/ServerSocial/Server Social/13" under "/data/teamcity_server/datadir/system/artifacts/Sharifyr/Server Social"
[2018-11-12 01:04:54,634]   INFO -  jetbrains.buildServer.CLEANUP - Fixed location of build artifacts directory: moved "/data/teamcity_server/datadir/system/artifacts/ServerSocial/Server Social/5" under "/data/teamcity_server/datadir/system/artifacts/Sharifyr/Server Social"
[2018-11-12 01:04:54,636]   INFO -  jetbrains.buildServer.CLEANUP - Fixed location of build artifacts directory: moved "/data/teamcity_server/datadir/system/artifacts/ServerSocial/Server Social/16" under "/data/teamcity_server/datadir/system/artifacts/Sharifyr/Server Social"
[2018-11-12 01:04:54,638]   INFO -  jetbrains.buildServer.CLEANUP - Fixed location of build artifacts directory: moved "/data/teamcity_server/datadir/system/artifacts/ServerSocial/Server Social/10" under "/data/teamcity_server/datadir/system/artifacts/Sharifyr/Server Social"
[2018-11-12 01:04:54,640]   INFO -  jetbrains.buildServer.CLEANUP - Fixed location of build artifacts directory: moved "/data/teamcity_server/datadir/system/artifacts/ServerSocial/Server Social/7" under "/data/teamcity_server/datadir/system/artifacts/Sharifyr/Server Social"
[2018-11-12 01:04:54,643]   INFO -  jetbrains.buildServer.CLEANUP - Fixed location of build artifacts directory: moved "/data/teamcity_server/datadir/system/artifacts/ServerSocial/Server Social/1" under "/data/teamcity_server/datadir/system/artifacts/Sharifyr/Server Social"
[2018-11-12 01:04:54,645]   INFO -  jetbrains.buildServer.CLEANUP - Fixed location of build artifacts directory: moved "/data/teamcity_server/datadir/system/artifacts/ServerSocial/Server Social/6" under "/data/teamcity_server/datadir/system/artifacts/Sharifyr/Server Social"
[2018-11-12 01:04:54,648]   INFO -  jetbrains.buildServer.CLEANUP - Fixed location of build artifacts directory: moved "/data/teamcity_server/datadir/system/artifacts/ServerSocial/Server Social/3" under "/data/teamcity_server/datadir/system/artifacts/Sharifyr/Server Social"
[2018-11-12 01:04:54,650]   INFO -  jetbrains.buildServer.CLEANUP - Fixed location of build artifacts directory: moved "/data/teamcity_server/datadir/system/artifacts/ServerSocial/Server Social/15" under "/data/teamcity_server/datadir/system/artifacts/Sharifyr/Server Social"
[2018-11-12 01:04:54,652]   INFO -  jetbrains.buildServer.CLEANUP - Fixed location of build artifacts directory: moved "/data/teamcity_server/datadir/system/artifacts/ServerSocial/Server Social/4" under "/data/teamcity_server/datadir/system/artifacts/Sharifyr/Server Social"
[2018-11-12 01:04:54,654]   INFO -  jetbrains.buildServer.CLEANUP - Fixed location of build artifacts directory: moved "/data/teamcity_server/datadir/system/artifacts/ServerSocial/Server Social/12" under "/data/teamcity_server/datadir/system/artifacts/Sharifyr/Server Social"
[2018-11-12 01:04:54,655]   INFO -  jetbrains.buildServer.CLEANUP - Fixed location of build artifacts directory: moved "/data/teamcity_server/datadir/system/artifacts/ServerSocial/Server Social/11" under "/data/teamcity_server/datadir/system/artifacts/Sharifyr/Server Social"
[2018-11-12 01:04:54,657]   INFO -  jetbrains.buildServer.CLEANUP - Fixed location of build artifacts directory: moved "/data/teamcity_server/datadir/system/artifacts/ServerSocial/Server Social/9" under "/data/teamcity_server/datadir/system/artifacts/Sharifyr/Server Social"
[2018-11-12 01:04:54,659]   INFO -  jetbrains.buildServer.CLEANUP - Fixed location of build artifacts directory: moved "/data/teamcity_server/datadir/system/artifacts/ServerSocial/Server Social/8" under "/data/teamcity_server/datadir/system/artifacts/Sharifyr/Server Social"
[2018-11-12 02:00:00,002]   INFO -  jetbrains.buildServer.CLEANUP - Git cleanup started
[2018-11-12 02:00:00,039]   INFO -  jetbrains.buildServer.CLEANUP - Use git at path 'git'
[2018-11-12 02:00:00,039]   INFO -  jetbrains.buildServer.CLEANUP - Git garbage collection started
[2018-11-12 02:00:00,040]   INFO -  jetbrains.buildServer.CLEANUP - [git-A09AF9D2.git] repository url: 'https://github.com/sharifyr/server-social.git'
[2018-11-12 02:00:00,043]   INFO -  jetbrains.buildServer.CLEANUP - [git-A09AF9D2.git] no git gc is needed
[2018-11-12 02:00:00,043]   INFO -  jetbrains.buildServer.CLEANUP - Git garbage collection finished, it took 33ms
[2018-11-12 02:00:00,043]   INFO -  jetbrains.buildServer.CLEANUP - Git cleanup finished
[2018-11-12 03:00:00,000]   INFO -  jetbrains.buildServer.CLEANUP - Trying to get lock for the maintenance process...
[2018-11-12 03:00:00,003]   INFO -  jetbrains.buildServer.CLEANUP - Lock for the maintenance process obtained
[2018-11-12 03:00:00,018]   INFO -  jetbrains.buildServer.CLEANUP - Preparing for clean-up...
[2018-11-12 03:00:00,027]   INFO -  jetbrains.buildServer.CLEANUP - Clean-up started...
[2018-11-12 03:00:00,036]   INFO -  jetbrains.buildServer.CLEANUP - Will cleanup data for 0 build configurations removed before 2018-11-07 03:00:00.036
[2018-11-12 03:00:00,037]   INFO -  jetbrains.buildServer.CLEANUP - Collecting builds depending on other builds by specific build number ...
[2018-11-12 03:00:00,039]   INFO -  jetbrains.buildServer.CLEANUP - Collecting builds depending on other builds by sources or artifacts...
[2018-11-12 03:00:00,041]   INFO -  jetbrains.buildServer.CLEANUP - Done collecting depending builds for each cleanup level
[2018-11-12 03:00:00,041]   INFO -  jetbrains.buildServer.CLEANUP - Collecting builds for cleanup for each cleanup level...
[2018-11-12 03:00:00,045]   INFO -  jetbrains.buildServer.CLEANUP - Collected builds for 1 build configurations
[2018-11-12 03:00:00,052]   INFO -  jetbrains.buildServer.CLEANUP - Start compacting HSQL database...
[2018-11-12 03:00:00,454]   INFO -  jetbrains.buildServer.CLEANUP - Compacting HSQL database finished
[2018-11-12 03:00:00,471]   INFO -  jetbrains.buildServer.CLEANUP - Start processing 29 afterCleanup extensions
[2018-11-12 03:00:00,471]   INFO -  jetbrains.buildServer.CLEANUP - 	Executing afterCleanup extension (1 of 29): jetbrains.buildServer.serverSide.statistics.diskusage.DiskUsageSListener$PinnedBuildsCollector
[2018-11-12 03:00:00,472]   INFO -  jetbrains.buildServer.CLEANUP - 	Executing afterCleanup extension (2 of 29): jetbrains.buildServer.artifacts.s3.cleanup.S3CleanupExtension
[2018-11-12 03:00:00,472]   INFO -  jetbrains.buildServer.CLEANUP - 	Executing afterCleanup extension (3 of 29): jetbrains.buildServer.serverSide.impl.cleanup.BackgroundBuildDataCleanerImpl
[2018-11-12 03:00:00,473]   INFO -  jetbrains.buildServer.CLEANUP - 		Cleaning data from the build-related tables which does not belong to 24 existing builds
[2018-11-12 03:00:00,475]   INFO -  jetbrains.buildServer.CLEANUP - 	Executing afterCleanup extension (4 of 29): jetbrains.buildServer.controllers.login.RememberMe$1
[2018-11-12 03:00:00,475]   INFO -  jetbrains.buildServer.CLEANUP - 	Executing afterCleanup extension (5 of 29): jetbrains.buildServer.diagnostic.ThreadDumpsCleaner
[2018-11-12 03:00:00,475]   INFO -  jetbrains.buildServer.CLEANUP - 	Executing afterCleanup extension (6 of 29): jetbrains.buildServer.serverSide.statistics.impl.BuildDataStorageImpl
[2018-11-12 03:00:00,476]   INFO -  jetbrains.buildServer.CLEANUP - 	Executing afterCleanup extension (7 of 29): jetbrains.buildServer.serverSide.stat.TestFailureRateCollector
[2018-11-12 03:00:00,477]   INFO -  jetbrains.buildServer.CLEANUP - 	Executing afterCleanup extension (8 of 29): jetbrains.buildServer.serverSide.TestName2IndexImpl
[2018-11-12 03:00:00,478]   INFO -  jetbrains.buildServer.CLEANUP - 		Start cleaning unused test names ...
[2018-11-12 03:00:00,479]   INFO -  jetbrains.buildServer.CLEANUP - 	Executing afterCleanup extension (9 of 29): jetbrains.buildServer.runner.codeInspection.InspectionDataCleaner
[2018-11-12 03:00:00,482]   INFO -  jetbrains.buildServer.CLEANUP - 	Executing afterCleanup extension (10 of 29): jetbrains.buildServer.serverSide.impl.cleanup.BuildArtifactsCleaner
[2018-11-12 03:00:00,482]   INFO -  jetbrains.buildServer.CLEANUP - 	Executing afterCleanup extension (11 of 29): jetbrains.buildServer.serverSide.identifiers.ProjectIdentifiersManagerImpl
[2018-11-12 03:00:00,482]   INFO -  jetbrains.buildServer.CLEANUP - 	Executing afterCleanup extension (12 of 29): jetbrains.buildServer.responsibility.impl.ResponsibilityCleanupExtension
[2018-11-12 03:00:00,482]   INFO -  jetbrains.buildServer.CLEANUP - 		Starting cleanup of responsibility entries...
[2018-11-12 03:00:00,482]   INFO -  jetbrains.buildServer.CLEANUP - 		Will delete 0 responsibility entries
[2018-11-12 03:00:00,482]   INFO -  jetbrains.buildServer.CLEANUP - 		Finished cleanup of 0 responsibility entries
[2018-11-12 03:00:00,482]   INFO -  jetbrains.buildServer.CLEANUP - 	Executing afterCleanup extension (13 of 29): jetbrains.buildServer.serverSide.CustomDataStorageManagerImpl
[2018-11-12 03:00:00,483]   INFO -  jetbrains.buildServer.CLEANUP - 	Executing afterCleanup extension (14 of 29): jetbrains.buildServer.serverSide.impl.versionedSettings.GeneratedSettingsCache
[2018-11-12 03:00:00,487]   INFO -  jetbrains.buildServer.CLEANUP - 	Executing afterCleanup extension (15 of 29): jetbrains.buildServer.serverSide.mute.LowLevelProblemMutingServiceImpl$TestMutesCleaner
[2018-11-12 03:00:00,488]   INFO -  jetbrains.buildServer.CLEANUP - 	Executing afterCleanup extension (16 of 29): jetbrains.buildServer.serverSide.impl.OldAgentsCleaner
[2018-11-12 03:00:00,491]   INFO -  jetbrains.buildServer.CLEANUP - 	Executing afterCleanup extension (17 of 29): jetbrains.buildServer.diagnostic.ThreadStatCleaner
[2018-11-12 03:00:00,491]   INFO -  jetbrains.buildServer.CLEANUP - 	Executing afterCleanup extension (18 of 29): jetbrains.buildServer.serverSide.impl.cleanup.ObsoleteFilesCleaner
[2018-11-12 03:00:00,492]   INFO -  jetbrains.buildServer.CLEANUP - 	Executing afterCleanup extension (19 of 29): jetbrains.buildServer.users.impl.UserModelImpl
[2018-11-12 03:00:00,492]   INFO -  jetbrains.buildServer.CLEANUP - 	Executing afterCleanup extension (20 of 29): org.jetbrains.teamcity.docker.cleanup.PushedImagesRegistryCleaner
[2018-11-12 03:00:00,492]   INFO -  jetbrains.buildServer.CLEANUP - 	Executing afterCleanup extension (21 of 29): jetbrains.buildServer.duplicator.DuplicatesDataCleaner
[2018-11-12 03:00:00,499]   INFO -  jetbrains.buildServer.CLEANUP - 	Executing afterCleanup extension (22 of 29): jetbrains.buildServer.buildTriggers.vcs.clearcase.structure.ClearCaseStructureCache$ClearcaseCacheGeneralDataCleaner
[2018-11-12 03:00:00,499]   INFO -  jetbrains.buildServer.CLEANUP - 	Executing afterCleanup extension (23 of 29): jetbrains.buildServer.swabra.serverHealth.SwabraCleanCheckoutWatcherImpl$2
[2018-11-12 03:00:00,499]   INFO -  jetbrains.buildServer.CLEANUP - 	Executing afterCleanup extension (24 of 29): jetbrains.buildServer.serverSide.impl.artifacts.ExternalBuildArtifactsCacheImpl
[2018-11-12 03:00:00,499]   INFO -  jetbrains.buildServer.CLEANUP - 	Executing afterCleanup extension (25 of 29): jetbrains.buildServer.serverSide.impl.audit.AuditLogCleanerImpl
[2018-11-12 03:00:00,499]   INFO -  jetbrains.buildServer.CLEANUP - 		Removing audit log records older than 365 days ...
[2018-11-12 03:00:00,501]   INFO -  jetbrains.buildServer.CLEANUP - Searching for obsolete log files (not used by any build) under build logs directory: /data/teamcity_server/datadir/system/messages
[2018-11-12 03:00:00,502]   INFO -  jetbrains.buildServer.CLEANUP - Cannot find obsolete build log directories in old format
[2018-11-12 03:00:00,504]   INFO -  jetbrains.buildServer.CLEANUP - 		Removing audit log records for obsolete tests ...
[2018-11-12 03:00:00,505]   INFO -  jetbrains.buildServer.CLEANUP - Searching for obsolete artifact directories (not used by any build) under directories: [/data/teamcity_server/datadir/system/artifacts]
[2018-11-12 03:00:00,505]   INFO -  jetbrains.buildServer.CLEANUP - 		Removing audit log records for obsolete builds ...
[2018-11-12 03:00:00,508]   INFO -  jetbrains.buildServer.CLEANUP - 		Finished removing audit log records.
[2018-11-12 03:00:00,508]   INFO -  jetbrains.buildServer.CLEANUP - 	Executing afterCleanup extension (26 of 29): jetbrains.buildServer.serverSide.metadata.impl.metadata.MetadataStorageBean
[2018-11-12 03:00:00,509]   INFO -  jetbrains.buildServer.CLEANUP - Fixed location of build artifacts directory: moved "/data/teamcity_server/datadir/system/artifacts/ServerSocial/Server Social/18" under "/data/teamcity_server/datadir/system/artifacts/Sharifyr/Server Social"
[2018-11-12 03:00:00,514]   INFO -  jetbrains.buildServer.CLEANUP - Removed no obsolete artifact directories (30 processed)
[2018-11-12 03:00:00,516]   INFO -  jetbrains.buildServer.CLEANUP - Removed 4 empty artifact directories
[2018-11-12 03:00:00,554]   INFO -  jetbrains.buildServer.CLEANUP - 	Executing afterCleanup extension (27 of 29): jetbrains.buildServer.serverSide.impl.personal.PersonalBuildCleaner
[2018-11-12 03:00:00,558]   INFO -  jetbrains.buildServer.CLEANUP - 	Executing afterCleanup extension (28 of 29): jetbrains.buildServer.serverSide.impl.cleanup.InvalidHistoryRecordsCleaner
[2018-11-12 03:00:00,559]   INFO -  jetbrains.buildServer.CLEANUP - 	Executing afterCleanup extension (29 of 29): jetbrains.buildServer.serverSide.impl.projectSources.PatchCacheImpl
[2018-11-12 03:00:00,561]   INFO -  jetbrains.buildServer.CLEANUP - Finished processing afterCleanup extensions, took 89ms
[2018-11-12 03:00:00,561]   INFO -  jetbrains.buildServer.CLEANUP - Clean-up finished, took < 1s
[2018-11-12 03:00:00,569]   INFO -  jetbrains.buildServer.CLEANUP - Post-cleanup tasks finished, took 7ms
[2018-11-12 03:00:00,570]   INFO -  jetbrains.buildServer.CLEANUP - Lock for the maintenance process released
[2018-11-12 04:24:09,637]   INFO -  jetbrains.buildServer.CLEANUP - Max cleanup duration is set to 0 seconds
[2018-11-12 04:24:09,643]   INFO -  jetbrains.buildServer.CLEANUP - Cleanup time has been set to 03:00:00 daily
[2018-11-12 04:24:09,657]   INFO -  jetbrains.buildServer.CLEANUP - Cleanup is enabled
[2018-11-12 16:29:38,083]   INFO -  jetbrains.buildServer.CLEANUP - Max cleanup duration is set to 0 seconds
[2018-11-12 16:29:38,110]   INFO -  jetbrains.buildServer.CLEANUP - Cleanup time has been set to 03:00:00 daily
[2018-11-12 16:29:38,118]   INFO -  jetbrains.buildServer.CLEANUP - Cleanup is enabled
[2018-11-12 16:41:30,000]   INFO -  jetbrains.buildServer.CLEANUP - Max cleanup duration is set to 0 seconds
[2018-11-12 16:41:30,004]   INFO -  jetbrains.buildServer.CLEANUP - Cleanup time has been set to 03:00:00 daily
[2018-11-12 16:41:30,004]   INFO -  jetbrains.buildServer.CLEANUP - Cleanup is enabled
