[2018-11-11 21:59:37,485]   INFO - tbrains.buildServer.ACTIVITIES - Server Started
[2018-11-11 22:00:44,365]   INFO - tbrains.buildServer.ACTIVITIES - New user created: 'admin' {id=1}
[2018-11-11 22:05:23,542]   INFO - tbrains.buildServer.ACTIVITIES - Shutdown Spring components
[2018-11-11 22:05:24,818]   INFO - tbrains.buildServer.ACTIVITIES - Spring components are shut down
[2018-11-11 22:08:25,002]   INFO - tbrains.buildServer.ACTIVITIES - Server Started
[2018-11-11 22:09:20,451]   INFO - tbrains.buildServer.ACTIVITIES - Shutdown Spring components
[2018-11-11 22:09:21,656]   INFO - tbrains.buildServer.ACTIVITIES - Spring components are shut down
[2018-11-11 22:12:05,490]   INFO - tbrains.buildServer.ACTIVITIES - Server Started
[2018-11-11 22:13:54,721]   INFO - s.buildServer.ACTIVITIES.AUDIT - project_create: Project "Server Social {id=ServerSocial, internal id=project1}" was created by "'admin' {id=1}"
[2018-11-11 22:13:54,741]   INFO - s.buildServer.ACTIVITIES.AUDIT - vcs_root_create: VCS root ""https://github.com/sharifyr/server-social.git#refs/heads/master" {internal id=1, id=ServerSocial_HttpsGithubComSharifyrServerSocialGitRefsHeadsMaster, description: "https://github.com/sharifyr/server-social.git#refs/heads/master"}" was created by "'admin' {id=1}" with comment "In project: Server Social"
[2018-11-11 22:13:54,862]   INFO - s.buildServer.ACTIVITIES.AUDIT - build_type_create: "Server Social / Build {id=ServerSocial_Build, internal id=bt1}" was created by "'admin' {id=1}"
[2018-11-11 22:14:08,276]   INFO - s.buildServer.ACTIVITIES.AUDIT - build_type_edit_settings: "Server Social / Build {id=ServerSocial_Build, internal id=bt1}" build configuration settings were edited ("version before: 1, version after: 2") by "'admin' {id=1}" with comment "1 build step(s) were added to 'Build' build configuration"
[2018-11-11 22:14:15,219]   INFO - s.buildServer.ACTIVITIES.AUDIT - build_add_to_queue: Build BUILD_PROMOTION{id=1} was added to queue by "'admin' {id=1}"
[2018-11-11 22:14:15,228]   INFO - tbrains.buildServer.ACTIVITIES - Build added to queue; Queued build {Build promotion {promotion id=1, configuration={id=ServerSocial_Build, internal id=bt1}, queued}, triggered by "'admin' {id=1}" (##userId='1' type='user')}
[2018-11-11 22:14:47,350]   INFO - tbrains.buildServer.ACTIVITIES - Shutdown Spring components
[2018-11-11 22:14:49,211]   INFO - tbrains.buildServer.ACTIVITIES - Spring components are shut down
[2018-11-11 22:15:30,157]   INFO - tbrains.buildServer.ACTIVITIES - Server Started
[2018-11-11 22:18:20,554]   INFO - s.buildServer.ACTIVITIES.AUDIT - agent_authorize: Agent "Unregistered agent "dockerteamcity_teamcity-agent_1" {id=1}" was authorized by "'admin' {id=1}"
[2018-11-11 22:19:08,597]   INFO - tbrains.buildServer.ACTIVITIES - Shutdown Spring components
[2018-11-11 22:19:09,718]   INFO - tbrains.buildServer.ACTIVITIES - Spring components are shut down
[2018-11-11 22:19:51,902]   INFO - tbrains.buildServer.ACTIVITIES - Server Started
[2018-11-11 22:25:20,358]   INFO - tbrains.buildServer.ACTIVITIES - Shutdown Spring components
[2018-11-11 22:25:21,908]   INFO - tbrains.buildServer.ACTIVITIES - Spring components are shut down
[2018-11-11 22:26:03,644]   INFO - tbrains.buildServer.ACTIVITIES - Server Started
[2018-11-11 22:26:59,856]   INFO - tbrains.buildServer.ACTIVITIES - Build started; Server Social / Build {id=ServerSocial_Build, internal id=bt1} #1 {promotion id=1, agent="dockerteamcity_teamcity-agent_1" {id=1}, triggered by "'admin' {id=1}" (##userId='1' type='user'). Started 2018-11-11 22:26:59.573, running}
[2018-11-11 22:27:08,213]   INFO - tbrains.buildServer.ACTIVITIES - Finished build Server Social / Build {id=ServerSocial_Build, internal id=bt1} #1 {promotion id=1, agent="dockerteamcity_teamcity-agent_1" {id=1}, triggered by "'admin' {id=1}" (##userId='1' type='user'). Started 2018-11-11 22:27:00.752, finished. Status "FAILURE 'Cannot connect to the Docker daemon at unix:///var/run/docker.sock. Is the docker daemon running? (new); exit code 1 (Step: Docker) (new)'"}
[2018-11-11 22:41:01,044]   INFO - tbrains.buildServer.ACTIVITIES - Shutdown Spring components
[2018-11-11 22:41:02,393]   INFO - tbrains.buildServer.ACTIVITIES - Spring components are shut down
[2018-11-11 22:41:45,706]   INFO - tbrains.buildServer.ACTIVITIES - Server Started
[2018-11-11 22:43:06,182]   INFO - s.buildServer.ACTIVITIES.AUDIT - build_add_to_queue: Build BUILD_PROMOTION{id=2} was added to queue by "'admin' {id=1}"
[2018-11-11 22:43:06,192]   INFO - tbrains.buildServer.ACTIVITIES - Build added to queue; Queued build {Build promotion {promotion id=2, configuration={id=ServerSocial_Build, internal id=bt1}, queued}, triggered by "'admin' {id=1}" (##userId='1' type='user')}
[2018-11-11 22:43:06,373]   INFO - tbrains.buildServer.ACTIVITIES - Build started; Server Social / Build {id=ServerSocial_Build, internal id=bt1} #2 {promotion id=2, agent="dockerteamcity_teamcity-agent_1" {id=1}, triggered by "'admin' {id=1}" (##userId='1' type='user'). Started 2018-11-11 22:43:06.301, running}
[2018-11-11 22:43:10,978]   INFO - tbrains.buildServer.ACTIVITIES - Finished build Server Social / Build {id=ServerSocial_Build, internal id=bt1} #2 {promotion id=2, agent="dockerteamcity_teamcity-agent_1" {id=1}, triggered by "'admin' {id=1}" (##userId='1' type='user'). Started 2018-11-11 22:43:07.115, finished. Status "FAILURE 'Cannot connect to the Docker daemon at unix:///var/run/docker.sock. Is the docker daemon running?; exit code 1 (Step: Docker)'"}
[2018-11-11 22:46:09,231]   INFO - tbrains.buildServer.ACTIVITIES - Shutdown Spring components
[2018-11-11 22:46:10,974]   INFO - tbrains.buildServer.ACTIVITIES - Spring components are shut down
[2018-11-11 22:46:55,678]   INFO - tbrains.buildServer.ACTIVITIES - Server Started
[2018-11-11 22:47:34,257]   INFO - s.buildServer.ACTIVITIES.AUDIT - build_add_to_queue: Build BUILD_PROMOTION{id=3} was added to queue by "'admin' {id=1}"
[2018-11-11 22:47:34,339]   INFO - tbrains.buildServer.ACTIVITIES - Build added to queue; Queued build {Build promotion {promotion id=3, configuration={id=ServerSocial_Build, internal id=bt1}, queued}, triggered by "'admin' {id=1}" (##userId='1' type='user')}
[2018-11-11 22:47:49,910]   INFO - tbrains.buildServer.ACTIVITIES - Build started; Server Social / Build {id=ServerSocial_Build, internal id=bt1} #3 {promotion id=3, agent="dockerteamcity_teamcity-agent_1" {id=1}, triggered by "'admin' {id=1}" (##userId='1' type='user'). Started 2018-11-11 22:47:49.696, running}
[2018-11-11 22:49:07,416]   INFO - tbrains.buildServer.ACTIVITIES - Finished build Server Social / Build {id=ServerSocial_Build, internal id=bt1} #3 {promotion id=3, agent="dockerteamcity_teamcity-agent_1" {id=1}, triggered by "'admin' {id=1}" (##userId='1' type='user'). Started 2018-11-11 22:47:50.812, finished. Status "NORMAL 'Running'"}
[2018-11-11 23:00:56,584]   INFO - tbrains.buildServer.ACTIVITIES - Build added to queue; Queued build {Build promotion {promotion id=4, configuration={id=ServerSocial_Build, internal id=bt1}, queued}, triggered by "Git" (##vcsName='jetbrains.git' type='vcs')}
[2018-11-11 23:00:56,595]   INFO - tbrains.buildServer.ACTIVITIES - Build started; Server Social / Build {id=ServerSocial_Build, internal id=bt1} #4 {promotion id=4, agent="dockerteamcity_teamcity-agent_1" {id=1}, triggered by "Git" (##vcsName='jetbrains.git' type='vcs'). Started 2018-11-11 23:00:56.589, running}
[2018-11-11 23:02:06,141]   INFO - tbrains.buildServer.ACTIVITIES - Finished build Server Social / Build {id=ServerSocial_Build, internal id=bt1} #4 {promotion id=4, agent="dockerteamcity_teamcity-agent_1" {id=1}, triggered by "Git" (##vcsName='jetbrains.git' type='vcs'). Started 2018-11-11 23:00:57.175, finished. Status "NORMAL 'Running'"}
[2018-11-11 23:09:11,336]   INFO - s.buildServer.ACTIVITIES.AUDIT - build_type_edit_settings: "Server Social / Build {id=ServerSocial_Build, internal id=bt1}" build configuration settings were edited ("version before: 2, version after: 3") by "'admin' {id=1}" with comment "runners of 'Build' build configuration were updated"
[2018-11-11 23:09:26,232]   INFO - s.buildServer.ACTIVITIES.AUDIT - build_type_edit_settings: "Server Social / Build {id=ServerSocial_Build, internal id=bt1}" build configuration settings were edited ("version before: 3, version after: 4") by "'admin' {id=1}" with comment "runners of 'Build' build configuration were updated"
[2018-11-11 23:09:41,748]   INFO - s.buildServer.ACTIVITIES.AUDIT - build_type_edit_settings: "Server Social / Build {id=ServerSocial_Build, internal id=bt1}" build configuration settings were edited ("version before: 4, version after: 5") by "'admin' {id=1}" with comment "runners of 'Build' build configuration were updated"
[2018-11-11 23:10:29,610]   INFO - s.buildServer.ACTIVITIES.AUDIT - build_type_external_id_change: "Server Social / Build {id=ServerSocial, internal id=bt1}" ID was changed from "ServerSocial_Build" to "ServerSocial" by "'admin' {id=1}"
[2018-11-11 23:10:29,615]   INFO - s.buildServer.ACTIVITIES.AUDIT - build_type_edit_settings: "Server Social / Server Social {id=ServerSocial, internal id=bt1}" build configuration settings were edited ("version before: 5, version after: 6") by "'admin' {id=1}" with comment "general settings of 'Server Social' build configuration were updated"
[2018-11-11 23:10:36,713]   INFO - s.buildServer.ACTIVITIES.AUDIT - build_add_to_queue: Build BUILD_PROMOTION{id=5} was added to queue by "'admin' {id=1}"
[2018-11-11 23:10:36,715]   INFO - tbrains.buildServer.ACTIVITIES - Build added to queue; Queued build {Build promotion {promotion id=5, configuration={id=ServerSocial, internal id=bt1}, queued}, triggered by "'admin' {id=1}" (##userId='1' type='user')}
[2018-11-11 23:10:36,724]   INFO - tbrains.buildServer.ACTIVITIES - Build started; Server Social / Server Social {id=ServerSocial, internal id=bt1} #5 {promotion id=5, agent="dockerteamcity_teamcity-agent_1" {id=1}, triggered by "'admin' {id=1}" (##userId='1' type='user'). Started 2018-11-11 23:10:36.720, running}
[2018-11-11 23:10:42,176]   INFO - tbrains.buildServer.ACTIVITIES - Finished build Server Social / Server Social {id=ServerSocial, internal id=bt1} #5 {promotion id=5, agent="dockerteamcity_teamcity-agent_1" {id=1}, triggered by "'admin' {id=1}" (##userId='1' type='user'). Started 2018-11-11 23:10:37.278, finished. Status "FAILURE 'Exit code 127 (Step: NPM Tests (Command Line)) (new)'"}
[2018-11-11 23:18:30,846]   INFO - s.buildServer.ACTIVITIES.AUDIT - build_type_edit_settings: "Server Social / Server Social {id=ServerSocial, internal id=bt1}" build configuration settings were edited ("version before: 6, version after: 7") by "'admin' {id=1}" with comment "runners of 'Server Social' build configuration were updated"
[2018-11-11 23:18:38,293]   INFO - s.buildServer.ACTIVITIES.AUDIT - build_add_to_queue: Build BUILD_PROMOTION{id=6} was added to queue by "'admin' {id=1}"
[2018-11-11 23:18:38,296]   INFO - tbrains.buildServer.ACTIVITIES - Build added to queue; Queued build {Build promotion {promotion id=6, configuration={id=ServerSocial, internal id=bt1}, queued}, triggered by "'admin' {id=1}" (##userId='1' type='user')}
[2018-11-11 23:18:38,305]   INFO - tbrains.buildServer.ACTIVITIES - Build started; Server Social / Server Social {id=ServerSocial, internal id=bt1} #6 {promotion id=6, agent="dockerteamcity_teamcity-agent_1" {id=1}, triggered by "'admin' {id=1}" (##userId='1' type='user'). Started 2018-11-11 23:18:38.300, running}
[2018-11-11 23:18:43,651]   INFO - tbrains.buildServer.ACTIVITIES - Finished build Server Social / Server Social {id=ServerSocial, internal id=bt1} #6 {promotion id=6, agent="dockerteamcity_teamcity-agent_1" {id=1}, triggered by "'admin' {id=1}" (##userId='1' type='user'). Started 2018-11-11 23:18:38.849, finished. Status "FAILURE 'Exit code 1 (Step: NPM Tests (Command Line)) (new)'"}
[2018-11-11 23:19:40,673]   INFO - s.buildServer.ACTIVITIES.AUDIT - build_type_edit_settings: "Server Social / Server Social {id=ServerSocial, internal id=bt1}" build configuration settings were edited ("version before: 7, version after: 8") by "'admin' {id=1}" with comment "runners of 'Server Social' build configuration were updated"
[2018-11-11 23:20:04,648]   INFO - s.buildServer.ACTIVITIES.AUDIT - build_add_to_queue: Build BUILD_PROMOTION{id=7} was added to queue by "'admin' {id=1}"
[2018-11-11 23:20:04,649]   INFO - tbrains.buildServer.ACTIVITIES - Build added to queue; Queued build {Build promotion {promotion id=7, configuration={id=ServerSocial, internal id=bt1}, queued}, triggered by "'admin' {id=1}" (##userId='1' type='user')}
[2018-11-11 23:20:04,658]   INFO - tbrains.buildServer.ACTIVITIES - Build started; Server Social / Server Social {id=ServerSocial, internal id=bt1} #7 {promotion id=7, agent="dockerteamcity_teamcity-agent_1" {id=1}, triggered by "'admin' {id=1}" (##userId='1' type='user'). Started 2018-11-11 23:20:04.654, running}
[2018-11-11 23:20:10,412]   INFO - tbrains.buildServer.ACTIVITIES - Finished build Server Social / Server Social {id=ServerSocial, internal id=bt1} #7 {promotion id=7, agent="dockerteamcity_teamcity-agent_1" {id=1}, triggered by "'admin' {id=1}" (##userId='1' type='user'). Started 2018-11-11 23:20:05.590, finished. Status "FAILURE 'Exit code 1 (Step: NPM Tests (Command Line))'"}
[2018-11-11 23:23:17,874]   INFO - s.buildServer.ACTIVITIES.AUDIT - build_type_edit_settings: "Server Social / Server Social {id=ServerSocial, internal id=bt1}" build configuration settings were edited ("version before: 8, version after: 9") by "'admin' {id=1}" with comment "runners of 'Server Social' build configuration were updated"
[2018-11-11 23:23:22,221]   INFO - s.buildServer.ACTIVITIES.AUDIT - build_add_to_queue: Build BUILD_PROMOTION{id=8} was added to queue by "'admin' {id=1}"
[2018-11-11 23:23:22,222]   INFO - tbrains.buildServer.ACTIVITIES - Build added to queue; Queued build {Build promotion {promotion id=8, configuration={id=ServerSocial, internal id=bt1}, queued}, triggered by "'admin' {id=1}" (##userId='1' type='user')}
[2018-11-11 23:23:22,236]   INFO - tbrains.buildServer.ACTIVITIES - Build started; Server Social / Server Social {id=ServerSocial, internal id=bt1} #8 {promotion id=8, agent="dockerteamcity_teamcity-agent_1" {id=1}, triggered by "'admin' {id=1}" (##userId='1' type='user'). Started 2018-11-11 23:23:22.232, running}
[2018-11-11 23:23:27,469]   INFO - tbrains.buildServer.ACTIVITIES - Finished build Server Social / Server Social {id=ServerSocial, internal id=bt1} #8 {promotion id=8, agent="dockerteamcity_teamcity-agent_1" {id=1}, triggered by "'admin' {id=1}" (##userId='1' type='user'). Started 2018-11-11 23:23:22.802, finished. Status "FAILURE 'Exit code 1 (Step: NPM Tests (Command Line))'"}
[2018-11-11 23:25:37,221]   INFO - s.buildServer.ACTIVITIES.AUDIT - build_type_edit_settings: "Server Social / Server Social {id=ServerSocial, internal id=bt1}" build configuration settings were edited ("version before: 9, version after: 10") by "'admin' {id=1}" with comment "runners of 'Server Social' build configuration were updated"
[2018-11-11 23:25:47,004]   INFO - s.buildServer.ACTIVITIES.AUDIT - build_add_to_queue: Build BUILD_PROMOTION{id=9} was added to queue by "'admin' {id=1}"
[2018-11-11 23:25:47,007]   INFO - tbrains.buildServer.ACTIVITIES - Build added to queue; Queued build {Build promotion {promotion id=9, configuration={id=ServerSocial, internal id=bt1}, queued}, triggered by "'admin' {id=1}" (##userId='1' type='user')}
[2018-11-11 23:25:47,016]   INFO - tbrains.buildServer.ACTIVITIES - Build started; Server Social / Server Social {id=ServerSocial, internal id=bt1} #9 {promotion id=9, agent="dockerteamcity_teamcity-agent_1" {id=1}, triggered by "'admin' {id=1}" (##userId='1' type='user'). Started 2018-11-11 23:25:47.011, running}
[2018-11-11 23:25:58,057]   INFO - tbrains.buildServer.ACTIVITIES - Finished build Server Social / Server Social {id=ServerSocial, internal id=bt1} #9 {promotion id=9, agent="dockerteamcity_teamcity-agent_1" {id=1}, triggered by "'admin' {id=1}" (##userId='1' type='user'). Started 2018-11-11 23:25:48.118, finished. Status "NORMAL 'Running'"}
[2018-11-11 23:31:58,314]   INFO - s.buildServer.ACTIVITIES.AUDIT - build_type_edit_settings: "Server Social / Server Social {id=ServerSocial, internal id=bt1}" build configuration settings were edited ("version before: 10, version after: 11") by "'admin' {id=1}" with comment "runners of 'Server Social' build configuration were updated"
[2018-11-11 23:32:03,320]   INFO - s.buildServer.ACTIVITIES.AUDIT - build_add_to_queue: Build BUILD_PROMOTION{id=10} was added to queue by "'admin' {id=1}"
[2018-11-11 23:32:03,322]   INFO - tbrains.buildServer.ACTIVITIES - Build added to queue; Queued build {Build promotion {promotion id=10, configuration={id=ServerSocial, internal id=bt1}, queued}, triggered by "'admin' {id=1}" (##userId='1' type='user')}
[2018-11-11 23:32:03,331]   INFO - tbrains.buildServer.ACTIVITIES - Build started; Server Social / Server Social {id=ServerSocial, internal id=bt1} #10 {promotion id=10, agent="dockerteamcity_teamcity-agent_1" {id=1}, triggered by "'admin' {id=1}" (##userId='1' type='user'). Started 2018-11-11 23:32:03.327, running}
[2018-11-11 23:32:09,580]   INFO - tbrains.buildServer.ACTIVITIES - Finished build Server Social / Server Social {id=ServerSocial, internal id=bt1} #10 {promotion id=10, agent="dockerteamcity_teamcity-agent_1" {id=1}, triggered by "'admin' {id=1}" (##userId='1' type='user'). Started 2018-11-11 23:32:04.046, finished. Status "NORMAL 'Running'"}
[2018-11-11 23:32:50,289]   INFO - s.buildServer.ACTIVITIES.AUDIT - build_type_edit_settings: "Server Social / Server Social {id=ServerSocial, internal id=bt1}" build configuration settings were edited ("version before: 11, version after: 12") by "'admin' {id=1}" with comment "runners of 'Server Social' build configuration were updated"
[2018-11-11 23:32:53,887]   INFO - s.buildServer.ACTIVITIES.AUDIT - build_add_to_queue: Build BUILD_PROMOTION{id=11} was added to queue by "'admin' {id=1}"
[2018-11-11 23:32:53,889]   INFO - tbrains.buildServer.ACTIVITIES - Build added to queue; Queued build {Build promotion {promotion id=11, configuration={id=ServerSocial, internal id=bt1}, queued}, triggered by "'admin' {id=1}" (##userId='1' type='user')}
[2018-11-11 23:32:53,898]   INFO - tbrains.buildServer.ACTIVITIES - Build started; Server Social / Server Social {id=ServerSocial, internal id=bt1} #11 {promotion id=11, agent="dockerteamcity_teamcity-agent_1" {id=1}, triggered by "'admin' {id=1}" (##userId='1' type='user'). Started 2018-11-11 23:32:53.894, running}
[2018-11-11 23:33:02,517]   INFO - tbrains.buildServer.ACTIVITIES - Finished build Server Social / Server Social {id=ServerSocial, internal id=bt1} #11 {promotion id=11, agent="dockerteamcity_teamcity-agent_1" {id=1}, triggered by "'admin' {id=1}" (##userId='1' type='user'). Started 2018-11-11 23:32:54.431, finished. Status "FAILURE 'Exit code 1 (Step: NPM Tests (Command Line)) (new)'"}
[2018-11-12 00:03:38,236]   INFO - tbrains.buildServer.ACTIVITIES - Shutdown Spring components
[2018-11-12 00:03:39,896]   INFO - tbrains.buildServer.ACTIVITIES - Spring components are shut down
[2018-11-12 00:11:13,068]   INFO - tbrains.buildServer.ACTIVITIES - Server Started
[2018-11-12 00:15:43,204]   INFO - tbrains.buildServer.ACTIVITIES - Shutdown Spring components
[2018-11-12 00:15:44,682]   INFO - tbrains.buildServer.ACTIVITIES - Spring components are shut down
[2018-11-12 00:41:11,225]   INFO - tbrains.buildServer.ACTIVITIES - Server Started
[2018-11-12 00:42:14,309]   INFO - s.buildServer.ACTIVITIES.AUDIT - build_add_to_queue: Build BUILD_PROMOTION{id=12} was added to queue by "'admin' {id=1}"
[2018-11-12 00:42:14,366]   INFO - tbrains.buildServer.ACTIVITIES - Build added to queue; Queued build {Build promotion {promotion id=12, configuration={id=ServerSocial, internal id=bt1}, queued}, triggered by "'admin' {id=1}" (##userId='1' type='user')}
[2018-11-12 00:42:14,718]   INFO - tbrains.buildServer.ACTIVITIES - Build started; Server Social / Server Social {id=ServerSocial, internal id=bt1} #12 {promotion id=12, agent="dockerteamcity_teamcity-agent_1" {id=1}, triggered by "'admin' {id=1}" (##userId='1' type='user'). Started 2018-11-12 00:42:14.574, running}
[2018-11-12 00:42:29,485]   INFO - tbrains.buildServer.ACTIVITIES - Finished build Server Social / Server Social {id=ServerSocial, internal id=bt1} #12 {promotion id=12, agent="dockerteamcity_teamcity-agent_1" {id=1}, triggered by "'admin' {id=1}" (##userId='1' type='user'). Started 2018-11-12 00:42:15.877, finished. Status "FAILURE 'Exit code 1 (Step: NPM Tests (Command Line))'"}
[2018-11-12 00:44:51,781]   INFO - tbrains.buildServer.ACTIVITIES - Build added to queue; Queued build {Build promotion {promotion id=13, configuration={id=ServerSocial, internal id=bt1}, queued}, triggered by "Git" (##vcsName='jetbrains.git' type='vcs')}
[2018-11-12 00:44:51,801]   INFO - tbrains.buildServer.ACTIVITIES - Build started; Server Social / Server Social {id=ServerSocial, internal id=bt1} #13 {promotion id=13, agent="dockerteamcity_teamcity-agent_1" {id=1}, triggered by "Git" (##vcsName='jetbrains.git' type='vcs'). Started 2018-11-12 00:44:51.789, running}
[2018-11-12 00:46:04,698]   INFO - tbrains.buildServer.ACTIVITIES - Finished build Server Social / Server Social {id=ServerSocial, internal id=bt1} #13 {promotion id=13, agent="dockerteamcity_teamcity-agent_1" {id=1}, triggered by "Git" (##vcsName='jetbrains.git' type='vcs'). Started 2018-11-12 00:44:52.374, finished. Status "FAILURE 'Exit code 1 (Step: NPM Tests (Command Line))'"}
[2018-11-12 00:53:45,969]   INFO - s.buildServer.ACTIVITIES.AUDIT - build_type_edit_settings: "Server Social / Server Social {id=ServerSocial, internal id=bt1}" build configuration settings were edited ("version before: 12, version after: 13") by "'admin' {id=1}" with comment "runners of 'Server Social' build configuration were updated"
[2018-11-12 00:53:52,533]   INFO - s.buildServer.ACTIVITIES.AUDIT - build_add_to_queue: Build BUILD_PROMOTION{id=14} was added to queue by "'admin' {id=1}"
[2018-11-12 00:53:52,536]   INFO - tbrains.buildServer.ACTIVITIES - Build added to queue; Queued build {Build promotion {promotion id=14, configuration={id=ServerSocial, internal id=bt1}, queued}, triggered by "'admin' {id=1}" (##userId='1' type='user')}
[2018-11-12 00:53:52,547]   INFO - tbrains.buildServer.ACTIVITIES - Build started; Server Social / Server Social {id=ServerSocial, internal id=bt1} #14 {promotion id=14, agent="dockerteamcity_teamcity-agent_1" {id=1}, triggered by "'admin' {id=1}" (##userId='1' type='user'). Started 2018-11-12 00:53:52.541, running}
[2018-11-12 00:53:58,468]   INFO - tbrains.buildServer.ACTIVITIES - Finished build Server Social / Server Social {id=ServerSocial, internal id=bt1} #14 {promotion id=14, agent="dockerteamcity_teamcity-agent_1" {id=1}, triggered by "'admin' {id=1}" (##userId='1' type='user'). Started 2018-11-12 00:53:53.466, finished. Status "FAILURE 'Exit code 1 (Step: NPM Tests (Command Line))'"}
[2018-11-12 00:55:12,240]   INFO - tbrains.buildServer.ACTIVITIES - Build added to queue; Queued build {Build promotion {promotion id=15, configuration={id=ServerSocial, internal id=bt1}, queued}, triggered by "Git" (##vcsName='jetbrains.git' type='vcs')}
[2018-11-12 00:55:12,263]   INFO - tbrains.buildServer.ACTIVITIES - Build started; Server Social / Server Social {id=ServerSocial, internal id=bt1} #15 {promotion id=15, agent="dockerteamcity_teamcity-agent_1" {id=1}, triggered by "Git" (##vcsName='jetbrains.git' type='vcs'). Started 2018-11-12 00:55:12.251, running}
[2018-11-12 00:55:21,813]   INFO - tbrains.buildServer.ACTIVITIES - Finished build Server Social / Server Social {id=ServerSocial, internal id=bt1} #15 {promotion id=15, agent="dockerteamcity_teamcity-agent_1" {id=1}, triggered by "Git" (##vcsName='jetbrains.git' type='vcs'). Started 2018-11-12 00:55:12.824, finished. Status "FAILURE 'Exit code 1 (Step: NPM Tests (Command Line))'"}
[2018-11-12 00:56:08,125]   INFO - s.buildServer.ACTIVITIES.AUDIT - build_type_edit_settings: "Server Social / Server Social {id=ServerSocial, internal id=bt1}" build configuration settings were edited ("version before: 13, version after: 14") by "'admin' {id=1}" with comment "runners of 'Server Social' build configuration were updated"
[2018-11-12 00:56:12,422]   INFO - s.buildServer.ACTIVITIES.AUDIT - build_add_to_queue: Build BUILD_PROMOTION{id=16} was added to queue by "'admin' {id=1}"
[2018-11-12 00:56:12,424]   INFO - tbrains.buildServer.ACTIVITIES - Build added to queue; Queued build {Build promotion {promotion id=16, configuration={id=ServerSocial, internal id=bt1}, queued}, triggered by "'admin' {id=1}" (##userId='1' type='user')}
[2018-11-12 00:56:12,434]   INFO - tbrains.buildServer.ACTIVITIES - Build started; Server Social / Server Social {id=ServerSocial, internal id=bt1} #16 {promotion id=16, agent="dockerteamcity_teamcity-agent_1" {id=1}, triggered by "'admin' {id=1}" (##userId='1' type='user'). Started 2018-11-12 00:56:12.430, running}
[2018-11-12 00:56:19,382]   INFO - tbrains.buildServer.ACTIVITIES - Finished build Server Social / Server Social {id=ServerSocial, internal id=bt1} #16 {promotion id=16, agent="dockerteamcity_teamcity-agent_1" {id=1}, triggered by "'admin' {id=1}" (##userId='1' type='user'). Started 2018-11-12 00:56:13.008, finished. Status "FAILURE 'Exit code 1 (Step: NPM Tests (Command Line))'"}
[2018-11-12 00:59:52,412]   INFO - tbrains.buildServer.ACTIVITIES - Build added to queue; Queued build {Build promotion {promotion id=17, configuration={id=ServerSocial, internal id=bt1}, queued}, triggered by "Git" (##vcsName='jetbrains.git' type='vcs')}
[2018-11-12 00:59:52,435]   INFO - tbrains.buildServer.ACTIVITIES - Build started; Server Social / Server Social {id=ServerSocial, internal id=bt1} #17 {promotion id=17, agent="dockerteamcity_teamcity-agent_1" {id=1}, triggered by "Git" (##vcsName='jetbrains.git' type='vcs'). Started 2018-11-12 00:59:52.425, running}
[2018-11-12 01:01:08,056]   INFO - tbrains.buildServer.ACTIVITIES - Finished build Server Social / Server Social {id=ServerSocial, internal id=bt1} #17 {promotion id=17, agent="dockerteamcity_teamcity-agent_1" {id=1}, triggered by "Git" (##vcsName='jetbrains.git' type='vcs'). Started 2018-11-12 00:59:52.980, finished. Status "FAILURE 'Exit code 1 (Step: NPM Tests (Command Line))'"}
[2018-11-12 01:04:52,575]   INFO - tbrains.buildServer.ACTIVITIES - Build added to queue; Queued build {Build promotion {promotion id=18, configuration={id=ServerSocial, internal id=bt1}, queued}, triggered by "Git" (##vcsName='jetbrains.git' type='vcs')}
[2018-11-12 01:04:52,584]   INFO - tbrains.buildServer.ACTIVITIES - Build started; Server Social / Server Social {id=ServerSocial, internal id=bt1} #18 {promotion id=18, agent="dockerteamcity_teamcity-agent_1" {id=1}, triggered by "Git" (##vcsName='jetbrains.git' type='vcs'). Started 2018-11-12 01:04:52.579, running}
[2018-11-12 01:04:54,614]   INFO - s.buildServer.ACTIVITIES.AUDIT - project_external_id_change: "Server Social {id=Sharifyr, internal id=project1}" project ID was changed from "ServerSocial" to "Sharifyr" by "'admin' {id=1}"
[2018-11-12 01:04:54,634]   INFO - s.buildServer.ACTIVITIES.AUDIT - project_edit_settings: "Sharifyr {id=Sharifyr, internal id=project1}" project settings were edited ("version before: 1, version after: 2") by "'admin' {id=1}" with comment "project settings were updated"
[2018-11-12 01:06:04,788]   INFO - tbrains.buildServer.ACTIVITIES - Finished build Sharifyr / Server Social {id=ServerSocial, internal id=bt1} #18 {promotion id=18, agent="dockerteamcity_teamcity-agent_1" {id=1}, triggered by "Git" (##vcsName='jetbrains.git' type='vcs'). Started 2018-11-12 01:04:53.127, finished. Status "FAILURE 'Exit code 1 (Step: NPM Tests (Command Line))'"}
[2018-11-12 01:07:32,662]   INFO - tbrains.buildServer.ACTIVITIES - Build added to queue; Queued build {Build promotion {promotion id=19, configuration={id=ServerSocial, internal id=bt1}, queued}, triggered by "Git" (##vcsName='jetbrains.git' type='vcs')}
[2018-11-12 01:07:32,686]   INFO - tbrains.buildServer.ACTIVITIES - Build started; Sharifyr / Server Social {id=ServerSocial, internal id=bt1} #19 {promotion id=19, agent="dockerteamcity_teamcity-agent_1" {id=1}, triggered by "Git" (##vcsName='jetbrains.git' type='vcs'). Started 2018-11-12 01:07:32.675, running}
[2018-11-12 01:08:46,701]   INFO - tbrains.buildServer.ACTIVITIES - Finished build Sharifyr / Server Social {id=ServerSocial, internal id=bt1} #19 {promotion id=19, agent="dockerteamcity_teamcity-agent_1" {id=1}, triggered by "Git" (##vcsName='jetbrains.git' type='vcs'). Started 2018-11-12 01:07:33.252, finished. Status "FAILURE 'Exit code 1 (Step: NPM Tests (Command Line))'"}
[2018-11-12 01:14:52,903]   INFO - tbrains.buildServer.ACTIVITIES - Build added to queue; Queued build {Build promotion {promotion id=20, configuration={id=ServerSocial, internal id=bt1}, queued}, triggered by "Git" (##vcsName='jetbrains.git' type='vcs')}
[2018-11-12 01:14:52,923]   INFO - tbrains.buildServer.ACTIVITIES - Build started; Sharifyr / Server Social {id=ServerSocial, internal id=bt1} #20 {promotion id=20, agent="dockerteamcity_teamcity-agent_1" {id=1}, triggered by "Git" (##vcsName='jetbrains.git' type='vcs'). Started 2018-11-12 01:14:52.915, running}
[2018-11-12 01:16:19,098]   INFO - tbrains.buildServer.ACTIVITIES - Finished build Sharifyr / Server Social {id=ServerSocial, internal id=bt1} #20 {promotion id=20, agent="dockerteamcity_teamcity-agent_1" {id=1}, triggered by "Git" (##vcsName='jetbrains.git' type='vcs'). Started 2018-11-12 01:14:53.447, finished. Status "FAILURE 'Exit code 1 (Step: NPM Tests (Command Line))'"}
[2018-11-12 01:20:53,096]   INFO - tbrains.buildServer.ACTIVITIES - Build added to queue; Queued build {Build promotion {promotion id=21, configuration={id=ServerSocial, internal id=bt1}, queued}, triggered by "Git" (##vcsName='jetbrains.git' type='vcs')}
[2018-11-12 01:20:53,121]   INFO - tbrains.buildServer.ACTIVITIES - Build started; Sharifyr / Server Social {id=ServerSocial, internal id=bt1} #21 {promotion id=21, agent="dockerteamcity_teamcity-agent_1" {id=1}, triggered by "Git" (##vcsName='jetbrains.git' type='vcs'). Started 2018-11-12 01:20:53.108, running}
[2018-11-12 01:38:54,874]   INFO - tbrains.buildServer.ACTIVITIES - Build stopped on agent: #21 {build id=21, buildTypeId=ServerSocial}
[2018-11-12 01:38:55,056]   INFO - s.buildServer.ACTIVITIES.AUDIT - build_cancel: Build "#21 {build id=21, buildTypeId=ServerSocial}" was canceled by "'admin' {id=1}" with comment "This build hung."
[2018-11-12 01:38:55,068]   INFO - tbrains.buildServer.ACTIVITIES - Finished build Sharifyr / Server Social {id=ServerSocial, internal id=bt1} #21 {promotion id=21, agent="dockerteamcity_teamcity-agent_1" {id=1}, triggered by "Git" (##vcsName='jetbrains.git' type='vcs'), canceled=[comment: This build hung., userId:1]. Started 2018-11-12 01:20:53.658, finished. Status "UNKNOWN 'Canceled (Exit code 137 (Step: NPM Tests (Command Line)) (new))'"}
[2018-11-12 01:39:53,668]   INFO - tbrains.buildServer.ACTIVITIES - Build added to queue; Queued build {Build promotion {promotion id=22, configuration={id=ServerSocial, internal id=bt1}, queued}, triggered by "Git" (##vcsName='jetbrains.git' type='vcs')}
[2018-11-12 01:39:53,687]   INFO - tbrains.buildServer.ACTIVITIES - Build started; Sharifyr / Server Social {id=ServerSocial, internal id=bt1} #22 {promotion id=22, agent="dockerteamcity_teamcity-agent_1" {id=1}, triggered by "Git" (##vcsName='jetbrains.git' type='vcs'). Started 2018-11-12 01:39:53.676, running}
[2018-11-12 01:49:33,133]   INFO - tbrains.buildServer.ACTIVITIES - Build stopped on agent: #22 {build id=22, buildTypeId=ServerSocial}
[2018-11-12 01:49:33,309]   INFO - s.buildServer.ACTIVITIES.AUDIT - build_cancel: Build "#22 {build id=22, buildTypeId=ServerSocial}" was canceled by "'admin' {id=1}"
[2018-11-12 01:49:33,318]   INFO - tbrains.buildServer.ACTIVITIES - Finished build Sharifyr / Server Social {id=ServerSocial, internal id=bt1} #22 {promotion id=22, agent="dockerteamcity_teamcity-agent_1" {id=1}, triggered by "Git" (##vcsName='jetbrains.git' type='vcs'), canceled=[comment: , userId:1]. Started 2018-11-12 01:39:54.209, finished. Status "UNKNOWN 'Canceled (Exit code 137 (Step: NPM Tests (Command Line)) (new))'"}
[2018-11-12 01:50:34,209]   INFO - tbrains.buildServer.ACTIVITIES - Build added to queue; Queued build {Build promotion {promotion id=23, configuration={id=ServerSocial, internal id=bt1}, queued}, triggered by "Git" (##vcsName='jetbrains.git' type='vcs')}
[2018-11-12 01:50:34,224]   INFO - tbrains.buildServer.ACTIVITIES - Build started; Sharifyr / Server Social {id=ServerSocial, internal id=bt1} #23 {promotion id=23, agent="dockerteamcity_teamcity-agent_1" {id=1}, triggered by "Git" (##vcsName='jetbrains.git' type='vcs'). Started 2018-11-12 01:50:34.215, running}
[2018-11-12 01:51:57,408]   INFO - tbrains.buildServer.ACTIVITIES - Finished build Sharifyr / Server Social {id=ServerSocial, internal id=bt1} #23 {promotion id=23, agent="dockerteamcity_teamcity-agent_1" {id=1}, triggered by "Git" (##vcsName='jetbrains.git' type='vcs'). Started 2018-11-12 01:50:34.749, finished. Status "FAILURE 'Exit code 1 (Step: NPM Tests (Command Line))'"}
[2018-11-12 02:35:15,241]   INFO - tbrains.buildServer.ACTIVITIES - Build added to queue; Queued build {Build promotion {promotion id=24, configuration={id=ServerSocial, internal id=bt1}, queued}, triggered by "Git" (##vcsName='jetbrains.git' type='vcs')}
[2018-11-12 02:35:15,260]   INFO - tbrains.buildServer.ACTIVITIES - Build started; Sharifyr / Server Social {id=ServerSocial, internal id=bt1} #24 {promotion id=24, agent="dockerteamcity_teamcity-agent_1" {id=1}, triggered by "Git" (##vcsName='jetbrains.git' type='vcs'). Started 2018-11-12 02:35:15.251, running}
[2018-11-12 02:36:38,107]   INFO - tbrains.buildServer.ACTIVITIES - Finished build Sharifyr / Server Social {id=ServerSocial, internal id=bt1} #24 {promotion id=24, agent="dockerteamcity_teamcity-agent_1" {id=1}, triggered by "Git" (##vcsName='jetbrains.git' type='vcs'). Started 2018-11-12 02:35:15.790, finished. Status "NORMAL 'Running'"}
[2018-11-12 03:20:56,682]   INFO - tbrains.buildServer.ACTIVITIES - Build added to queue; Queued build {Build promotion {promotion id=25, configuration={id=ServerSocial, internal id=bt1}, queued}, triggered by "Git" (##vcsName='jetbrains.git' type='vcs')}
[2018-11-12 03:20:56,706]   INFO - tbrains.buildServer.ACTIVITIES - Build started; Sharifyr / Server Social {id=ServerSocial, internal id=bt1} #25 {promotion id=25, agent="dockerteamcity_teamcity-agent_1" {id=1}, triggered by "Git" (##vcsName='jetbrains.git' type='vcs'). Started 2018-11-12 03:20:56.700, running}
[2018-11-12 03:22:21,540]   INFO - tbrains.buildServer.ACTIVITIES - Finished build Sharifyr / Server Social {id=ServerSocial, internal id=bt1} #25 {promotion id=25, agent="dockerteamcity_teamcity-agent_1" {id=1}, triggered by "Git" (##vcsName='jetbrains.git' type='vcs'). Started 2018-11-12 03:20:57.247, finished. Status "NORMAL 'Running'"}
[2018-11-12 03:57:17,596]   INFO - tbrains.buildServer.ACTIVITIES - Build added to queue; Queued build {Build promotion {promotion id=26, configuration={id=ServerSocial, internal id=bt1}, queued}, triggered by "Git" (##vcsName='jetbrains.git' type='vcs')}
[2018-11-12 03:57:17,623]   INFO - tbrains.buildServer.ACTIVITIES - Build started; Sharifyr / Server Social {id=ServerSocial, internal id=bt1} #26 {promotion id=26, agent="dockerteamcity_teamcity-agent_1" {id=1}, triggered by "Git" (##vcsName='jetbrains.git' type='vcs'). Started 2018-11-12 03:57:17.617, running}
[2018-11-12 03:58:43,401]   INFO - tbrains.buildServer.ACTIVITIES - Finished build Sharifyr / Server Social {id=ServerSocial, internal id=bt1} #26 {promotion id=26, agent="dockerteamcity_teamcity-agent_1" {id=1}, triggered by "Git" (##vcsName='jetbrains.git' type='vcs'). Started 2018-11-12 03:57:18.168, finished. Status "NORMAL 'Running'"}
