[2018-11-11 21:59:30,928]   INFO [TeamCity Server] - est.APIController/rest-api-9.1 - Listening for paths [/app/rest/9.1] in plugin 'rest-api-9.1'
[2018-11-11 21:59:30,929]   INFO [TeamCity Server] - .APIController/rest-api-2017.2 - Listening for paths [/app/rest/2017.2] in plugin 'rest-api-2017.2'
[2018-11-11 21:59:30,930]   INFO [TeamCity Server] - rver.server.rest.APIController - Listening for paths [/app/rest/8.0, /app/rest/8.1] in plugin 'rest-api-8.1'
[2018-11-11 21:59:30,931]   INFO [TeamCity Server] - est.APIController/rest-api-9.0 - Listening for paths [/app/rest/9.0] in plugin 'rest-api-9.0'
[2018-11-11 21:59:30,931]   INFO [TeamCity Server] - .APIController/rest-api-2017.1 - Listening for paths [/app/rest/2017.1, /app/rest/10.0] in plugin 'rest-api-2017.1'
[2018-11-11 21:59:30,941]   INFO [I initializer 1] - ResourceConfig/rest-api-2017.2 - Packages registered by rest extensions: [jetbrains.buildServer.server.restcontrib]
[2018-11-11 21:59:30,943]   INFO [TeamCity Server] - er.rest.APIController/rest-api - Listening for paths [/app/rest/2018.1, /app/rest, /app/rest/latest, /api] in plugin 'rest-api'
[2018-11-11 21:59:30,943]   INFO [I initializer 1] - ResourceConfig/rest-api-2017.1 - Packages registered by rest extensions: [jetbrains.buildServer.server.restcontrib]
[2018-11-11 21:59:30,977]   INFO [in 'rest-api' 1] - nsAwareResourceConfig/rest-api - Packages registered by rest extensions: [jetbrains.buildServer.server.restcontrib]
[2018-11-11 21:59:31,387]   INFO [I initializer 1] - ResourceConfig/rest-api-2017.2 - Root resource classes found:
  class jetbrains.buildServer.server.rest.request.TestOccurrenceRequest
  class jetbrains.buildServer.server.rest.request.DebugRequest
  class jetbrains.buildServer.server.rest.request.BuildQueueRequest
  class jetbrains.buildServer.server.rest.request.ChangeRequest
  class jetbrains.buildServer.server.rest.swagger.SwaggerResource
  class jetbrains.buildServer.server.rest.request.GroupRequest
  class jetbrains.buildServer.server.rest.request.ProblemRequest
  class jetbrains.buildServer.server.rest.request.VcsRootRequest
  class jetbrains.buildServer.server.rest.request.AgentPoolRequest
  class jetbrains.buildServer.server.rest.request.BuildRequest
  class jetbrains.buildServer.server.rest.request.TestRequest
  class jetbrains.buildServer.server.rest.request.AgentRequest
  class jetbrains.buildServer.server.rest.request.ProblemOccurrenceRequest
  class jetbrains.buildServer.server.rest.request.VcsRootInstanceRequest
  class jetbrains.buildServer.server.restcontrib.cctray.request.CCTrayRequest
  class jetbrains.buildServer.server.rest.request.BuildTypeRequest
  class jetbrains.buildServer.server.rest.request.ProjectRequest
  class jetbrains.buildServer.server.rest.request.FederationRequest
  class jetbrains.buildServer.server.rest.request.RootApiRequest
  class jetbrains.buildServer.server.rest.request.InvestigationRequest
  class jetbrains.buildServer.server.rest.request.ServerRequest
  class jetbrains.buildServer.server.rest.request.UserRequest
  class jetbrains.buildServer.server.rest.request.MuteRequest
[2018-11-11 21:59:31,387]   INFO [I initializer 1] - ResourceConfig/rest-api-2017.2 - Provider classes found:
  class jetbrains.buildServer.server.rest.swagger.SwaggerReaderConfigProvider
  class jetbrains.buildServer.server.rest.swagger.SwaggerSerializers
  class jetbrains.buildServer.server.rest.swagger.SwaggerConfigProvider
[2018-11-11 21:59:31,421]   INFO [in 'rest-api' 1] - nsAwareResourceConfig/rest-api - Root resource classes found:
  class jetbrains.buildServer.server.rest.request.VcsRootInstanceRequest
  class jetbrains.buildServer.server.rest.request.ChangeRequest
  class jetbrains.buildServer.server.rest.request.TestOccurrenceRequest
  class jetbrains.buildServer.server.rest.request.VcsRootRequest
  class jetbrains.buildServer.server.rest.request.ServerRequest
  class jetbrains.buildServer.server.rest.request.GroupRequest
  class jetbrains.buildServer.server.rest.request.RootApiRequest
  class jetbrains.buildServer.server.restcontrib.cctray.request.CCTrayRequest
  class jetbrains.buildServer.server.rest.request.ProblemOccurrenceRequest
  class jetbrains.buildServer.server.rest.request.BuildTypeRequest
  class jetbrains.buildServer.server.rest.request.AgentRequest
  class jetbrains.buildServer.server.rest.request.DebugRequest
  class jetbrains.buildServer.server.rest.request.InvestigationRequest
  class jetbrains.buildServer.server.rest.request.UserRequest
  class jetbrains.buildServer.server.rest.request.AgentPoolRequest
  class jetbrains.buildServer.server.rest.request.BuildRequest
  class jetbrains.buildServer.server.rest.swagger.SwaggerResource
  class jetbrains.buildServer.server.rest.request.FederationRequest
  class jetbrains.buildServer.server.rest.request.ProjectRequest
  class jetbrains.buildServer.server.rest.request.MuteRequest
  class jetbrains.buildServer.server.rest.request.ProblemRequest
  class jetbrains.buildServer.server.rest.request.TestRequest
  class jetbrains.buildServer.server.rest.request.BuildQueueRequest
[2018-11-11 21:59:31,435]   INFO [in 'rest-api' 1] - nsAwareResourceConfig/rest-api - Provider classes found:
  class jetbrains.buildServer.server.rest.swagger.SwaggerConfigProvider
  class jetbrains.buildServer.server.rest.swagger.SwaggerReaderConfigProvider
  class jetbrains.buildServer.server.rest.swagger.SwaggerSerializers
[2018-11-11 21:59:31,459]   INFO [I initializer 1] - ResourceConfig/rest-api-2017.1 - Root resource classes found:
  class jetbrains.buildServer.server.rest.request.ChangeRequest
  class jetbrains.buildServer.server.rest.request.ProjectRequest
  class jetbrains.buildServer.server.rest.request.BuildTypeRequest
  class jetbrains.buildServer.server.rest.request.DebugRequest
  class jetbrains.buildServer.server.rest.request.ProblemOccurrenceRequest
  class jetbrains.buildServer.server.rest.request.InvestigationRequest
  class jetbrains.buildServer.server.rest.request.VcsRootRequest
  class jetbrains.buildServer.server.rest.request.TestOccurrenceRequest
  class jetbrains.buildServer.server.rest.swagger.SwaggerResource
  class jetbrains.buildServer.server.rest.request.AgentRequest
  class jetbrains.buildServer.server.rest.request.FederationRequest
  class jetbrains.buildServer.server.rest.request.RootApiRequest
  class jetbrains.buildServer.server.rest.request.ProblemRequest
  class jetbrains.buildServer.server.rest.request.UserRequest
  class jetbrains.buildServer.server.rest.request.TestRequest
  class jetbrains.buildServer.server.rest.request.GroupRequest
  class jetbrains.buildServer.server.restcontrib.cctray.request.CCTrayRequest
  class jetbrains.buildServer.server.rest.request.BuildQueueRequest
  class jetbrains.buildServer.server.rest.request.MuteRequest
  class jetbrains.buildServer.server.rest.request.AgentPoolRequest
  class jetbrains.buildServer.server.rest.request.VcsRootInstanceRequest
  class jetbrains.buildServer.server.rest.request.BuildRequest
  class jetbrains.buildServer.server.rest.request.ServerRequest
[2018-11-11 21:59:31,461]   INFO [I initializer 1] - ResourceConfig/rest-api-2017.1 - Provider classes found:
  class jetbrains.buildServer.server.rest.swagger.SwaggerSerializers
  class jetbrains.buildServer.server.rest.swagger.SwaggerConfigProvider
  class jetbrains.buildServer.server.rest.swagger.SwaggerReaderConfigProvider
[2018-11-11 22:08:19,460]   INFO [TeamCity Server] - rver.server.rest.APIController - Listening for paths [/app/rest/8.0, /app/rest/8.1] in plugin 'rest-api-8.1'
[2018-11-11 22:08:19,461]   INFO [TeamCity Server] - er.rest.APIController/rest-api - Listening for paths [/app/rest/2018.1, /app/rest, /app/rest/latest, /api] in plugin 'rest-api'
[2018-11-11 22:08:19,463]   INFO [TeamCity Server] - .APIController/rest-api-2017.2 - Listening for paths [/app/rest/2017.2] in plugin 'rest-api-2017.2'
[2018-11-11 22:08:19,464]   INFO [TeamCity Server] - est.APIController/rest-api-9.0 - Listening for paths [/app/rest/9.0] in plugin 'rest-api-9.0'
[2018-11-11 22:08:19,465]   INFO [TeamCity Server] - .APIController/rest-api-2017.1 - Listening for paths [/app/rest/2017.1, /app/rest/10.0] in plugin 'rest-api-2017.1'
[2018-11-11 22:08:19,467]   INFO [TeamCity Server] - est.APIController/rest-api-9.1 - Listening for paths [/app/rest/9.1] in plugin 'rest-api-9.1'
[2018-11-11 22:08:19,473]   INFO [in 'rest-api' 1] - nsAwareResourceConfig/rest-api - Packages registered by rest extensions: [jetbrains.buildServer.server.restcontrib]
[2018-11-11 22:08:19,475]   INFO [I initializer 1] - ResourceConfig/rest-api-2017.2 - Packages registered by rest extensions: [jetbrains.buildServer.server.restcontrib]
[2018-11-11 22:08:19,477]   INFO [I initializer 1] - ResourceConfig/rest-api-2017.1 - Packages registered by rest extensions: [jetbrains.buildServer.server.restcontrib]
[2018-11-11 22:08:19,796]   INFO [in 'rest-api' 1] - nsAwareResourceConfig/rest-api - Root resource classes found:
  class jetbrains.buildServer.server.rest.request.TestOccurrenceRequest
  class jetbrains.buildServer.server.rest.request.VcsRootRequest
  class jetbrains.buildServer.server.restcontrib.cctray.request.CCTrayRequest
  class jetbrains.buildServer.server.rest.request.InvestigationRequest
  class jetbrains.buildServer.server.rest.request.ProblemOccurrenceRequest
  class jetbrains.buildServer.server.rest.request.TestRequest
  class jetbrains.buildServer.server.rest.request.UserRequest
  class jetbrains.buildServer.server.rest.swagger.SwaggerResource
  class jetbrains.buildServer.server.rest.request.BuildTypeRequest
  class jetbrains.buildServer.server.rest.request.AgentRequest
  class jetbrains.buildServer.server.rest.request.DebugRequest
  class jetbrains.buildServer.server.rest.request.RootApiRequest
  class jetbrains.buildServer.server.rest.request.BuildQueueRequest
  class jetbrains.buildServer.server.rest.request.FederationRequest
  class jetbrains.buildServer.server.rest.request.MuteRequest
  class jetbrains.buildServer.server.rest.request.VcsRootInstanceRequest
  class jetbrains.buildServer.server.rest.request.ChangeRequest
  class jetbrains.buildServer.server.rest.request.AgentPoolRequest
  class jetbrains.buildServer.server.rest.request.ProjectRequest
  class jetbrains.buildServer.server.rest.request.BuildRequest
  class jetbrains.buildServer.server.rest.request.GroupRequest
  class jetbrains.buildServer.server.rest.request.ServerRequest
  class jetbrains.buildServer.server.rest.request.ProblemRequest
[2018-11-11 22:08:19,796]   INFO [in 'rest-api' 1] - nsAwareResourceConfig/rest-api - Provider classes found:
  class jetbrains.buildServer.server.rest.swagger.SwaggerSerializers
  class jetbrains.buildServer.server.rest.swagger.SwaggerConfigProvider
  class jetbrains.buildServer.server.rest.swagger.SwaggerReaderConfigProvider
[2018-11-11 22:08:19,853]   INFO [I initializer 1] - ResourceConfig/rest-api-2017.2 - Root resource classes found:
  class jetbrains.buildServer.server.rest.request.RootApiRequest
  class jetbrains.buildServer.server.rest.request.UserRequest
  class jetbrains.buildServer.server.restcontrib.cctray.request.CCTrayRequest
  class jetbrains.buildServer.server.rest.request.ChangeRequest
  class jetbrains.buildServer.server.rest.request.BuildTypeRequest
  class jetbrains.buildServer.server.rest.request.VcsRootRequest
  class jetbrains.buildServer.server.rest.request.BuildRequest
  class jetbrains.buildServer.server.rest.request.VcsRootInstanceRequest
  class jetbrains.buildServer.server.rest.request.ProjectRequest
  class jetbrains.buildServer.server.rest.request.InvestigationRequest
  class jetbrains.buildServer.server.rest.swagger.SwaggerResource
  class jetbrains.buildServer.server.rest.request.AgentPoolRequest
  class jetbrains.buildServer.server.rest.request.AgentRequest
  class jetbrains.buildServer.server.rest.request.DebugRequest
  class jetbrains.buildServer.server.rest.request.MuteRequest
  class jetbrains.buildServer.server.rest.request.ServerRequest
  class jetbrains.buildServer.server.rest.request.ProblemRequest
  class jetbrains.buildServer.server.rest.request.ProblemOccurrenceRequest
  class jetbrains.buildServer.server.rest.request.TestOccurrenceRequest
  class jetbrains.buildServer.server.rest.request.FederationRequest
  class jetbrains.buildServer.server.rest.request.TestRequest
  class jetbrains.buildServer.server.rest.request.BuildQueueRequest
  class jetbrains.buildServer.server.rest.request.GroupRequest
[2018-11-11 22:08:19,853]   INFO [I initializer 1] - ResourceConfig/rest-api-2017.2 - Provider classes found:
  class jetbrains.buildServer.server.rest.swagger.SwaggerReaderConfigProvider
  class jetbrains.buildServer.server.rest.swagger.SwaggerSerializers
  class jetbrains.buildServer.server.rest.swagger.SwaggerConfigProvider
[2018-11-11 22:08:19,856]   INFO [I initializer 1] - ResourceConfig/rest-api-2017.1 - Root resource classes found:
  class jetbrains.buildServer.server.rest.request.BuildQueueRequest
  class jetbrains.buildServer.server.rest.request.TestRequest
  class jetbrains.buildServer.server.rest.request.FederationRequest
  class jetbrains.buildServer.server.rest.request.BuildTypeRequest
  class jetbrains.buildServer.server.rest.request.GroupRequest
  class jetbrains.buildServer.server.rest.swagger.SwaggerResource
  class jetbrains.buildServer.server.rest.request.AgentRequest
  class jetbrains.buildServer.server.rest.request.TestOccurrenceRequest
  class jetbrains.buildServer.server.rest.request.ProblemRequest
  class jetbrains.buildServer.server.rest.request.ProjectRequest
  class jetbrains.buildServer.server.rest.request.BuildRequest
  class jetbrains.buildServer.server.rest.request.InvestigationRequest
  class jetbrains.buildServer.server.rest.request.ProblemOccurrenceRequest
  class jetbrains.buildServer.server.rest.request.ChangeRequest
  class jetbrains.buildServer.server.rest.request.UserRequest
  class jetbrains.buildServer.server.rest.request.VcsRootRequest
  class jetbrains.buildServer.server.rest.request.DebugRequest
  class jetbrains.buildServer.server.rest.request.MuteRequest
  class jetbrains.buildServer.server.rest.request.VcsRootInstanceRequest
  class jetbrains.buildServer.server.rest.request.RootApiRequest
  class jetbrains.buildServer.server.restcontrib.cctray.request.CCTrayRequest
  class jetbrains.buildServer.server.rest.request.ServerRequest
  class jetbrains.buildServer.server.rest.request.AgentPoolRequest
[2018-11-11 22:08:19,861]   INFO [I initializer 1] - ResourceConfig/rest-api-2017.1 - Provider classes found:
  class jetbrains.buildServer.server.rest.swagger.SwaggerReaderConfigProvider
  class jetbrains.buildServer.server.rest.swagger.SwaggerConfigProvider
  class jetbrains.buildServer.server.rest.swagger.SwaggerSerializers
[2018-11-11 22:11:59,876]   INFO [TeamCity Server] - .APIController/rest-api-2017.2 - Listening for paths [/app/rest/2017.2] in plugin 'rest-api-2017.2'
[2018-11-11 22:11:59,878]   INFO [TeamCity Server] - est.APIController/rest-api-9.0 - Listening for paths [/app/rest/9.0] in plugin 'rest-api-9.0'
[2018-11-11 22:11:59,879]   INFO [TeamCity Server] - est.APIController/rest-api-9.1 - Listening for paths [/app/rest/9.1] in plugin 'rest-api-9.1'
[2018-11-11 22:11:59,879]   INFO [TeamCity Server] - .APIController/rest-api-2017.1 - Listening for paths [/app/rest/2017.1, /app/rest/10.0] in plugin 'rest-api-2017.1'
[2018-11-11 22:11:59,881]   INFO [TeamCity Server] - rver.server.rest.APIController - Listening for paths [/app/rest/8.0, /app/rest/8.1] in plugin 'rest-api-8.1'
[2018-11-11 22:11:59,883]   INFO [TeamCity Server] - er.rest.APIController/rest-api - Listening for paths [/app/rest/2018.1, /app/rest, /app/rest/latest, /api] in plugin 'rest-api'
[2018-11-11 22:11:59,888]   INFO [I initializer 1] - ResourceConfig/rest-api-2017.2 - Packages registered by rest extensions: [jetbrains.buildServer.server.restcontrib]
[2018-11-11 22:11:59,893]   INFO [in 'rest-api' 1] - nsAwareResourceConfig/rest-api - Packages registered by rest extensions: [jetbrains.buildServer.server.restcontrib]
[2018-11-11 22:11:59,890]   INFO [I initializer 1] - ResourceConfig/rest-api-2017.1 - Packages registered by rest extensions: [jetbrains.buildServer.server.restcontrib]
[2018-11-11 22:12:00,176]   INFO [I initializer 1] - ResourceConfig/rest-api-2017.1 - Root resource classes found:
  class jetbrains.buildServer.server.rest.request.BuildTypeRequest
  class jetbrains.buildServer.server.rest.request.TestRequest
  class jetbrains.buildServer.server.rest.request.ProjectRequest
  class jetbrains.buildServer.server.rest.request.UserRequest
  class jetbrains.buildServer.server.rest.request.InvestigationRequest
  class jetbrains.buildServer.server.rest.request.ChangeRequest
  class jetbrains.buildServer.server.rest.request.ServerRequest
  class jetbrains.buildServer.server.rest.request.AgentPoolRequest
  class jetbrains.buildServer.server.rest.swagger.SwaggerResource
  class jetbrains.buildServer.server.rest.request.FederationRequest
  class jetbrains.buildServer.server.rest.request.TestOccurrenceRequest
  class jetbrains.buildServer.server.rest.request.VcsRootRequest
  class jetbrains.buildServer.server.rest.request.AgentRequest
  class jetbrains.buildServer.server.restcontrib.cctray.request.CCTrayRequest
  class jetbrains.buildServer.server.rest.request.BuildQueueRequest
  class jetbrains.buildServer.server.rest.request.ProblemRequest
  class jetbrains.buildServer.server.rest.request.VcsRootInstanceRequest
  class jetbrains.buildServer.server.rest.request.DebugRequest
  class jetbrains.buildServer.server.rest.request.GroupRequest
  class jetbrains.buildServer.server.rest.request.RootApiRequest
  class jetbrains.buildServer.server.rest.request.BuildRequest
  class jetbrains.buildServer.server.rest.request.ProblemOccurrenceRequest
  class jetbrains.buildServer.server.rest.request.MuteRequest
[2018-11-11 22:12:00,176]   INFO [I initializer 1] - ResourceConfig/rest-api-2017.1 - Provider classes found:
  class jetbrains.buildServer.server.rest.swagger.SwaggerReaderConfigProvider
  class jetbrains.buildServer.server.rest.swagger.SwaggerSerializers
  class jetbrains.buildServer.server.rest.swagger.SwaggerConfigProvider
[2018-11-11 22:12:00,299]   INFO [in 'rest-api' 1] - nsAwareResourceConfig/rest-api - Root resource classes found:
  class jetbrains.buildServer.server.rest.request.ProblemRequest
  class jetbrains.buildServer.server.rest.request.ServerRequest
  class jetbrains.buildServer.server.rest.request.TestRequest
  class jetbrains.buildServer.server.rest.request.AgentPoolRequest
  class jetbrains.buildServer.server.rest.request.BuildTypeRequest
  class jetbrains.buildServer.server.rest.request.GroupRequest
  class jetbrains.buildServer.server.rest.request.DebugRequest
  class jetbrains.buildServer.server.rest.request.RootApiRequest
  class jetbrains.buildServer.server.rest.swagger.SwaggerResource
  class jetbrains.buildServer.server.rest.request.UserRequest
  class jetbrains.buildServer.server.rest.request.BuildQueueRequest
  class jetbrains.buildServer.server.rest.request.ProjectRequest
  class jetbrains.buildServer.server.rest.request.VcsRootRequest
  class jetbrains.buildServer.server.rest.request.VcsRootInstanceRequest
  class jetbrains.buildServer.server.rest.request.FederationRequest
  class jetbrains.buildServer.server.restcontrib.cctray.request.CCTrayRequest
  class jetbrains.buildServer.server.rest.request.AgentRequest
  class jetbrains.buildServer.server.rest.request.InvestigationRequest
  class jetbrains.buildServer.server.rest.request.ChangeRequest
  class jetbrains.buildServer.server.rest.request.MuteRequest
  class jetbrains.buildServer.server.rest.request.ProblemOccurrenceRequest
  class jetbrains.buildServer.server.rest.request.TestOccurrenceRequest
  class jetbrains.buildServer.server.rest.request.BuildRequest
[2018-11-11 22:12:00,305]   INFO [in 'rest-api' 1] - nsAwareResourceConfig/rest-api - Provider classes found:
  class jetbrains.buildServer.server.rest.swagger.SwaggerConfigProvider
  class jetbrains.buildServer.server.rest.swagger.SwaggerReaderConfigProvider
  class jetbrains.buildServer.server.rest.swagger.SwaggerSerializers
[2018-11-11 22:12:00,303]   INFO [I initializer 1] - ResourceConfig/rest-api-2017.2 - Root resource classes found:
  class jetbrains.buildServer.server.rest.request.UserRequest
  class jetbrains.buildServer.server.rest.request.BuildTypeRequest
  class jetbrains.buildServer.server.rest.request.FederationRequest
  class jetbrains.buildServer.server.rest.request.BuildQueueRequest
  class jetbrains.buildServer.server.rest.request.DebugRequest
  class jetbrains.buildServer.server.rest.request.GroupRequest
  class jetbrains.buildServer.server.rest.request.ProblemOccurrenceRequest
  class jetbrains.buildServer.server.restcontrib.cctray.request.CCTrayRequest
  class jetbrains.buildServer.server.rest.request.AgentRequest
  class jetbrains.buildServer.server.rest.request.RootApiRequest
  class jetbrains.buildServer.server.rest.request.TestRequest
  class jetbrains.buildServer.server.rest.swagger.SwaggerResource
  class jetbrains.buildServer.server.rest.request.BuildRequest
  class jetbrains.buildServer.server.rest.request.ChangeRequest
  class jetbrains.buildServer.server.rest.request.InvestigationRequest
  class jetbrains.buildServer.server.rest.request.TestOccurrenceRequest
  class jetbrains.buildServer.server.rest.request.MuteRequest
  class jetbrains.buildServer.server.rest.request.ServerRequest
  class jetbrains.buildServer.server.rest.request.ProjectRequest
  class jetbrains.buildServer.server.rest.request.ProblemRequest
  class jetbrains.buildServer.server.rest.request.AgentPoolRequest
  class jetbrains.buildServer.server.rest.request.VcsRootInstanceRequest
  class jetbrains.buildServer.server.rest.request.VcsRootRequest
[2018-11-11 22:12:00,308]   INFO [I initializer 1] - ResourceConfig/rest-api-2017.2 - Provider classes found:
  class jetbrains.buildServer.server.rest.swagger.SwaggerConfigProvider
  class jetbrains.buildServer.server.rest.swagger.SwaggerSerializers
  class jetbrains.buildServer.server.rest.swagger.SwaggerReaderConfigProvider
[2018-11-11 22:15:24,442]   INFO [TeamCity Server] - er.rest.APIController/rest-api - Listening for paths [/app/rest/2018.1, /app/rest, /app/rest/latest, /api] in plugin 'rest-api'
[2018-11-11 22:15:24,451]   INFO [TeamCity Server] - rver.server.rest.APIController - Listening for paths [/app/rest/8.0, /app/rest/8.1] in plugin 'rest-api-8.1'
[2018-11-11 22:15:24,451]   INFO [TeamCity Server] - .APIController/rest-api-2017.1 - Listening for paths [/app/rest/2017.1, /app/rest/10.0] in plugin 'rest-api-2017.1'
[2018-11-11 22:15:24,453]   INFO [TeamCity Server] - .APIController/rest-api-2017.2 - Listening for paths [/app/rest/2017.2] in plugin 'rest-api-2017.2'
[2018-11-11 22:15:24,454]   INFO [TeamCity Server] - est.APIController/rest-api-9.0 - Listening for paths [/app/rest/9.0] in plugin 'rest-api-9.0'
[2018-11-11 22:15:24,456]   INFO [TeamCity Server] - est.APIController/rest-api-9.1 - Listening for paths [/app/rest/9.1] in plugin 'rest-api-9.1'
[2018-11-11 22:15:24,458]   INFO [in 'rest-api' 1] - nsAwareResourceConfig/rest-api - Packages registered by rest extensions: [jetbrains.buildServer.server.restcontrib]
[2018-11-11 22:15:24,463]   INFO [I initializer 1] - ResourceConfig/rest-api-2017.2 - Packages registered by rest extensions: [jetbrains.buildServer.server.restcontrib]
[2018-11-11 22:15:24,461]   INFO [I initializer 1] - ResourceConfig/rest-api-2017.1 - Packages registered by rest extensions: [jetbrains.buildServer.server.restcontrib]
[2018-11-11 22:15:24,786]   INFO [I initializer 1] - ResourceConfig/rest-api-2017.1 - Root resource classes found:
  class jetbrains.buildServer.server.rest.request.GroupRequest
  class jetbrains.buildServer.server.rest.request.VcsRootInstanceRequest
  class jetbrains.buildServer.server.rest.request.AgentRequest
  class jetbrains.buildServer.server.rest.request.ServerRequest
  class jetbrains.buildServer.server.rest.request.BuildQueueRequest
  class jetbrains.buildServer.server.rest.request.MuteRequest
  class jetbrains.buildServer.server.rest.request.RootApiRequest
  class jetbrains.buildServer.server.rest.request.InvestigationRequest
  class jetbrains.buildServer.server.rest.request.VcsRootRequest
  class jetbrains.buildServer.server.rest.request.TestOccurrenceRequest
  class jetbrains.buildServer.server.rest.request.ProblemOccurrenceRequest
  class jetbrains.buildServer.server.rest.request.BuildRequest
  class jetbrains.buildServer.server.rest.request.ProjectRequest
  class jetbrains.buildServer.server.rest.request.FederationRequest
  class jetbrains.buildServer.server.rest.request.ProblemRequest
  class jetbrains.buildServer.server.restcontrib.cctray.request.CCTrayRequest
  class jetbrains.buildServer.server.rest.request.BuildTypeRequest
  class jetbrains.buildServer.server.rest.swagger.SwaggerResource
  class jetbrains.buildServer.server.rest.request.ChangeRequest
  class jetbrains.buildServer.server.rest.request.DebugRequest
  class jetbrains.buildServer.server.rest.request.TestRequest
  class jetbrains.buildServer.server.rest.request.UserRequest
  class jetbrains.buildServer.server.rest.request.AgentPoolRequest
[2018-11-11 22:15:24,786]   INFO [I initializer 1] - ResourceConfig/rest-api-2017.1 - Provider classes found:
  class jetbrains.buildServer.server.rest.swagger.SwaggerConfigProvider
  class jetbrains.buildServer.server.rest.swagger.SwaggerSerializers
  class jetbrains.buildServer.server.rest.swagger.SwaggerReaderConfigProvider
[2018-11-11 22:15:24,826]   INFO [in 'rest-api' 1] - nsAwareResourceConfig/rest-api - Root resource classes found:
  class jetbrains.buildServer.server.rest.request.BuildTypeRequest
  class jetbrains.buildServer.server.rest.request.AgentPoolRequest
  class jetbrains.buildServer.server.rest.request.ChangeRequest
  class jetbrains.buildServer.server.rest.request.UserRequest
  class jetbrains.buildServer.server.rest.request.MuteRequest
  class jetbrains.buildServer.server.rest.request.TestRequest
  class jetbrains.buildServer.server.rest.request.AgentRequest
  class jetbrains.buildServer.server.rest.request.ProblemOccurrenceRequest
  class jetbrains.buildServer.server.rest.request.BuildQueueRequest
  class jetbrains.buildServer.server.rest.request.ProblemRequest
  class jetbrains.buildServer.server.rest.request.GroupRequest
  class jetbrains.buildServer.server.rest.request.InvestigationRequest
  class jetbrains.buildServer.server.rest.request.VcsRootInstanceRequest
  class jetbrains.buildServer.server.rest.request.BuildRequest
  class jetbrains.buildServer.server.rest.request.DebugRequest
  class jetbrains.buildServer.server.rest.request.ProjectRequest
  class jetbrains.buildServer.server.rest.request.ServerRequest
  class jetbrains.buildServer.server.rest.request.RootApiRequest
  class jetbrains.buildServer.server.rest.request.FederationRequest
  class jetbrains.buildServer.server.rest.request.TestOccurrenceRequest
  class jetbrains.buildServer.server.restcontrib.cctray.request.CCTrayRequest
  class jetbrains.buildServer.server.rest.request.VcsRootRequest
  class jetbrains.buildServer.server.rest.swagger.SwaggerResource
[2018-11-11 22:15:24,829]   INFO [in 'rest-api' 1] - nsAwareResourceConfig/rest-api - Provider classes found:
  class jetbrains.buildServer.server.rest.swagger.SwaggerConfigProvider
  class jetbrains.buildServer.server.rest.swagger.SwaggerReaderConfigProvider
  class jetbrains.buildServer.server.rest.swagger.SwaggerSerializers
[2018-11-11 22:15:24,866]   INFO [I initializer 1] - ResourceConfig/rest-api-2017.2 - Root resource classes found:
  class jetbrains.buildServer.server.rest.request.BuildQueueRequest
  class jetbrains.buildServer.server.rest.request.BuildTypeRequest
  class jetbrains.buildServer.server.rest.request.ProblemRequest
  class jetbrains.buildServer.server.rest.request.RootApiRequest
  class jetbrains.buildServer.server.rest.request.ProjectRequest
  class jetbrains.buildServer.server.rest.swagger.SwaggerResource
  class jetbrains.buildServer.server.rest.request.AgentPoolRequest
  class jetbrains.buildServer.server.rest.request.FederationRequest
  class jetbrains.buildServer.server.rest.request.VcsRootRequest
  class jetbrains.buildServer.server.rest.request.AgentRequest
  class jetbrains.buildServer.server.rest.request.BuildRequest
  class jetbrains.buildServer.server.rest.request.VcsRootInstanceRequest
  class jetbrains.buildServer.server.rest.request.GroupRequest
  class jetbrains.buildServer.server.rest.request.InvestigationRequest
  class jetbrains.buildServer.server.rest.request.ChangeRequest
  class jetbrains.buildServer.server.rest.request.TestOccurrenceRequest
  class jetbrains.buildServer.server.rest.request.MuteRequest
  class jetbrains.buildServer.server.rest.request.ServerRequest
  class jetbrains.buildServer.server.rest.request.TestRequest
  class jetbrains.buildServer.server.rest.request.UserRequest
  class jetbrains.buildServer.server.restcontrib.cctray.request.CCTrayRequest
  class jetbrains.buildServer.server.rest.request.ProblemOccurrenceRequest
  class jetbrains.buildServer.server.rest.request.DebugRequest
[2018-11-11 22:15:24,867]   INFO [I initializer 1] - ResourceConfig/rest-api-2017.2 - Provider classes found:
  class jetbrains.buildServer.server.rest.swagger.SwaggerSerializers
  class jetbrains.buildServer.server.rest.swagger.SwaggerReaderConfigProvider
  class jetbrains.buildServer.server.rest.swagger.SwaggerConfigProvider
[2018-11-11 22:19:45,963]   INFO [TeamCity Server] - rver.server.rest.APIController - Listening for paths [/app/rest/8.0, /app/rest/8.1] in plugin 'rest-api-8.1'
[2018-11-11 22:19:45,964]   INFO [TeamCity Server] - er.rest.APIController/rest-api - Listening for paths [/app/rest/2018.1, /app/rest, /app/rest/latest, /api] in plugin 'rest-api'
[2018-11-11 22:19:45,966]   INFO [TeamCity Server] - est.APIController/rest-api-9.0 - Listening for paths [/app/rest/9.0] in plugin 'rest-api-9.0'
[2018-11-11 22:19:45,967]   INFO [TeamCity Server] - .APIController/rest-api-2017.2 - Listening for paths [/app/rest/2017.2] in plugin 'rest-api-2017.2'
[2018-11-11 22:19:45,968]   INFO [TeamCity Server] - est.APIController/rest-api-9.1 - Listening for paths [/app/rest/9.1] in plugin 'rest-api-9.1'
[2018-11-11 22:19:45,969]   INFO [TeamCity Server] - .APIController/rest-api-2017.1 - Listening for paths [/app/rest/2017.1, /app/rest/10.0] in plugin 'rest-api-2017.1'
[2018-11-11 22:19:45,974]   INFO [in 'rest-api' 1] - nsAwareResourceConfig/rest-api - Packages registered by rest extensions: [jetbrains.buildServer.server.restcontrib]
[2018-11-11 22:19:45,979]   INFO [I initializer 1] - ResourceConfig/rest-api-2017.2 - Packages registered by rest extensions: [jetbrains.buildServer.server.restcontrib]
[2018-11-11 22:19:45,993]   INFO [I initializer 1] - ResourceConfig/rest-api-2017.1 - Packages registered by rest extensions: [jetbrains.buildServer.server.restcontrib]
[2018-11-11 22:19:46,318]   INFO [I initializer 1] - ResourceConfig/rest-api-2017.2 - Root resource classes found:
  class jetbrains.buildServer.server.rest.request.AgentRequest
  class jetbrains.buildServer.server.rest.request.BuildRequest
  class jetbrains.buildServer.server.rest.request.ChangeRequest
  class jetbrains.buildServer.server.rest.request.BuildQueueRequest
  class jetbrains.buildServer.server.rest.request.UserRequest
  class jetbrains.buildServer.server.rest.request.FederationRequest
  class jetbrains.buildServer.server.rest.request.ServerRequest
  class jetbrains.buildServer.server.rest.request.VcsRootInstanceRequest
  class jetbrains.buildServer.server.rest.request.AgentPoolRequest
  class jetbrains.buildServer.server.rest.request.TestRequest
  class jetbrains.buildServer.server.rest.request.BuildTypeRequest
  class jetbrains.buildServer.server.rest.request.DebugRequest
  class jetbrains.buildServer.server.restcontrib.cctray.request.CCTrayRequest
  class jetbrains.buildServer.server.rest.request.InvestigationRequest
  class jetbrains.buildServer.server.rest.request.RootApiRequest
  class jetbrains.buildServer.server.rest.swagger.SwaggerResource
  class jetbrains.buildServer.server.rest.request.ProblemRequest
  class jetbrains.buildServer.server.rest.request.TestOccurrenceRequest
  class jetbrains.buildServer.server.rest.request.GroupRequest
  class jetbrains.buildServer.server.rest.request.MuteRequest
  class jetbrains.buildServer.server.rest.request.ProblemOccurrenceRequest
  class jetbrains.buildServer.server.rest.request.ProjectRequest
  class jetbrains.buildServer.server.rest.request.VcsRootRequest
[2018-11-11 22:19:46,318]   INFO [I initializer 1] - ResourceConfig/rest-api-2017.2 - Provider classes found:
  class jetbrains.buildServer.server.rest.swagger.SwaggerSerializers
  class jetbrains.buildServer.server.rest.swagger.SwaggerReaderConfigProvider
  class jetbrains.buildServer.server.rest.swagger.SwaggerConfigProvider
[2018-11-11 22:19:46,349]   INFO [in 'rest-api' 1] - nsAwareResourceConfig/rest-api - Root resource classes found:
  class jetbrains.buildServer.server.rest.request.BuildQueueRequest
  class jetbrains.buildServer.server.rest.request.BuildTypeRequest
  class jetbrains.buildServer.server.rest.request.UserRequest
  class jetbrains.buildServer.server.rest.request.TestOccurrenceRequest
  class jetbrains.buildServer.server.rest.request.GroupRequest
  class jetbrains.buildServer.server.rest.request.VcsRootInstanceRequest
  class jetbrains.buildServer.server.rest.request.TestRequest
  class jetbrains.buildServer.server.restcontrib.cctray.request.CCTrayRequest
  class jetbrains.buildServer.server.rest.request.BuildRequest
  class jetbrains.buildServer.server.rest.request.MuteRequest
  class jetbrains.buildServer.server.rest.request.ProblemRequest
  class jetbrains.buildServer.server.rest.request.VcsRootRequest
  class jetbrains.buildServer.server.rest.request.ChangeRequest
  class jetbrains.buildServer.server.rest.request.ServerRequest
  class jetbrains.buildServer.server.rest.request.AgentRequest
  class jetbrains.buildServer.server.rest.request.AgentPoolRequest
  class jetbrains.buildServer.server.rest.swagger.SwaggerResource
  class jetbrains.buildServer.server.rest.request.FederationRequest
  class jetbrains.buildServer.server.rest.request.ProjectRequest
  class jetbrains.buildServer.server.rest.request.RootApiRequest
  class jetbrains.buildServer.server.rest.request.InvestigationRequest
  class jetbrains.buildServer.server.rest.request.ProblemOccurrenceRequest
  class jetbrains.buildServer.server.rest.request.DebugRequest
[2018-11-11 22:19:46,350]   INFO [in 'rest-api' 1] - nsAwareResourceConfig/rest-api - Provider classes found:
  class jetbrains.buildServer.server.rest.swagger.SwaggerSerializers
  class jetbrains.buildServer.server.rest.swagger.SwaggerReaderConfigProvider
  class jetbrains.buildServer.server.rest.swagger.SwaggerConfigProvider
[2018-11-11 22:19:46,365]   INFO [I initializer 1] - ResourceConfig/rest-api-2017.1 - Root resource classes found:
  class jetbrains.buildServer.server.rest.request.ServerRequest
  class jetbrains.buildServer.server.rest.request.RootApiRequest
  class jetbrains.buildServer.server.rest.request.VcsRootRequest
  class jetbrains.buildServer.server.rest.request.BuildRequest
  class jetbrains.buildServer.server.rest.request.ProblemOccurrenceRequest
  class jetbrains.buildServer.server.rest.request.TestOccurrenceRequest
  class jetbrains.buildServer.server.rest.request.BuildTypeRequest
  class jetbrains.buildServer.server.rest.request.AgentPoolRequest
  class jetbrains.buildServer.server.rest.request.MuteRequest
  class jetbrains.buildServer.server.rest.request.ProblemRequest
  class jetbrains.buildServer.server.rest.request.FederationRequest
  class jetbrains.buildServer.server.rest.request.GroupRequest
  class jetbrains.buildServer.server.rest.request.ProjectRequest
  class jetbrains.buildServer.server.rest.request.TestRequest
  class jetbrains.buildServer.server.restcontrib.cctray.request.CCTrayRequest
  class jetbrains.buildServer.server.rest.request.AgentRequest
  class jetbrains.buildServer.server.rest.request.BuildQueueRequest
  class jetbrains.buildServer.server.rest.request.ChangeRequest
  class jetbrains.buildServer.server.rest.request.DebugRequest
  class jetbrains.buildServer.server.rest.swagger.SwaggerResource
  class jetbrains.buildServer.server.rest.request.UserRequest
  class jetbrains.buildServer.server.rest.request.VcsRootInstanceRequest
  class jetbrains.buildServer.server.rest.request.InvestigationRequest
[2018-11-11 22:19:46,366]   INFO [I initializer 1] - ResourceConfig/rest-api-2017.1 - Provider classes found:
  class jetbrains.buildServer.server.rest.swagger.SwaggerConfigProvider
  class jetbrains.buildServer.server.rest.swagger.SwaggerReaderConfigProvider
  class jetbrains.buildServer.server.rest.swagger.SwaggerSerializers
[2018-11-11 22:25:57,866]   INFO [TeamCity Server] - er.rest.APIController/rest-api - Listening for paths [/app/rest/2018.1, /app/rest, /app/rest/latest, /api] in plugin 'rest-api'
[2018-11-11 22:25:57,867]   INFO [TeamCity Server] - .APIController/rest-api-2017.2 - Listening for paths [/app/rest/2017.2] in plugin 'rest-api-2017.2'
[2018-11-11 22:25:57,869]   INFO [TeamCity Server] - .APIController/rest-api-2017.1 - Listening for paths [/app/rest/2017.1, /app/rest/10.0] in plugin 'rest-api-2017.1'
[2018-11-11 22:25:57,873]   INFO [TeamCity Server] - rver.server.rest.APIController - Listening for paths [/app/rest/8.0, /app/rest/8.1] in plugin 'rest-api-8.1'
[2018-11-11 22:25:57,877]   INFO [in 'rest-api' 1] - nsAwareResourceConfig/rest-api - Packages registered by rest extensions: [jetbrains.buildServer.server.restcontrib]
[2018-11-11 22:25:57,878]   INFO [TeamCity Server] - est.APIController/rest-api-9.0 - Listening for paths [/app/rest/9.0] in plugin 'rest-api-9.0'
[2018-11-11 22:25:57,879]   INFO [TeamCity Server] - est.APIController/rest-api-9.1 - Listening for paths [/app/rest/9.1] in plugin 'rest-api-9.1'
[2018-11-11 22:25:57,882]   INFO [I initializer 1] - ResourceConfig/rest-api-2017.2 - Packages registered by rest extensions: [jetbrains.buildServer.server.restcontrib]
[2018-11-11 22:25:57,882]   INFO [I initializer 1] - ResourceConfig/rest-api-2017.1 - Packages registered by rest extensions: [jetbrains.buildServer.server.restcontrib]
[2018-11-11 22:25:58,301]   INFO [I initializer 1] - ResourceConfig/rest-api-2017.2 - Root resource classes found:
  class jetbrains.buildServer.server.rest.request.VcsRootRequest
  class jetbrains.buildServer.server.rest.request.AgentPoolRequest
  class jetbrains.buildServer.server.rest.request.AgentRequest
  class jetbrains.buildServer.server.rest.request.ProjectRequest
  class jetbrains.buildServer.server.rest.request.VcsRootInstanceRequest
  class jetbrains.buildServer.server.restcontrib.cctray.request.CCTrayRequest
  class jetbrains.buildServer.server.rest.request.GroupRequest
  class jetbrains.buildServer.server.rest.request.ChangeRequest
  class jetbrains.buildServer.server.rest.request.MuteRequest
  class jetbrains.buildServer.server.rest.request.BuildRequest
  class jetbrains.buildServer.server.rest.request.FederationRequest
  class jetbrains.buildServer.server.rest.request.ProblemOccurrenceRequest
  class jetbrains.buildServer.server.rest.request.ProblemRequest
  class jetbrains.buildServer.server.rest.request.DebugRequest
  class jetbrains.buildServer.server.rest.request.BuildTypeRequest
  class jetbrains.buildServer.server.rest.request.RootApiRequest
  class jetbrains.buildServer.server.rest.swagger.SwaggerResource
  class jetbrains.buildServer.server.rest.request.TestRequest
  class jetbrains.buildServer.server.rest.request.ServerRequest
  class jetbrains.buildServer.server.rest.request.BuildQueueRequest
  class jetbrains.buildServer.server.rest.request.UserRequest
  class jetbrains.buildServer.server.rest.request.InvestigationRequest
  class jetbrains.buildServer.server.rest.request.TestOccurrenceRequest
[2018-11-11 22:25:58,308]   INFO [I initializer 1] - ResourceConfig/rest-api-2017.2 - Provider classes found:
  class jetbrains.buildServer.server.rest.swagger.SwaggerConfigProvider
  class jetbrains.buildServer.server.rest.swagger.SwaggerReaderConfigProvider
  class jetbrains.buildServer.server.rest.swagger.SwaggerSerializers
[2018-11-11 22:25:58,311]   INFO [I initializer 1] - ResourceConfig/rest-api-2017.1 - Root resource classes found:
  class jetbrains.buildServer.server.rest.request.InvestigationRequest
  class jetbrains.buildServer.server.restcontrib.cctray.request.CCTrayRequest
  class jetbrains.buildServer.server.rest.request.ChangeRequest
  class jetbrains.buildServer.server.rest.request.ProjectRequest
  class jetbrains.buildServer.server.rest.request.FederationRequest
  class jetbrains.buildServer.server.rest.request.GroupRequest
  class jetbrains.buildServer.server.rest.request.AgentRequest
  class jetbrains.buildServer.server.rest.request.RootApiRequest
  class jetbrains.buildServer.server.rest.request.BuildQueueRequest
  class jetbrains.buildServer.server.rest.request.VcsRootRequest
  class jetbrains.buildServer.server.rest.request.DebugRequest
  class jetbrains.buildServer.server.rest.request.UserRequest
  class jetbrains.buildServer.server.rest.request.TestRequest
  class jetbrains.buildServer.server.rest.swagger.SwaggerResource
  class jetbrains.buildServer.server.rest.request.BuildRequest
  class jetbrains.buildServer.server.rest.request.ProblemOccurrenceRequest
  class jetbrains.buildServer.server.rest.request.ProblemRequest
  class jetbrains.buildServer.server.rest.request.ServerRequest
  class jetbrains.buildServer.server.rest.request.VcsRootInstanceRequest
  class jetbrains.buildServer.server.rest.request.BuildTypeRequest
  class jetbrains.buildServer.server.rest.request.TestOccurrenceRequest
  class jetbrains.buildServer.server.rest.request.AgentPoolRequest
  class jetbrains.buildServer.server.rest.request.MuteRequest
[2018-11-11 22:25:58,312]   INFO [I initializer 1] - ResourceConfig/rest-api-2017.1 - Provider classes found:
  class jetbrains.buildServer.server.rest.swagger.SwaggerConfigProvider
  class jetbrains.buildServer.server.rest.swagger.SwaggerReaderConfigProvider
  class jetbrains.buildServer.server.rest.swagger.SwaggerSerializers
[2018-11-11 22:25:58,316]   INFO [in 'rest-api' 1] - nsAwareResourceConfig/rest-api - Root resource classes found:
  class jetbrains.buildServer.server.rest.request.RootApiRequest
  class jetbrains.buildServer.server.rest.request.AgentRequest
  class jetbrains.buildServer.server.rest.request.GroupRequest
  class jetbrains.buildServer.server.rest.request.VcsRootInstanceRequest
  class jetbrains.buildServer.server.rest.request.ProblemOccurrenceRequest
  class jetbrains.buildServer.server.rest.swagger.SwaggerResource
  class jetbrains.buildServer.server.rest.request.MuteRequest
  class jetbrains.buildServer.server.rest.request.ProblemRequest
  class jetbrains.buildServer.server.rest.request.TestOccurrenceRequest
  class jetbrains.buildServer.server.rest.request.BuildRequest
  class jetbrains.buildServer.server.rest.request.ChangeRequest
  class jetbrains.buildServer.server.rest.request.FederationRequest
  class jetbrains.buildServer.server.rest.request.UserRequest
  class jetbrains.buildServer.server.restcontrib.cctray.request.CCTrayRequest
  class jetbrains.buildServer.server.rest.request.ProjectRequest
  class jetbrains.buildServer.server.rest.request.BuildQueueRequest
  class jetbrains.buildServer.server.rest.request.DebugRequest
  class jetbrains.buildServer.server.rest.request.ServerRequest
  class jetbrains.buildServer.server.rest.request.InvestigationRequest
  class jetbrains.buildServer.server.rest.request.AgentPoolRequest
  class jetbrains.buildServer.server.rest.request.BuildTypeRequest
  class jetbrains.buildServer.server.rest.request.VcsRootRequest
  class jetbrains.buildServer.server.rest.request.TestRequest
[2018-11-11 22:25:58,316]   INFO [in 'rest-api' 1] - nsAwareResourceConfig/rest-api - Provider classes found:
  class jetbrains.buildServer.server.rest.swagger.SwaggerReaderConfigProvider
  class jetbrains.buildServer.server.rest.swagger.SwaggerSerializers
  class jetbrains.buildServer.server.rest.swagger.SwaggerConfigProvider
[2018-11-11 22:41:39,888]   INFO [TeamCity Server] - .APIController/rest-api-2017.1 - Listening for paths [/app/rest/2017.1, /app/rest/10.0] in plugin 'rest-api-2017.1'
[2018-11-11 22:41:39,890]   INFO [TeamCity Server] - er.rest.APIController/rest-api - Listening for paths [/app/rest/2018.1, /app/rest, /app/rest/latest, /api] in plugin 'rest-api'
[2018-11-11 22:41:39,892]   INFO [TeamCity Server] - rver.server.rest.APIController - Listening for paths [/app/rest/8.0, /app/rest/8.1] in plugin 'rest-api-8.1'
[2018-11-11 22:41:39,894]   INFO [TeamCity Server] - est.APIController/rest-api-9.1 - Listening for paths [/app/rest/9.1] in plugin 'rest-api-9.1'
[2018-11-11 22:41:39,894]   INFO [TeamCity Server] - .APIController/rest-api-2017.2 - Listening for paths [/app/rest/2017.2] in plugin 'rest-api-2017.2'
[2018-11-11 22:41:39,897]   INFO [TeamCity Server] - est.APIController/rest-api-9.0 - Listening for paths [/app/rest/9.0] in plugin 'rest-api-9.0'
[2018-11-11 22:41:39,900]   INFO [I initializer 1] - ResourceConfig/rest-api-2017.1 - Packages registered by rest extensions: [jetbrains.buildServer.server.restcontrib]
[2018-11-11 22:41:39,901]   INFO [in 'rest-api' 1] - nsAwareResourceConfig/rest-api - Packages registered by rest extensions: [jetbrains.buildServer.server.restcontrib]
[2018-11-11 22:41:39,908]   INFO [I initializer 1] - ResourceConfig/rest-api-2017.2 - Packages registered by rest extensions: [jetbrains.buildServer.server.restcontrib]
[2018-11-11 22:41:40,189]   INFO [I initializer 1] - ResourceConfig/rest-api-2017.1 - Root resource classes found:
  class jetbrains.buildServer.server.rest.request.AgentRequest
  class jetbrains.buildServer.server.rest.request.ProblemOccurrenceRequest
  class jetbrains.buildServer.server.rest.request.ProjectRequest
  class jetbrains.buildServer.server.rest.request.VcsRootInstanceRequest
  class jetbrains.buildServer.server.rest.request.VcsRootRequest
  class jetbrains.buildServer.server.rest.request.ProblemRequest
  class jetbrains.buildServer.server.rest.request.MuteRequest
  class jetbrains.buildServer.server.rest.request.InvestigationRequest
  class jetbrains.buildServer.server.rest.request.UserRequest
  class jetbrains.buildServer.server.restcontrib.cctray.request.CCTrayRequest
  class jetbrains.buildServer.server.rest.request.BuildQueueRequest
  class jetbrains.buildServer.server.rest.request.BuildRequest
  class jetbrains.buildServer.server.rest.request.FederationRequest
  class jetbrains.buildServer.server.rest.request.BuildTypeRequest
  class jetbrains.buildServer.server.rest.request.RootApiRequest
  class jetbrains.buildServer.server.rest.request.ChangeRequest
  class jetbrains.buildServer.server.rest.request.TestOccurrenceRequest
  class jetbrains.buildServer.server.rest.request.ServerRequest
  class jetbrains.buildServer.server.rest.request.DebugRequest
  class jetbrains.buildServer.server.rest.request.TestRequest
  class jetbrains.buildServer.server.rest.request.GroupRequest
  class jetbrains.buildServer.server.rest.swagger.SwaggerResource
  class jetbrains.buildServer.server.rest.request.AgentPoolRequest
[2018-11-11 22:41:40,189]   INFO [I initializer 1] - ResourceConfig/rest-api-2017.1 - Provider classes found:
  class jetbrains.buildServer.server.rest.swagger.SwaggerSerializers
  class jetbrains.buildServer.server.rest.swagger.SwaggerConfigProvider
  class jetbrains.buildServer.server.rest.swagger.SwaggerReaderConfigProvider
[2018-11-11 22:41:40,227]   INFO [I initializer 1] - ResourceConfig/rest-api-2017.2 - Root resource classes found:
  class jetbrains.buildServer.server.rest.request.BuildQueueRequest
  class jetbrains.buildServer.server.rest.swagger.SwaggerResource
  class jetbrains.buildServer.server.rest.request.ChangeRequest
  class jetbrains.buildServer.server.rest.request.VcsRootInstanceRequest
  class jetbrains.buildServer.server.rest.request.ProblemRequest
  class jetbrains.buildServer.server.rest.request.TestRequest
  class jetbrains.buildServer.server.rest.request.ProjectRequest
  class jetbrains.buildServer.server.rest.request.GroupRequest
  class jetbrains.buildServer.server.restcontrib.cctray.request.CCTrayRequest
  class jetbrains.buildServer.server.rest.request.InvestigationRequest
  class jetbrains.buildServer.server.rest.request.TestOccurrenceRequest
  class jetbrains.buildServer.server.rest.request.BuildTypeRequest
  class jetbrains.buildServer.server.rest.request.AgentRequest
  class jetbrains.buildServer.server.rest.request.DebugRequest
  class jetbrains.buildServer.server.rest.request.MuteRequest
  class jetbrains.buildServer.server.rest.request.AgentPoolRequest
  class jetbrains.buildServer.server.rest.request.FederationRequest
  class jetbrains.buildServer.server.rest.request.ProblemOccurrenceRequest
  class jetbrains.buildServer.server.rest.request.BuildRequest
  class jetbrains.buildServer.server.rest.request.RootApiRequest
  class jetbrains.buildServer.server.rest.request.VcsRootRequest
  class jetbrains.buildServer.server.rest.request.ServerRequest
  class jetbrains.buildServer.server.rest.request.UserRequest
[2018-11-11 22:41:40,228]   INFO [I initializer 1] - ResourceConfig/rest-api-2017.2 - Provider classes found:
  class jetbrains.buildServer.server.rest.swagger.SwaggerConfigProvider
  class jetbrains.buildServer.server.rest.swagger.SwaggerReaderConfigProvider
  class jetbrains.buildServer.server.rest.swagger.SwaggerSerializers
[2018-11-11 22:41:40,231]   INFO [in 'rest-api' 1] - nsAwareResourceConfig/rest-api - Root resource classes found:
  class jetbrains.buildServer.server.rest.request.BuildRequest
  class jetbrains.buildServer.server.rest.request.BuildTypeRequest
  class jetbrains.buildServer.server.rest.request.FederationRequest
  class jetbrains.buildServer.server.rest.request.GroupRequest
  class jetbrains.buildServer.server.rest.request.RootApiRequest
  class jetbrains.buildServer.server.rest.request.ProblemRequest
  class jetbrains.buildServer.server.rest.request.MuteRequest
  class jetbrains.buildServer.server.rest.request.ProjectRequest
  class jetbrains.buildServer.server.restcontrib.cctray.request.CCTrayRequest
  class jetbrains.buildServer.server.rest.request.UserRequest
  class jetbrains.buildServer.server.rest.request.VcsRootRequest
  class jetbrains.buildServer.server.rest.request.BuildQueueRequest
  class jetbrains.buildServer.server.rest.request.DebugRequest
  class jetbrains.buildServer.server.rest.request.InvestigationRequest
  class jetbrains.buildServer.server.rest.request.VcsRootInstanceRequest
  class jetbrains.buildServer.server.rest.request.TestOccurrenceRequest
  class jetbrains.buildServer.server.rest.request.ProblemOccurrenceRequest
  class jetbrains.buildServer.server.rest.request.AgentRequest
  class jetbrains.buildServer.server.rest.request.TestRequest
  class jetbrains.buildServer.server.rest.request.ChangeRequest
  class jetbrains.buildServer.server.rest.request.AgentPoolRequest
  class jetbrains.buildServer.server.rest.swagger.SwaggerResource
  class jetbrains.buildServer.server.rest.request.ServerRequest
[2018-11-11 22:41:40,231]   INFO [in 'rest-api' 1] - nsAwareResourceConfig/rest-api - Provider classes found:
  class jetbrains.buildServer.server.rest.swagger.SwaggerConfigProvider
  class jetbrains.buildServer.server.rest.swagger.SwaggerSerializers
  class jetbrains.buildServer.server.rest.swagger.SwaggerReaderConfigProvider
[2018-11-11 22:46:49,977]   INFO [TeamCity Server] - est.APIController/rest-api-9.0 - Listening for paths [/app/rest/9.0] in plugin 'rest-api-9.0'
[2018-11-11 22:46:49,979]   INFO [TeamCity Server] - er.rest.APIController/rest-api - Listening for paths [/app/rest/2018.1, /app/rest, /app/rest/latest, /api] in plugin 'rest-api'
[2018-11-11 22:46:49,980]   INFO [TeamCity Server] - .APIController/rest-api-2017.2 - Listening for paths [/app/rest/2017.2] in plugin 'rest-api-2017.2'
[2018-11-11 22:46:49,983]   INFO [TeamCity Server] - rver.server.rest.APIController - Listening for paths [/app/rest/8.0, /app/rest/8.1] in plugin 'rest-api-8.1'
[2018-11-11 22:46:49,984]   INFO [TeamCity Server] - est.APIController/rest-api-9.1 - Listening for paths [/app/rest/9.1] in plugin 'rest-api-9.1'
[2018-11-11 22:46:49,984]   INFO [TeamCity Server] - .APIController/rest-api-2017.1 - Listening for paths [/app/rest/2017.1, /app/rest/10.0] in plugin 'rest-api-2017.1'
[2018-11-11 22:46:49,991]   INFO [in 'rest-api' 1] - nsAwareResourceConfig/rest-api - Packages registered by rest extensions: [jetbrains.buildServer.server.restcontrib]
[2018-11-11 22:46:49,992]   INFO [I initializer 1] - ResourceConfig/rest-api-2017.2 - Packages registered by rest extensions: [jetbrains.buildServer.server.restcontrib]
[2018-11-11 22:46:50,006]   INFO [I initializer 1] - ResourceConfig/rest-api-2017.1 - Packages registered by rest extensions: [jetbrains.buildServer.server.restcontrib]
[2018-11-11 22:46:50,303]   INFO [I initializer 1] - ResourceConfig/rest-api-2017.2 - Root resource classes found:
  class jetbrains.buildServer.server.rest.request.DebugRequest
  class jetbrains.buildServer.server.rest.request.BuildQueueRequest
  class jetbrains.buildServer.server.rest.request.ChangeRequest
  class jetbrains.buildServer.server.rest.request.ProjectRequest
  class jetbrains.buildServer.server.rest.swagger.SwaggerResource
  class jetbrains.buildServer.server.rest.request.ServerRequest
  class jetbrains.buildServer.server.rest.request.TestOccurrenceRequest
  class jetbrains.buildServer.server.rest.request.AgentPoolRequest
  class jetbrains.buildServer.server.rest.request.BuildTypeRequest
  class jetbrains.buildServer.server.rest.request.AgentRequest
  class jetbrains.buildServer.server.rest.request.BuildRequest
  class jetbrains.buildServer.server.rest.request.FederationRequest
  class jetbrains.buildServer.server.rest.request.ProblemRequest
  class jetbrains.buildServer.server.rest.request.ProblemOccurrenceRequest
  class jetbrains.buildServer.server.rest.request.VcsRootInstanceRequest
  class jetbrains.buildServer.server.rest.request.MuteRequest
  class jetbrains.buildServer.server.rest.request.TestRequest
  class jetbrains.buildServer.server.rest.request.RootApiRequest
  class jetbrains.buildServer.server.restcontrib.cctray.request.CCTrayRequest
  class jetbrains.buildServer.server.rest.request.InvestigationRequest
  class jetbrains.buildServer.server.rest.request.UserRequest
  class jetbrains.buildServer.server.rest.request.GroupRequest
  class jetbrains.buildServer.server.rest.request.VcsRootRequest
[2018-11-11 22:46:50,303]   INFO [I initializer 1] - ResourceConfig/rest-api-2017.2 - Provider classes found:
  class jetbrains.buildServer.server.rest.swagger.SwaggerConfigProvider
  class jetbrains.buildServer.server.rest.swagger.SwaggerReaderConfigProvider
  class jetbrains.buildServer.server.rest.swagger.SwaggerSerializers
[2018-11-11 22:46:50,370]   INFO [I initializer 1] - ResourceConfig/rest-api-2017.1 - Root resource classes found:
  class jetbrains.buildServer.server.rest.request.ChangeRequest
  class jetbrains.buildServer.server.rest.request.DebugRequest
  class jetbrains.buildServer.server.rest.swagger.SwaggerResource
  class jetbrains.buildServer.server.rest.request.AgentRequest
  class jetbrains.buildServer.server.rest.request.TestRequest
  class jetbrains.buildServer.server.rest.request.BuildQueueRequest
  class jetbrains.buildServer.server.rest.request.BuildRequest
  class jetbrains.buildServer.server.rest.request.GroupRequest
  class jetbrains.buildServer.server.rest.request.ProblemOccurrenceRequest
  class jetbrains.buildServer.server.rest.request.TestOccurrenceRequest
  class jetbrains.buildServer.server.rest.request.InvestigationRequest
  class jetbrains.buildServer.server.rest.request.MuteRequest
  class jetbrains.buildServer.server.rest.request.FederationRequest
  class jetbrains.buildServer.server.rest.request.VcsRootInstanceRequest
  class jetbrains.buildServer.server.rest.request.ProjectRequest
  class jetbrains.buildServer.server.rest.request.ServerRequest
  class jetbrains.buildServer.server.rest.request.RootApiRequest
  class jetbrains.buildServer.server.rest.request.VcsRootRequest
  class jetbrains.buildServer.server.restcontrib.cctray.request.CCTrayRequest
  class jetbrains.buildServer.server.rest.request.AgentPoolRequest
  class jetbrains.buildServer.server.rest.request.UserRequest
  class jetbrains.buildServer.server.rest.request.BuildTypeRequest
  class jetbrains.buildServer.server.rest.request.ProblemRequest
[2018-11-11 22:46:50,374]   INFO [I initializer 1] - ResourceConfig/rest-api-2017.1 - Provider classes found:
  class jetbrains.buildServer.server.rest.swagger.SwaggerConfigProvider
  class jetbrains.buildServer.server.rest.swagger.SwaggerSerializers
  class jetbrains.buildServer.server.rest.swagger.SwaggerReaderConfigProvider
[2018-11-11 22:46:50,430]   INFO [in 'rest-api' 1] - nsAwareResourceConfig/rest-api - Root resource classes found:
  class jetbrains.buildServer.server.rest.request.BuildTypeRequest
  class jetbrains.buildServer.server.rest.request.RootApiRequest
  class jetbrains.buildServer.server.rest.request.MuteRequest
  class jetbrains.buildServer.server.rest.request.BuildQueueRequest
  class jetbrains.buildServer.server.rest.request.TestRequest
  class jetbrains.buildServer.server.rest.request.ProblemRequest
  class jetbrains.buildServer.server.rest.request.ProblemOccurrenceRequest
  class jetbrains.buildServer.server.rest.request.DebugRequest
  class jetbrains.buildServer.server.rest.request.InvestigationRequest
  class jetbrains.buildServer.server.rest.request.AgentRequest
  class jetbrains.buildServer.server.rest.request.ProjectRequest
  class jetbrains.buildServer.server.rest.request.VcsRootInstanceRequest
  class jetbrains.buildServer.server.rest.swagger.SwaggerResource
  class jetbrains.buildServer.server.rest.request.TestOccurrenceRequest
  class jetbrains.buildServer.server.rest.request.ChangeRequest
  class jetbrains.buildServer.server.rest.request.UserRequest
  class jetbrains.buildServer.server.rest.request.GroupRequest
  class jetbrains.buildServer.server.restcontrib.cctray.request.CCTrayRequest
  class jetbrains.buildServer.server.rest.request.VcsRootRequest
  class jetbrains.buildServer.server.rest.request.BuildRequest
  class jetbrains.buildServer.server.rest.request.ServerRequest
  class jetbrains.buildServer.server.rest.request.AgentPoolRequest
  class jetbrains.buildServer.server.rest.request.FederationRequest
[2018-11-11 22:46:50,431]   INFO [in 'rest-api' 1] - nsAwareResourceConfig/rest-api - Provider classes found:
  class jetbrains.buildServer.server.rest.swagger.SwaggerReaderConfigProvider
  class jetbrains.buildServer.server.rest.swagger.SwaggerConfigProvider
  class jetbrains.buildServer.server.rest.swagger.SwaggerSerializers
[2018-11-12 00:05:12,976]   INFO [TeamCity Server] - est.APIController/rest-api-9.0 - Listening for paths [/app/rest/9.0] in plugin 'rest-api-9.0'
[2018-11-12 00:05:12,977]   INFO [TeamCity Server] - er.rest.APIController/rest-api - Listening for paths [/app/rest/2018.1, /app/rest, /app/rest/latest, /api] in plugin 'rest-api'
[2018-11-12 00:05:12,980]   INFO [TeamCity Server] - .APIController/rest-api-2017.2 - Listening for paths [/app/rest/2017.2] in plugin 'rest-api-2017.2'
[2018-11-12 00:05:12,982]   INFO [TeamCity Server] - est.APIController/rest-api-9.1 - Listening for paths [/app/rest/9.1] in plugin 'rest-api-9.1'
[2018-11-12 00:05:12,984]   INFO [TeamCity Server] - rver.server.rest.APIController - Listening for paths [/app/rest/8.0, /app/rest/8.1] in plugin 'rest-api-8.1'
[2018-11-12 00:05:12,985]   INFO [TeamCity Server] - .APIController/rest-api-2017.1 - Listening for paths [/app/rest/2017.1, /app/rest/10.0] in plugin 'rest-api-2017.1'
[2018-11-12 00:05:12,991]   INFO [I initializer 1] - ResourceConfig/rest-api-2017.2 - Packages registered by rest extensions: [jetbrains.buildServer.server.restcontrib]
[2018-11-12 00:05:12,991]   INFO [in 'rest-api' 1] - nsAwareResourceConfig/rest-api - Packages registered by rest extensions: [jetbrains.buildServer.server.restcontrib]
[2018-11-12 00:05:13,012]   INFO [I initializer 1] - ResourceConfig/rest-api-2017.1 - Packages registered by rest extensions: [jetbrains.buildServer.server.restcontrib]
[2018-11-12 00:05:13,377]   INFO [I initializer 1] - ResourceConfig/rest-api-2017.1 - Root resource classes found:
  class jetbrains.buildServer.server.rest.request.ProblemRequest
  class jetbrains.buildServer.server.rest.request.AgentRequest
  class jetbrains.buildServer.server.rest.request.TestOccurrenceRequest
  class jetbrains.buildServer.server.rest.request.ServerRequest
  class jetbrains.buildServer.server.rest.request.ProblemOccurrenceRequest
  class jetbrains.buildServer.server.rest.request.TestRequest
  class jetbrains.buildServer.server.rest.request.UserRequest
  class jetbrains.buildServer.server.rest.request.BuildQueueRequest
  class jetbrains.buildServer.server.rest.request.BuildRequest
  class jetbrains.buildServer.server.rest.request.DebugRequest
  class jetbrains.buildServer.server.rest.request.FederationRequest
  class jetbrains.buildServer.server.rest.request.InvestigationRequest
  class jetbrains.buildServer.server.rest.request.MuteRequest
  class jetbrains.buildServer.server.rest.request.ProjectRequest
  class jetbrains.buildServer.server.restcontrib.cctray.request.CCTrayRequest
  class jetbrains.buildServer.server.rest.request.RootApiRequest
  class jetbrains.buildServer.server.rest.request.AgentPoolRequest
  class jetbrains.buildServer.server.rest.request.VcsRootInstanceRequest
  class jetbrains.buildServer.server.rest.request.ChangeRequest
  class jetbrains.buildServer.server.rest.request.VcsRootRequest
  class jetbrains.buildServer.server.rest.request.BuildTypeRequest
  class jetbrains.buildServer.server.rest.request.GroupRequest
  class jetbrains.buildServer.server.rest.swagger.SwaggerResource
[2018-11-12 00:05:13,377]   INFO [I initializer 1] - ResourceConfig/rest-api-2017.1 - Provider classes found:
  class jetbrains.buildServer.server.rest.swagger.SwaggerConfigProvider
  class jetbrains.buildServer.server.rest.swagger.SwaggerReaderConfigProvider
  class jetbrains.buildServer.server.rest.swagger.SwaggerSerializers
[2018-11-12 00:05:13,400]   INFO [in 'rest-api' 1] - nsAwareResourceConfig/rest-api - Root resource classes found:
  class jetbrains.buildServer.server.rest.request.ChangeRequest
  class jetbrains.buildServer.server.restcontrib.cctray.request.CCTrayRequest
  class jetbrains.buildServer.server.rest.request.FederationRequest
  class jetbrains.buildServer.server.rest.swagger.SwaggerResource
  class jetbrains.buildServer.server.rest.request.TestRequest
  class jetbrains.buildServer.server.rest.request.GroupRequest
  class jetbrains.buildServer.server.rest.request.AgentPoolRequest
  class jetbrains.buildServer.server.rest.request.BuildRequest
  class jetbrains.buildServer.server.rest.request.BuildTypeRequest
  class jetbrains.buildServer.server.rest.request.VcsRootInstanceRequest
  class jetbrains.buildServer.server.rest.request.BuildQueueRequest
  class jetbrains.buildServer.server.rest.request.ProjectRequest
  class jetbrains.buildServer.server.rest.request.InvestigationRequest
  class jetbrains.buildServer.server.rest.request.TestOccurrenceRequest
  class jetbrains.buildServer.server.rest.request.MuteRequest
  class jetbrains.buildServer.server.rest.request.AgentRequest
  class jetbrains.buildServer.server.rest.request.DebugRequest
  class jetbrains.buildServer.server.rest.request.ProblemOccurrenceRequest
  class jetbrains.buildServer.server.rest.request.ServerRequest
  class jetbrains.buildServer.server.rest.request.VcsRootRequest
  class jetbrains.buildServer.server.rest.request.ProblemRequest
  class jetbrains.buildServer.server.rest.request.RootApiRequest
  class jetbrains.buildServer.server.rest.request.UserRequest
[2018-11-12 00:05:13,401]   INFO [in 'rest-api' 1] - nsAwareResourceConfig/rest-api - Provider classes found:
  class jetbrains.buildServer.server.rest.swagger.SwaggerReaderConfigProvider
  class jetbrains.buildServer.server.rest.swagger.SwaggerSerializers
  class jetbrains.buildServer.server.rest.swagger.SwaggerConfigProvider
[2018-11-12 00:05:13,432]   INFO [I initializer 1] - ResourceConfig/rest-api-2017.2 - Root resource classes found:
  class jetbrains.buildServer.server.rest.request.ProjectRequest
  class jetbrains.buildServer.server.rest.request.BuildTypeRequest
  class jetbrains.buildServer.server.rest.request.TestOccurrenceRequest
  class jetbrains.buildServer.server.rest.request.UserRequest
  class jetbrains.buildServer.server.rest.request.RootApiRequest
  class jetbrains.buildServer.server.rest.request.ProblemRequest
  class jetbrains.buildServer.server.rest.request.VcsRootInstanceRequest
  class jetbrains.buildServer.server.rest.request.ServerRequest
  class jetbrains.buildServer.server.rest.request.VcsRootRequest
  class jetbrains.buildServer.server.rest.request.BuildQueueRequest
  class jetbrains.buildServer.server.rest.request.DebugRequest
  class jetbrains.buildServer.server.rest.request.TestRequest
  class jetbrains.buildServer.server.rest.request.ChangeRequest
  class jetbrains.buildServer.server.rest.request.ProblemOccurrenceRequest
  class jetbrains.buildServer.server.rest.request.AgentPoolRequest
  class jetbrains.buildServer.server.rest.request.AgentRequest
  class jetbrains.buildServer.server.rest.request.FederationRequest
  class jetbrains.buildServer.server.rest.request.InvestigationRequest
  class jetbrains.buildServer.server.restcontrib.cctray.request.CCTrayRequest
  class jetbrains.buildServer.server.rest.request.BuildRequest
  class jetbrains.buildServer.server.rest.swagger.SwaggerResource
  class jetbrains.buildServer.server.rest.request.MuteRequest
  class jetbrains.buildServer.server.rest.request.GroupRequest
[2018-11-12 00:05:13,433]   INFO [I initializer 1] - ResourceConfig/rest-api-2017.2 - Provider classes found:
  class jetbrains.buildServer.server.rest.swagger.SwaggerReaderConfigProvider
  class jetbrains.buildServer.server.rest.swagger.SwaggerConfigProvider
  class jetbrains.buildServer.server.rest.swagger.SwaggerSerializers
[2018-11-12 00:11:06,749]   INFO [TeamCity Server] - .APIController/rest-api-2017.2 - Listening for paths [/app/rest/2017.2] in plugin 'rest-api-2017.2'
[2018-11-12 00:11:06,752]   INFO [TeamCity Server] - rver.server.rest.APIController - Listening for paths [/app/rest/8.0, /app/rest/8.1] in plugin 'rest-api-8.1'
[2018-11-12 00:11:06,753]   INFO [TeamCity Server] - est.APIController/rest-api-9.1 - Listening for paths [/app/rest/9.1] in plugin 'rest-api-9.1'
[2018-11-12 00:11:06,753]   INFO [TeamCity Server] - .APIController/rest-api-2017.1 - Listening for paths [/app/rest/2017.1, /app/rest/10.0] in plugin 'rest-api-2017.1'
[2018-11-12 00:11:06,756]   INFO [TeamCity Server] - er.rest.APIController/rest-api - Listening for paths [/app/rest/2018.1, /app/rest, /app/rest/latest, /api] in plugin 'rest-api'
[2018-11-12 00:11:06,759]   INFO [TeamCity Server] - est.APIController/rest-api-9.0 - Listening for paths [/app/rest/9.0] in plugin 'rest-api-9.0'
[2018-11-12 00:11:06,760]   INFO [I initializer 1] - ResourceConfig/rest-api-2017.2 - Packages registered by rest extensions: [jetbrains.buildServer.server.restcontrib]
[2018-11-12 00:11:06,774]   INFO [I initializer 1] - ResourceConfig/rest-api-2017.1 - Packages registered by rest extensions: [jetbrains.buildServer.server.restcontrib]
[2018-11-12 00:11:06,783]   INFO [in 'rest-api' 1] - nsAwareResourceConfig/rest-api - Packages registered by rest extensions: [jetbrains.buildServer.server.restcontrib]
[2018-11-12 00:11:07,105]   INFO [I initializer 1] - ResourceConfig/rest-api-2017.2 - Root resource classes found:
  class jetbrains.buildServer.server.rest.request.ProblemRequest
  class jetbrains.buildServer.server.rest.request.GroupRequest
  class jetbrains.buildServer.server.rest.request.TestRequest
  class jetbrains.buildServer.server.rest.request.FederationRequest
  class jetbrains.buildServer.server.rest.request.TestOccurrenceRequest
  class jetbrains.buildServer.server.rest.request.VcsRootRequest
  class jetbrains.buildServer.server.rest.request.BuildTypeRequest
  class jetbrains.buildServer.server.rest.request.UserRequest
  class jetbrains.buildServer.server.rest.request.BuildRequest
  class jetbrains.buildServer.server.rest.request.ProblemOccurrenceRequest
  class jetbrains.buildServer.server.rest.request.VcsRootInstanceRequest
  class jetbrains.buildServer.server.restcontrib.cctray.request.CCTrayRequest
  class jetbrains.buildServer.server.rest.request.ServerRequest
  class jetbrains.buildServer.server.rest.request.ChangeRequest
  class jetbrains.buildServer.server.rest.request.BuildQueueRequest
  class jetbrains.buildServer.server.rest.request.AgentPoolRequest
  class jetbrains.buildServer.server.rest.request.AgentRequest
  class jetbrains.buildServer.server.rest.request.InvestigationRequest
  class jetbrains.buildServer.server.rest.swagger.SwaggerResource
  class jetbrains.buildServer.server.rest.request.MuteRequest
  class jetbrains.buildServer.server.rest.request.ProjectRequest
  class jetbrains.buildServer.server.rest.request.RootApiRequest
  class jetbrains.buildServer.server.rest.request.DebugRequest
[2018-11-12 00:11:07,105]   INFO [I initializer 1] - ResourceConfig/rest-api-2017.2 - Provider classes found:
  class jetbrains.buildServer.server.rest.swagger.SwaggerConfigProvider
  class jetbrains.buildServer.server.rest.swagger.SwaggerReaderConfigProvider
  class jetbrains.buildServer.server.rest.swagger.SwaggerSerializers
[2018-11-12 00:11:07,145]   INFO [I initializer 1] - ResourceConfig/rest-api-2017.1 - Root resource classes found:
  class jetbrains.buildServer.server.rest.request.RootApiRequest
  class jetbrains.buildServer.server.rest.request.DebugRequest
  class jetbrains.buildServer.server.rest.request.GroupRequest
  class jetbrains.buildServer.server.rest.request.UserRequest
  class jetbrains.buildServer.server.rest.request.InvestigationRequest
  class jetbrains.buildServer.server.rest.request.ProblemRequest
  class jetbrains.buildServer.server.rest.request.AgentPoolRequest
  class jetbrains.buildServer.server.rest.request.VcsRootRequest
  class jetbrains.buildServer.server.rest.swagger.SwaggerResource
  class jetbrains.buildServer.server.rest.request.ServerRequest
  class jetbrains.buildServer.server.rest.request.MuteRequest
  class jetbrains.buildServer.server.restcontrib.cctray.request.CCTrayRequest
  class jetbrains.buildServer.server.rest.request.ProjectRequest
  class jetbrains.buildServer.server.rest.request.TestOccurrenceRequest
  class jetbrains.buildServer.server.rest.request.BuildQueueRequest
  class jetbrains.buildServer.server.rest.request.VcsRootInstanceRequest
  class jetbrains.buildServer.server.rest.request.AgentRequest
  class jetbrains.buildServer.server.rest.request.BuildRequest
  class jetbrains.buildServer.server.rest.request.BuildTypeRequest
  class jetbrains.buildServer.server.rest.request.ChangeRequest
  class jetbrains.buildServer.server.rest.request.FederationRequest
  class jetbrains.buildServer.server.rest.request.ProblemOccurrenceRequest
  class jetbrains.buildServer.server.rest.request.TestRequest
[2018-11-12 00:11:07,147]   INFO [I initializer 1] - ResourceConfig/rest-api-2017.1 - Provider classes found:
  class jetbrains.buildServer.server.rest.swagger.SwaggerConfigProvider
  class jetbrains.buildServer.server.rest.swagger.SwaggerReaderConfigProvider
  class jetbrains.buildServer.server.rest.swagger.SwaggerSerializers
[2018-11-12 00:11:07,196]   INFO [in 'rest-api' 1] - nsAwareResourceConfig/rest-api - Root resource classes found:
  class jetbrains.buildServer.server.rest.request.InvestigationRequest
  class jetbrains.buildServer.server.rest.swagger.SwaggerResource
  class jetbrains.buildServer.server.rest.request.BuildQueueRequest
  class jetbrains.buildServer.server.rest.request.MuteRequest
  class jetbrains.buildServer.server.rest.request.VcsRootRequest
  class jetbrains.buildServer.server.rest.request.ChangeRequest
  class jetbrains.buildServer.server.rest.request.BuildRequest
  class jetbrains.buildServer.server.restcontrib.cctray.request.CCTrayRequest
  class jetbrains.buildServer.server.rest.request.FederationRequest
  class jetbrains.buildServer.server.rest.request.TestOccurrenceRequest
  class jetbrains.buildServer.server.rest.request.UserRequest
  class jetbrains.buildServer.server.rest.request.RootApiRequest
  class jetbrains.buildServer.server.rest.request.ProjectRequest
  class jetbrains.buildServer.server.rest.request.TestRequest
  class jetbrains.buildServer.server.rest.request.AgentPoolRequest
  class jetbrains.buildServer.server.rest.request.ServerRequest
  class jetbrains.buildServer.server.rest.request.VcsRootInstanceRequest
  class jetbrains.buildServer.server.rest.request.AgentRequest
  class jetbrains.buildServer.server.rest.request.ProblemOccurrenceRequest
  class jetbrains.buildServer.server.rest.request.GroupRequest
  class jetbrains.buildServer.server.rest.request.DebugRequest
  class jetbrains.buildServer.server.rest.request.BuildTypeRequest
  class jetbrains.buildServer.server.rest.request.ProblemRequest
[2018-11-12 00:11:07,197]   INFO [in 'rest-api' 1] - nsAwareResourceConfig/rest-api - Provider classes found:
  class jetbrains.buildServer.server.rest.swagger.SwaggerReaderConfigProvider
  class jetbrains.buildServer.server.rest.swagger.SwaggerSerializers
  class jetbrains.buildServer.server.rest.swagger.SwaggerConfigProvider
[2018-11-12 00:41:03,939]   INFO [TeamCity Server] - est.APIController/rest-api-9.0 - Listening for paths [/app/rest/9.0] in plugin 'rest-api-9.0'
[2018-11-12 00:41:03,941]   INFO [TeamCity Server] - est.APIController/rest-api-9.1 - Listening for paths [/app/rest/9.1] in plugin 'rest-api-9.1'
[2018-11-12 00:41:03,942]   INFO [TeamCity Server] - er.rest.APIController/rest-api - Listening for paths [/app/rest/2018.1, /app/rest, /app/rest/latest, /api] in plugin 'rest-api'
[2018-11-12 00:41:03,946]   INFO [TeamCity Server] - rver.server.rest.APIController - Listening for paths [/app/rest/8.0, /app/rest/8.1] in plugin 'rest-api-8.1'
[2018-11-12 00:41:03,947]   INFO [TeamCity Server] - .APIController/rest-api-2017.2 - Listening for paths [/app/rest/2017.2] in plugin 'rest-api-2017.2'
[2018-11-12 00:41:03,951]   INFO [TeamCity Server] - .APIController/rest-api-2017.1 - Listening for paths [/app/rest/2017.1, /app/rest/10.0] in plugin 'rest-api-2017.1'
[2018-11-12 00:41:03,957]   INFO [in 'rest-api' 1] - nsAwareResourceConfig/rest-api - Packages registered by rest extensions: [jetbrains.buildServer.server.restcontrib]
[2018-11-12 00:41:03,961]   INFO [I initializer 1] - ResourceConfig/rest-api-2017.2 - Packages registered by rest extensions: [jetbrains.buildServer.server.restcontrib]
[2018-11-12 00:41:03,966]   INFO [I initializer 1] - ResourceConfig/rest-api-2017.1 - Packages registered by rest extensions: [jetbrains.buildServer.server.restcontrib]
[2018-11-12 00:41:04,343]   INFO [in 'rest-api' 1] - nsAwareResourceConfig/rest-api - Root resource classes found:
  class jetbrains.buildServer.server.rest.request.BuildTypeRequest
  class jetbrains.buildServer.server.rest.request.BuildQueueRequest
  class jetbrains.buildServer.server.rest.request.RootApiRequest
  class jetbrains.buildServer.server.rest.request.AgentRequest
  class jetbrains.buildServer.server.rest.request.TestRequest
  class jetbrains.buildServer.server.rest.request.InvestigationRequest
  class jetbrains.buildServer.server.rest.request.AgentPoolRequest
  class jetbrains.buildServer.server.rest.request.BuildRequest
  class jetbrains.buildServer.server.rest.request.ProjectRequest
  class jetbrains.buildServer.server.rest.request.VcsRootRequest
  class jetbrains.buildServer.server.rest.request.DebugRequest
  class jetbrains.buildServer.server.rest.request.ServerRequest
  class jetbrains.buildServer.server.rest.request.FederationRequest
  class jetbrains.buildServer.server.rest.request.MuteRequest
  class jetbrains.buildServer.server.restcontrib.cctray.request.CCTrayRequest
  class jetbrains.buildServer.server.rest.request.GroupRequest
  class jetbrains.buildServer.server.rest.request.TestOccurrenceRequest
  class jetbrains.buildServer.server.rest.request.UserRequest
  class jetbrains.buildServer.server.rest.request.ProblemRequest
  class jetbrains.buildServer.server.rest.swagger.SwaggerResource
  class jetbrains.buildServer.server.rest.request.ChangeRequest
  class jetbrains.buildServer.server.rest.request.ProblemOccurrenceRequest
  class jetbrains.buildServer.server.rest.request.VcsRootInstanceRequest
[2018-11-12 00:41:04,343]   INFO [in 'rest-api' 1] - nsAwareResourceConfig/rest-api - Provider classes found:
  class jetbrains.buildServer.server.rest.swagger.SwaggerReaderConfigProvider
  class jetbrains.buildServer.server.rest.swagger.SwaggerSerializers
  class jetbrains.buildServer.server.rest.swagger.SwaggerConfigProvider
[2018-11-12 00:41:04,389]   INFO [I initializer 1] - ResourceConfig/rest-api-2017.2 - Root resource classes found:
  class jetbrains.buildServer.server.rest.request.AgentPoolRequest
  class jetbrains.buildServer.server.rest.request.VcsRootInstanceRequest
  class jetbrains.buildServer.server.rest.request.TestOccurrenceRequest
  class jetbrains.buildServer.server.rest.request.BuildTypeRequest
  class jetbrains.buildServer.server.rest.request.FederationRequest
  class jetbrains.buildServer.server.rest.request.MuteRequest
  class jetbrains.buildServer.server.rest.request.BuildRequest
  class jetbrains.buildServer.server.rest.request.DebugRequest
  class jetbrains.buildServer.server.rest.request.BuildQueueRequest
  class jetbrains.buildServer.server.rest.request.InvestigationRequest
  class jetbrains.buildServer.server.rest.request.ServerRequest
  class jetbrains.buildServer.server.restcontrib.cctray.request.CCTrayRequest
  class jetbrains.buildServer.server.rest.request.AgentRequest
  class jetbrains.buildServer.server.rest.request.TestRequest
  class jetbrains.buildServer.server.rest.request.UserRequest
  class jetbrains.buildServer.server.rest.request.VcsRootRequest
  class jetbrains.buildServer.server.rest.swagger.SwaggerResource
  class jetbrains.buildServer.server.rest.request.GroupRequest
  class jetbrains.buildServer.server.rest.request.ProjectRequest
  class jetbrains.buildServer.server.rest.request.ChangeRequest
  class jetbrains.buildServer.server.rest.request.ProblemRequest
  class jetbrains.buildServer.server.rest.request.RootApiRequest
  class jetbrains.buildServer.server.rest.request.ProblemOccurrenceRequest
[2018-11-12 00:41:04,389]   INFO [I initializer 1] - ResourceConfig/rest-api-2017.2 - Provider classes found:
  class jetbrains.buildServer.server.rest.swagger.SwaggerConfigProvider
  class jetbrains.buildServer.server.rest.swagger.SwaggerReaderConfigProvider
  class jetbrains.buildServer.server.rest.swagger.SwaggerSerializers
[2018-11-12 00:41:04,431]   INFO [I initializer 1] - ResourceConfig/rest-api-2017.1 - Root resource classes found:
  class jetbrains.buildServer.server.rest.request.InvestigationRequest
  class jetbrains.buildServer.server.rest.request.ProblemRequest
  class jetbrains.buildServer.server.rest.request.RootApiRequest
  class jetbrains.buildServer.server.rest.request.VcsRootRequest
  class jetbrains.buildServer.server.rest.request.VcsRootInstanceRequest
  class jetbrains.buildServer.server.rest.request.FederationRequest
  class jetbrains.buildServer.server.rest.request.ServerRequest
  class jetbrains.buildServer.server.restcontrib.cctray.request.CCTrayRequest
  class jetbrains.buildServer.server.rest.request.BuildTypeRequest
  class jetbrains.buildServer.server.rest.request.ProblemOccurrenceRequest
  class jetbrains.buildServer.server.rest.request.AgentPoolRequest
  class jetbrains.buildServer.server.rest.request.ProjectRequest
  class jetbrains.buildServer.server.rest.request.TestRequest
  class jetbrains.buildServer.server.rest.request.ChangeRequest
  class jetbrains.buildServer.server.rest.request.BuildRequest
  class jetbrains.buildServer.server.rest.request.GroupRequest
  class jetbrains.buildServer.server.rest.request.UserRequest
  class jetbrains.buildServer.server.rest.swagger.SwaggerResource
  class jetbrains.buildServer.server.rest.request.DebugRequest
  class jetbrains.buildServer.server.rest.request.TestOccurrenceRequest
  class jetbrains.buildServer.server.rest.request.AgentRequest
  class jetbrains.buildServer.server.rest.request.MuteRequest
  class jetbrains.buildServer.server.rest.request.BuildQueueRequest
[2018-11-12 00:41:04,432]   INFO [I initializer 1] - ResourceConfig/rest-api-2017.1 - Provider classes found:
  class jetbrains.buildServer.server.rest.swagger.SwaggerReaderConfigProvider
  class jetbrains.buildServer.server.rest.swagger.SwaggerSerializers
  class jetbrains.buildServer.server.rest.swagger.SwaggerConfigProvider
