/*C3*/SET SCHEMA PUBLIC
DISCONNECT
/*C6*/SET SCHEMA PUBLIC
DELETE FROM BUILD_ATTRS WHERE BUILD_STATE_ID=18 AND ATTR_NAME='teamcity.build.buildTypeArtifactsPath'
INSERT INTO BUILD_ATTRS VALUES(18,'teamcity.build.buildTypeArtifactsPath','Sharifyr/Server Social',NULL)
COMMIT
INSERT INTO NODE_EVENTS VALUES(516,'buildPromotionPersisted',18,NULL,NULL,'MAIN_SERVER','2018-11-12 03:00:00.515000')
COMMIT
DELETE FROM CLEANUP_HISTORY WHERE PROC_ID=1
INSERT INTO CLEANUP_HISTORY VALUES(1,1541991600003,1541991600561,NULL)
COMMIT
INSERT INTO NODE_EVENTS VALUES(517,'cleanupFinished',NULL,NULL,NULL,'MAIN_SERVER','2018-11-12 03:00:00.570000')
COMMIT
/*C5*/SET SCHEMA PUBLIC
DELETE FROM NODE_EVENTS WHERE ID=345
DELETE FROM NODE_EVENTS WHERE ID=346
DELETE FROM NODE_EVENTS WHERE ID=347
DELETE FROM NODE_EVENTS WHERE ID=348
DELETE FROM NODE_EVENTS WHERE ID=349
DELETE FROM NODE_EVENTS WHERE ID=350
DELETE FROM NODE_EVENTS WHERE ID=351
DELETE FROM NODE_EVENTS WHERE ID=352
DELETE FROM NODE_EVENTS WHERE ID=353
DELETE FROM NODE_EVENTS WHERE ID=354
DELETE FROM NODE_EVENTS WHERE ID=355
COMMIT
DELETE FROM AGENT WHERE ID=1
INSERT INTO AGENT VALUES(1,'dockerteamcity_teamcity-agent_1','172.25.0.3',9090,1,1,1,1,1541983278683,1541991625844,NULL,'f7c1bd4d4435834793c63da95d905beb',NULL,NULL)
COMMIT
INSERT INTO NODE_EVENTS VALUES(518,'agentUpdated',1,NULL,'58658:58658:58658-md5-b5c6e637596aa470342ed1698408fb38:58658-md5-b5c6e637596aa470342ed1698408fb38','MAIN_SERVER','2018-11-12 03:00:25.846000')
COMMIT
/*C6*/DELETE FROM NODE_EVENTS WHERE ID=356
DELETE FROM NODE_EVENTS WHERE ID=357
DELETE FROM NODE_EVENTS WHERE ID=358
DELETE FROM NODE_EVENTS WHERE ID=359
COMMIT
/*C5*/DELETE FROM NODE_EVENTS WHERE ID=360
COMMIT
